[0.109s] DEBUG:colcon:Command line arguments: ['/usr/bin/colcon', 'build', '--symlink-install']
[0.109s] DEBUG:colcon:Parsed command line arguments: Namespace(log_base=None, log_level=None, verb_name='build', build_base='build', install_base='install', merge_install=False, symlink_install=True, test_result_base=None, continue_on_error=False, executor='parallel', parallel_workers=8, event_handlers=None, ignore_user_meta=False, metas=['./colcon.meta'], base_paths=['.'], packages_ignore=None, packages_ignore_regex=None, paths=None, packages_up_to=None, packages_up_to_regex=None, packages_above=None, packages_above_and_dependencies=None, packages_above_depth=None, packages_select_by_dep=None, packages_skip_by_dep=None, packages_skip_up_to=None, packages_select_build_failed=False, packages_skip_build_finished=False, packages_select_test_failures=False, packages_skip_test_passed=False, packages_select=None, packages_skip=None, packages_select_regex=None, packages_skip_regex=None, packages_start=None, packages_end=None, allow_overriding=[], cmake_args=None, cmake_target=None, cmake_target_skip_unavailable=False, cmake_clean_cache=False, cmake_clean_first=False, cmake_force_configure=False, ament_cmake_args=None, catkin_cmake_args=None, catkin_skip_building_tests=False, mixin_files=None, mixin=None, verb_parser=<colcon_mixin.mixin.mixin_argument.MixinArgumentDecorator object at 0x75fd95c60310>, verb_extension=<colcon_core.verb.build.BuildVerb object at 0x75fd95d99210>, main=<bound method BuildVerb.main of <colcon_core.verb.build.BuildVerb object at 0x75fd95d99210>>, mixin_verb=('build',))
[0.259s] Level 1:colcon.colcon_core.package_discovery:discover_packages(colcon_meta) check parameters
[0.259s] Level 1:colcon.colcon_core.package_discovery:discover_packages(recursive) check parameters
[0.259s] Level 1:colcon.colcon_core.package_discovery:discover_packages(ignore) check parameters
[0.259s] Level 1:colcon.colcon_core.package_discovery:discover_packages(path) check parameters
[0.259s] Level 1:colcon.colcon_core.package_discovery:discover_packages(colcon_meta) discover
[0.259s] Level 1:colcon.colcon_core.package_discovery:discover_packages(recursive) discover
[0.259s] INFO:colcon.colcon_core.package_discovery:Crawling recursively for packages in '/home/sun/ros2_ws'
[0.259s] Level 1:colcon.colcon_core.package_identification:_identify(.) by extensions ['ignore', 'ignore_ament_install']
[0.259s] Level 1:colcon.colcon_core.package_identification:_identify(.) by extension 'ignore'
[0.259s] Level 1:colcon.colcon_core.package_identification:_identify(.) by extension 'ignore_ament_install'
[0.259s] Level 1:colcon.colcon_core.package_identification:_identify(.) by extensions ['colcon_pkg']
[0.259s] Level 1:colcon.colcon_core.package_identification:_identify(.) by extension 'colcon_pkg'
[0.259s] Level 1:colcon.colcon_core.package_identification:_identify(.) by extensions ['colcon_meta']
[0.260s] Level 1:colcon.colcon_core.package_identification:_identify(.) by extension 'colcon_meta'
[0.260s] Level 1:colcon.colcon_core.package_identification:_identify(.) by extensions ['ros']
[0.260s] Level 1:colcon.colcon_core.package_identification:_identify(.) by extension 'ros'
[0.277s] Level 1:colcon.colcon_core.package_identification:_identify(.) by extensions ['cmake', 'python']
[0.277s] Level 1:colcon.colcon_core.package_identification:_identify(.) by extension 'cmake'
[0.277s] Level 1:colcon.colcon_core.package_identification:_identify(.) by extension 'python'
[0.277s] Level 1:colcon.colcon_core.package_identification:_identify(.) by extensions ['python_setup_py']
[0.277s] Level 1:colcon.colcon_core.package_identification:_identify(.) by extension 'python_setup_py'
[0.277s] Level 1:colcon.colcon_core.package_identification:_identify(best) by extensions ['ignore', 'ignore_ament_install']
[0.278s] Level 1:colcon.colcon_core.package_identification:_identify(best) by extension 'ignore'
[0.278s] Level 1:colcon.colcon_core.package_identification:_identify(best) by extension 'ignore_ament_install'
[0.278s] Level 1:colcon.colcon_core.package_identification:_identify(best) by extensions ['colcon_pkg']
[0.278s] Level 1:colcon.colcon_core.package_identification:_identify(best) by extension 'colcon_pkg'
[0.278s] Level 1:colcon.colcon_core.package_identification:_identify(best) by extensions ['colcon_meta']
[0.278s] Level 1:colcon.colcon_core.package_identification:_identify(best) by extension 'colcon_meta'
[0.278s] Level 1:colcon.colcon_core.package_identification:_identify(best) by extensions ['ros']
[0.278s] Level 1:colcon.colcon_core.package_identification:_identify(best) by extension 'ros'
[0.278s] Level 1:colcon.colcon_core.package_identification:_identify(best) by extensions ['cmake', 'python']
[0.278s] Level 1:colcon.colcon_core.package_identification:_identify(best) by extension 'cmake'
[0.278s] Level 1:colcon.colcon_core.package_identification:_identify(best) by extension 'python'
[0.278s] Level 1:colcon.colcon_core.package_identification:_identify(best) by extensions ['python_setup_py']
[0.278s] Level 1:colcon.colcon_core.package_identification:_identify(best) by extension 'python_setup_py'
[0.278s] Level 1:colcon.colcon_core.package_identification:_identify(best/data) by extensions ['ignore', 'ignore_ament_install']
[0.279s] Level 1:colcon.colcon_core.package_identification:_identify(best/data) by extension 'ignore'
[0.279s] Level 1:colcon.colcon_core.package_identification:_identify(best/data) by extension 'ignore_ament_install'
[0.279s] Level 1:colcon.colcon_core.package_identification:_identify(best/data) by extensions ['colcon_pkg']
[0.279s] Level 1:colcon.colcon_core.package_identification:_identify(best/data) by extension 'colcon_pkg'
[0.279s] Level 1:colcon.colcon_core.package_identification:_identify(best/data) by extensions ['colcon_meta']
[0.279s] Level 1:colcon.colcon_core.package_identification:_identify(best/data) by extension 'colcon_meta'
[0.279s] Level 1:colcon.colcon_core.package_identification:_identify(best/data) by extensions ['ros']
[0.279s] Level 1:colcon.colcon_core.package_identification:_identify(best/data) by extension 'ros'
[0.279s] Level 1:colcon.colcon_core.package_identification:_identify(best/data) by extensions ['cmake', 'python']
[0.279s] Level 1:colcon.colcon_core.package_identification:_identify(best/data) by extension 'cmake'
[0.279s] Level 1:colcon.colcon_core.package_identification:_identify(best/data) by extension 'python'
[0.279s] Level 1:colcon.colcon_core.package_identification:_identify(best/data) by extensions ['python_setup_py']
[0.279s] Level 1:colcon.colcon_core.package_identification:_identify(best/data) by extension 'python_setup_py'
[0.279s] Level 1:colcon.colcon_core.package_identification:_identify(build) by extensions ['ignore', 'ignore_ament_install']
[0.279s] Level 1:colcon.colcon_core.package_identification:_identify(build) by extension 'ignore'
[0.279s] Level 1:colcon.colcon_core.package_identification:_identify(build) ignored
[0.279s] Level 1:colcon.colcon_core.package_identification:_identify(install) by extensions ['ignore', 'ignore_ament_install']
[0.280s] Level 1:colcon.colcon_core.package_identification:_identify(install) by extension 'ignore'
[0.280s] Level 1:colcon.colcon_core.package_identification:_identify(install) ignored
[0.280s] Level 1:colcon.colcon_core.package_identification:_identify(log) by extensions ['ignore', 'ignore_ament_install']
[0.280s] Level 1:colcon.colcon_core.package_identification:_identify(log) by extension 'ignore'
[0.280s] Level 1:colcon.colcon_core.package_identification:_identify(log) ignored
[0.280s] Level 1:colcon.colcon_core.package_identification:_identify(src) by extensions ['ignore', 'ignore_ament_install']
[0.280s] Level 1:colcon.colcon_core.package_identification:_identify(src) by extension 'ignore'
[0.280s] Level 1:colcon.colcon_core.package_identification:_identify(src) by extension 'ignore_ament_install'
[0.280s] Level 1:colcon.colcon_core.package_identification:_identify(src) by extensions ['colcon_pkg']
[0.280s] Level 1:colcon.colcon_core.package_identification:_identify(src) by extension 'colcon_pkg'
[0.280s] Level 1:colcon.colcon_core.package_identification:_identify(src) by extensions ['colcon_meta']
[0.280s] Level 1:colcon.colcon_core.package_identification:_identify(src) by extension 'colcon_meta'
[0.280s] Level 1:colcon.colcon_core.package_identification:_identify(src) by extensions ['ros']
[0.280s] Level 1:colcon.colcon_core.package_identification:_identify(src) by extension 'ros'
[0.280s] Level 1:colcon.colcon_core.package_identification:_identify(src) by extensions ['cmake', 'python']
[0.280s] Level 1:colcon.colcon_core.package_identification:_identify(src) by extension 'cmake'
[0.280s] Level 1:colcon.colcon_core.package_identification:_identify(src) by extension 'python'
[0.280s] Level 1:colcon.colcon_core.package_identification:_identify(src) by extensions ['python_setup_py']
[0.280s] Level 1:colcon.colcon_core.package_identification:_identify(src) by extension 'python_setup_py'
[0.280s] Level 1:colcon.colcon_core.package_identification:_identify(src/camera_perception_pkg) by extensions ['ignore', 'ignore_ament_install']
[0.281s] Level 1:colcon.colcon_core.package_identification:_identify(src/camera_perception_pkg) by extension 'ignore'
[0.281s] Level 1:colcon.colcon_core.package_identification:_identify(src/camera_perception_pkg) by extension 'ignore_ament_install'
[0.281s] Level 1:colcon.colcon_core.package_identification:_identify(src/camera_perception_pkg) by extensions ['colcon_pkg']
[0.281s] Level 1:colcon.colcon_core.package_identification:_identify(src/camera_perception_pkg) by extension 'colcon_pkg'
[0.281s] Level 1:colcon.colcon_core.package_identification:_identify(src/camera_perception_pkg) by extensions ['colcon_meta']
[0.281s] Level 1:colcon.colcon_core.package_identification:_identify(src/camera_perception_pkg) by extension 'colcon_meta'
[0.281s] Level 1:colcon.colcon_core.package_identification:_identify(src/camera_perception_pkg) by extensions ['ros']
[0.281s] Level 1:colcon.colcon_core.package_identification:_identify(src/camera_perception_pkg) by extension 'ros'
[0.283s] DEBUG:colcon.colcon_core.package_identification:Package 'src/camera_perception_pkg' with type 'ros.ament_python' and name 'camera_perception_pkg'
[0.283s] Level 1:colcon.colcon_core.package_identification:_identify(src/control) by extensions ['ignore', 'ignore_ament_install']
[0.283s] Level 1:colcon.colcon_core.package_identification:_identify(src/control) by extension 'ignore'
[0.283s] Level 1:colcon.colcon_core.package_identification:_identify(src/control) by extension 'ignore_ament_install'
[0.284s] Level 1:colcon.colcon_core.package_identification:_identify(src/control) by extensions ['colcon_pkg']
[0.284s] Level 1:colcon.colcon_core.package_identification:_identify(src/control) by extension 'colcon_pkg'
[0.284s] Level 1:colcon.colcon_core.package_identification:_identify(src/control) by extensions ['colcon_meta']
[0.284s] Level 1:colcon.colcon_core.package_identification:_identify(src/control) by extension 'colcon_meta'
[0.284s] Level 1:colcon.colcon_core.package_identification:_identify(src/control) by extensions ['ros']
[0.284s] Level 1:colcon.colcon_core.package_identification:_identify(src/control) by extension 'ros'
[0.284s] Level 1:colcon.colcon_core.package_identification:_identify(src/control) by extensions ['cmake', 'python']
[0.284s] Level 1:colcon.colcon_core.package_identification:_identify(src/control) by extension 'cmake'
[0.284s] Level 1:colcon.colcon_core.package_identification:_identify(src/control) by extension 'python'
[0.284s] Level 1:colcon.colcon_core.package_identification:_identify(src/control) by extensions ['python_setup_py']
[0.284s] Level 1:colcon.colcon_core.package_identification:_identify(src/control) by extension 'python_setup_py'
[0.284s] Level 1:colcon.colcon_core.package_identification:_identify(src/control/check_variable_resistor) by extensions ['ignore', 'ignore_ament_install']
[0.284s] Level 1:colcon.colcon_core.package_identification:_identify(src/control/check_variable_resistor) by extension 'ignore'
[0.284s] Level 1:colcon.colcon_core.package_identification:_identify(src/control/check_variable_resistor) by extension 'ignore_ament_install'
[0.284s] Level 1:colcon.colcon_core.package_identification:_identify(src/control/check_variable_resistor) by extensions ['colcon_pkg']
[0.284s] Level 1:colcon.colcon_core.package_identification:_identify(src/control/check_variable_resistor) by extension 'colcon_pkg'
[0.284s] Level 1:colcon.colcon_core.package_identification:_identify(src/control/check_variable_resistor) by extensions ['colcon_meta']
[0.284s] Level 1:colcon.colcon_core.package_identification:_identify(src/control/check_variable_resistor) by extension 'colcon_meta'
[0.284s] Level 1:colcon.colcon_core.package_identification:_identify(src/control/check_variable_resistor) by extensions ['ros']
[0.284s] Level 1:colcon.colcon_core.package_identification:_identify(src/control/check_variable_resistor) by extension 'ros'
[0.284s] Level 1:colcon.colcon_core.package_identification:_identify(src/control/check_variable_resistor) by extensions ['cmake', 'python']
[0.284s] Level 1:colcon.colcon_core.package_identification:_identify(src/control/check_variable_resistor) by extension 'cmake'
[0.284s] Level 1:colcon.colcon_core.package_identification:_identify(src/control/check_variable_resistor) by extension 'python'
[0.284s] Level 1:colcon.colcon_core.package_identification:_identify(src/control/check_variable_resistor) by extensions ['python_setup_py']
[0.284s] Level 1:colcon.colcon_core.package_identification:_identify(src/control/check_variable_resistor) by extension 'python_setup_py'
[0.285s] Level 1:colcon.colcon_core.package_identification:_identify(src/control/driving) by extensions ['ignore', 'ignore_ament_install']
[0.285s] Level 1:colcon.colcon_core.package_identification:_identify(src/control/driving) by extension 'ignore'
[0.285s] Level 1:colcon.colcon_core.package_identification:_identify(src/control/driving) by extension 'ignore_ament_install'
[0.285s] Level 1:colcon.colcon_core.package_identification:_identify(src/control/driving) by extensions ['colcon_pkg']
[0.285s] Level 1:colcon.colcon_core.package_identification:_identify(src/control/driving) by extension 'colcon_pkg'
[0.285s] Level 1:colcon.colcon_core.package_identification:_identify(src/control/driving) by extensions ['colcon_meta']
[0.285s] Level 1:colcon.colcon_core.package_identification:_identify(src/control/driving) by extension 'colcon_meta'
[0.285s] Level 1:colcon.colcon_core.package_identification:_identify(src/control/driving) by extensions ['ros']
[0.285s] Level 1:colcon.colcon_core.package_identification:_identify(src/control/driving) by extension 'ros'
[0.285s] Level 1:colcon.colcon_core.package_identification:_identify(src/control/driving) by extensions ['cmake', 'python']
[0.285s] Level 1:colcon.colcon_core.package_identification:_identify(src/control/driving) by extension 'cmake'
[0.285s] Level 1:colcon.colcon_core.package_identification:_identify(src/control/driving) by extension 'python'
[0.285s] Level 1:colcon.colcon_core.package_identification:_identify(src/control/driving) by extensions ['python_setup_py']
[0.285s] Level 1:colcon.colcon_core.package_identification:_identify(src/control/driving) by extension 'python_setup_py'
[0.285s] Level 1:colcon.colcon_core.package_identification:_identify(src/control/motor_test) by extensions ['ignore', 'ignore_ament_install']
[0.285s] Level 1:colcon.colcon_core.package_identification:_identify(src/control/motor_test) by extension 'ignore'
[0.285s] Level 1:colcon.colcon_core.package_identification:_identify(src/control/motor_test) by extension 'ignore_ament_install'
[0.285s] Level 1:colcon.colcon_core.package_identification:_identify(src/control/motor_test) by extensions ['colcon_pkg']
[0.285s] Level 1:colcon.colcon_core.package_identification:_identify(src/control/motor_test) by extension 'colcon_pkg'
[0.285s] Level 1:colcon.colcon_core.package_identification:_identify(src/control/motor_test) by extensions ['colcon_meta']
[0.285s] Level 1:colcon.colcon_core.package_identification:_identify(src/control/motor_test) by extension 'colcon_meta'
[0.285s] Level 1:colcon.colcon_core.package_identification:_identify(src/control/motor_test) by extensions ['ros']
[0.285s] Level 1:colcon.colcon_core.package_identification:_identify(src/control/motor_test) by extension 'ros'
[0.285s] Level 1:colcon.colcon_core.package_identification:_identify(src/control/motor_test) by extensions ['cmake', 'python']
[0.286s] Level 1:colcon.colcon_core.package_identification:_identify(src/control/motor_test) by extension 'cmake'
[0.286s] Level 1:colcon.colcon_core.package_identification:_identify(src/control/motor_test) by extension 'python'
[0.286s] Level 1:colcon.colcon_core.package_identification:_identify(src/control/motor_test) by extensions ['python_setup_py']
[0.286s] Level 1:colcon.colcon_core.package_identification:_identify(src/control/motor_test) by extension 'python_setup_py'
[0.286s] Level 1:colcon.colcon_core.package_identification:_identify(src/control/ultrasonic) by extensions ['ignore', 'ignore_ament_install']
[0.286s] Level 1:colcon.colcon_core.package_identification:_identify(src/control/ultrasonic) by extension 'ignore'
[0.286s] Level 1:colcon.colcon_core.package_identification:_identify(src/control/ultrasonic) by extension 'ignore_ament_install'
[0.286s] Level 1:colcon.colcon_core.package_identification:_identify(src/control/ultrasonic) by extensions ['colcon_pkg']
[0.286s] Level 1:colcon.colcon_core.package_identification:_identify(src/control/ultrasonic) by extension 'colcon_pkg'
[0.286s] Level 1:colcon.colcon_core.package_identification:_identify(src/control/ultrasonic) by extensions ['colcon_meta']
[0.286s] Level 1:colcon.colcon_core.package_identification:_identify(src/control/ultrasonic) by extension 'colcon_meta'
[0.286s] Level 1:colcon.colcon_core.package_identification:_identify(src/control/ultrasonic) by extensions ['ros']
[0.286s] Level 1:colcon.colcon_core.package_identification:_identify(src/control/ultrasonic) by extension 'ros'
[0.286s] Level 1:colcon.colcon_core.package_identification:_identify(src/control/ultrasonic) by extensions ['cmake', 'python']
[0.286s] Level 1:colcon.colcon_core.package_identification:_identify(src/control/ultrasonic) by extension 'cmake'
[0.286s] Level 1:colcon.colcon_core.package_identification:_identify(src/control/ultrasonic) by extension 'python'
[0.286s] Level 1:colcon.colcon_core.package_identification:_identify(src/control/ultrasonic) by extensions ['python_setup_py']
[0.286s] Level 1:colcon.colcon_core.package_identification:_identify(src/control/ultrasonic) by extension 'python_setup_py'
[0.286s] Level 1:colcon.colcon_core.package_identification:_identify(src/data_collection) by extensions ['ignore', 'ignore_ament_install']
[0.286s] Level 1:colcon.colcon_core.package_identification:_identify(src/data_collection) by extension 'ignore'
[0.286s] Level 1:colcon.colcon_core.package_identification:_identify(src/data_collection) by extension 'ignore_ament_install'
[0.286s] Level 1:colcon.colcon_core.package_identification:_identify(src/data_collection) by extensions ['colcon_pkg']
[0.286s] Level 1:colcon.colcon_core.package_identification:_identify(src/data_collection) by extension 'colcon_pkg'
[0.286s] Level 1:colcon.colcon_core.package_identification:_identify(src/data_collection) by extensions ['colcon_meta']
[0.286s] Level 1:colcon.colcon_core.package_identification:_identify(src/data_collection) by extension 'colcon_meta'
[0.287s] Level 1:colcon.colcon_core.package_identification:_identify(src/data_collection) by extensions ['ros']
[0.287s] Level 1:colcon.colcon_core.package_identification:_identify(src/data_collection) by extension 'ros'
[0.287s] Level 1:colcon.colcon_core.package_identification:_identify(src/data_collection) by extensions ['cmake', 'python']
[0.287s] Level 1:colcon.colcon_core.package_identification:_identify(src/data_collection) by extension 'cmake'
[0.287s] Level 1:colcon.colcon_core.package_identification:_identify(src/data_collection) by extension 'python'
[0.287s] Level 1:colcon.colcon_core.package_identification:_identify(src/data_collection) by extensions ['python_setup_py']
[0.287s] Level 1:colcon.colcon_core.package_identification:_identify(src/data_collection) by extension 'python_setup_py'
[0.287s] Level 1:colcon.colcon_core.package_identification:_identify(src/debug_pkg) by extensions ['ignore', 'ignore_ament_install']
[0.287s] Level 1:colcon.colcon_core.package_identification:_identify(src/debug_pkg) by extension 'ignore'
[0.287s] Level 1:colcon.colcon_core.package_identification:_identify(src/debug_pkg) by extension 'ignore_ament_install'
[0.287s] Level 1:colcon.colcon_core.package_identification:_identify(src/debug_pkg) by extensions ['colcon_pkg']
[0.287s] Level 1:colcon.colcon_core.package_identification:_identify(src/debug_pkg) by extension 'colcon_pkg'
[0.287s] Level 1:colcon.colcon_core.package_identification:_identify(src/debug_pkg) by extensions ['colcon_meta']
[0.287s] Level 1:colcon.colcon_core.package_identification:_identify(src/debug_pkg) by extension 'colcon_meta'
[0.287s] Level 1:colcon.colcon_core.package_identification:_identify(src/debug_pkg) by extensions ['ros']
[0.287s] Level 1:colcon.colcon_core.package_identification:_identify(src/debug_pkg) by extension 'ros'
[0.288s] DEBUG:colcon.colcon_core.package_identification:Package 'src/debug_pkg' with type 'ros.ament_python' and name 'debug_pkg'
[0.288s] Level 1:colcon.colcon_core.package_identification:_identify(src/decision_making_pkg) by extensions ['ignore', 'ignore_ament_install']
[0.288s] Level 1:colcon.colcon_core.package_identification:_identify(src/decision_making_pkg) by extension 'ignore'
[0.288s] Level 1:colcon.colcon_core.package_identification:_identify(src/decision_making_pkg) by extension 'ignore_ament_install'
[0.288s] Level 1:colcon.colcon_core.package_identification:_identify(src/decision_making_pkg) by extensions ['colcon_pkg']
[0.288s] Level 1:colcon.colcon_core.package_identification:_identify(src/decision_making_pkg) by extension 'colcon_pkg'
[0.288s] Level 1:colcon.colcon_core.package_identification:_identify(src/decision_making_pkg) by extensions ['colcon_meta']
[0.288s] Level 1:colcon.colcon_core.package_identification:_identify(src/decision_making_pkg) by extension 'colcon_meta'
[0.288s] Level 1:colcon.colcon_core.package_identification:_identify(src/decision_making_pkg) by extensions ['ros']
[0.288s] Level 1:colcon.colcon_core.package_identification:_identify(src/decision_making_pkg) by extension 'ros'
[0.289s] DEBUG:colcon.colcon_core.package_identification:Package 'src/decision_making_pkg' with type 'ros.ament_python' and name 'decision_making_pkg'
[0.289s] Level 1:colcon.colcon_core.package_identification:_identify(src/interfaces_pkg) by extensions ['ignore', 'ignore_ament_install']
[0.289s] Level 1:colcon.colcon_core.package_identification:_identify(src/interfaces_pkg) by extension 'ignore'
[0.289s] Level 1:colcon.colcon_core.package_identification:_identify(src/interfaces_pkg) by extension 'ignore_ament_install'
[0.289s] Level 1:colcon.colcon_core.package_identification:_identify(src/interfaces_pkg) by extensions ['colcon_pkg']
[0.289s] Level 1:colcon.colcon_core.package_identification:_identify(src/interfaces_pkg) by extension 'colcon_pkg'
[0.289s] Level 1:colcon.colcon_core.package_identification:_identify(src/interfaces_pkg) by extensions ['colcon_meta']
[0.289s] Level 1:colcon.colcon_core.package_identification:_identify(src/interfaces_pkg) by extension 'colcon_meta'
[0.289s] Level 1:colcon.colcon_core.package_identification:_identify(src/interfaces_pkg) by extensions ['ros']
[0.289s] Level 1:colcon.colcon_core.package_identification:_identify(src/interfaces_pkg) by extension 'ros'
[0.289s] DEBUG:colcon.colcon_core.package_identification:Package 'src/interfaces_pkg' with type 'ros.ament_cmake' and name 'interfaces_pkg'
[0.290s] Level 1:colcon.colcon_core.package_identification:_identify(src/lidar_perception_pkg) by extensions ['ignore', 'ignore_ament_install']
[0.290s] Level 1:colcon.colcon_core.package_identification:_identify(src/lidar_perception_pkg) by extension 'ignore'
[0.290s] Level 1:colcon.colcon_core.package_identification:_identify(src/lidar_perception_pkg) by extension 'ignore_ament_install'
[0.290s] Level 1:colcon.colcon_core.package_identification:_identify(src/lidar_perception_pkg) by extensions ['colcon_pkg']
[0.290s] Level 1:colcon.colcon_core.package_identification:_identify(src/lidar_perception_pkg) by extension 'colcon_pkg'
[0.290s] Level 1:colcon.colcon_core.package_identification:_identify(src/lidar_perception_pkg) by extensions ['colcon_meta']
[0.290s] Level 1:colcon.colcon_core.package_identification:_identify(src/lidar_perception_pkg) by extension 'colcon_meta'
[0.290s] Level 1:colcon.colcon_core.package_identification:_identify(src/lidar_perception_pkg) by extensions ['ros']
[0.290s] Level 1:colcon.colcon_core.package_identification:_identify(src/lidar_perception_pkg) by extension 'ros'
[0.290s] DEBUG:colcon.colcon_core.package_identification:Package 'src/lidar_perception_pkg' with type 'ros.ament_python' and name 'lidar_perception_pkg'
[0.290s] Level 1:colcon.colcon_core.package_identification:_identify(src/serial_communication_pkg) by extensions ['ignore', 'ignore_ament_install']
[0.291s] Level 1:colcon.colcon_core.package_identification:_identify(src/serial_communication_pkg) by extension 'ignore'
[0.291s] Level 1:colcon.colcon_core.package_identification:_identify(src/serial_communication_pkg) by extension 'ignore_ament_install'
[0.291s] Level 1:colcon.colcon_core.package_identification:_identify(src/serial_communication_pkg) by extensions ['colcon_pkg']
[0.291s] Level 1:colcon.colcon_core.package_identification:_identify(src/serial_communication_pkg) by extension 'colcon_pkg'
[0.291s] Level 1:colcon.colcon_core.package_identification:_identify(src/serial_communication_pkg) by extensions ['colcon_meta']
[0.291s] Level 1:colcon.colcon_core.package_identification:_identify(src/serial_communication_pkg) by extension 'colcon_meta'
[0.291s] Level 1:colcon.colcon_core.package_identification:_identify(src/serial_communication_pkg) by extensions ['ros']
[0.291s] Level 1:colcon.colcon_core.package_identification:_identify(src/serial_communication_pkg) by extension 'ros'
[0.291s] DEBUG:colcon.colcon_core.package_identification:Package 'src/serial_communication_pkg' with type 'ros.ament_python' and name 'serial_communication_pkg'
[0.291s] Level 1:colcon.colcon_core.package_discovery:discover_packages(recursive) using defaults
[0.291s] Level 1:colcon.colcon_core.package_discovery:discover_packages(ignore) discover
[0.291s] Level 1:colcon.colcon_core.package_discovery:discover_packages(ignore) using defaults
[0.291s] Level 1:colcon.colcon_core.package_discovery:discover_packages(path) discover
[0.291s] Level 1:colcon.colcon_core.package_discovery:discover_packages(path) using defaults
[0.308s] Level 1:colcon.colcon_core.package_discovery:discover_packages(prefix_path) check parameters
[0.308s] Level 1:colcon.colcon_core.package_discovery:discover_packages(prefix_path) discover
[0.310s] DEBUG:colcon.colcon_installed_package_information.package_discovery:Found 6 installed packages in /home/sun/ros2_ws/install
[0.311s] DEBUG:colcon.colcon_installed_package_information.package_discovery:Found 271 installed packages in /opt/ros/humble
[0.313s] Level 1:colcon.colcon_core.package_discovery:discover_packages(prefix_path) using defaults
[0.340s] Level 5:colcon.colcon_core.verb:set package 'camera_perception_pkg' build argument 'cmake_args' from command line to 'None'
[0.340s] Level 5:colcon.colcon_core.verb:set package 'camera_perception_pkg' build argument 'cmake_target' from command line to 'None'
[0.340s] Level 5:colcon.colcon_core.verb:set package 'camera_perception_pkg' build argument 'cmake_target_skip_unavailable' from command line to 'False'
[0.340s] Level 5:colcon.colcon_core.verb:set package 'camera_perception_pkg' build argument 'cmake_clean_cache' from command line to 'False'
[0.340s] Level 5:colcon.colcon_core.verb:set package 'camera_perception_pkg' build argument 'cmake_clean_first' from command line to 'False'
[0.340s] Level 5:colcon.colcon_core.verb:set package 'camera_perception_pkg' build argument 'cmake_force_configure' from command line to 'False'
[0.340s] Level 5:colcon.colcon_core.verb:set package 'camera_perception_pkg' build argument 'ament_cmake_args' from command line to 'None'
[0.340s] Level 5:colcon.colcon_core.verb:set package 'camera_perception_pkg' build argument 'catkin_cmake_args' from command line to 'None'
[0.340s] Level 5:colcon.colcon_core.verb:set package 'camera_perception_pkg' build argument 'catkin_skip_building_tests' from command line to 'False'
[0.340s] DEBUG:colcon.colcon_core.verb:Building package 'camera_perception_pkg' with the following arguments: {'ament_cmake_args': None, 'build_base': '/home/sun/ros2_ws/build/camera_perception_pkg', 'catkin_cmake_args': None, 'catkin_skip_building_tests': False, 'cmake_args': None, 'cmake_clean_cache': False, 'cmake_clean_first': False, 'cmake_force_configure': False, 'cmake_target': None, 'cmake_target_skip_unavailable': False, 'install_base': '/home/sun/ros2_ws/install/camera_perception_pkg', 'merge_install': False, 'path': '/home/sun/ros2_ws/src/camera_perception_pkg', 'symlink_install': True, 'test_result_base': None}
[0.341s] Level 5:colcon.colcon_core.verb:set package 'debug_pkg' build argument 'cmake_args' from command line to 'None'
[0.341s] Level 5:colcon.colcon_core.verb:set package 'debug_pkg' build argument 'cmake_target' from command line to 'None'
[0.341s] Level 5:colcon.colcon_core.verb:set package 'debug_pkg' build argument 'cmake_target_skip_unavailable' from command line to 'False'
[0.341s] Level 5:colcon.colcon_core.verb:set package 'debug_pkg' build argument 'cmake_clean_cache' from command line to 'False'
[0.341s] Level 5:colcon.colcon_core.verb:set package 'debug_pkg' build argument 'cmake_clean_first' from command line to 'False'
[0.341s] Level 5:colcon.colcon_core.verb:set package 'debug_pkg' build argument 'cmake_force_configure' from command line to 'False'
[0.341s] Level 5:colcon.colcon_core.verb:set package 'debug_pkg' build argument 'ament_cmake_args' from command line to 'None'
[0.341s] Level 5:colcon.colcon_core.verb:set package 'debug_pkg' build argument 'catkin_cmake_args' from command line to 'None'
[0.341s] Level 5:colcon.colcon_core.verb:set package 'debug_pkg' build argument 'catkin_skip_building_tests' from command line to 'False'
[0.341s] DEBUG:colcon.colcon_core.verb:Building package 'debug_pkg' with the following arguments: {'ament_cmake_args': None, 'build_base': '/home/sun/ros2_ws/build/debug_pkg', 'catkin_cmake_args': None, 'catkin_skip_building_tests': False, 'cmake_args': None, 'cmake_clean_cache': False, 'cmake_clean_first': False, 'cmake_force_configure': False, 'cmake_target': None, 'cmake_target_skip_unavailable': False, 'install_base': '/home/sun/ros2_ws/install/debug_pkg', 'merge_install': False, 'path': '/home/sun/ros2_ws/src/debug_pkg', 'symlink_install': True, 'test_result_base': None}
[0.341s] Level 5:colcon.colcon_core.verb:set package 'decision_making_pkg' build argument 'cmake_args' from command line to 'None'
[0.341s] Level 5:colcon.colcon_core.verb:set package 'decision_making_pkg' build argument 'cmake_target' from command line to 'None'
[0.341s] Level 5:colcon.colcon_core.verb:set package 'decision_making_pkg' build argument 'cmake_target_skip_unavailable' from command line to 'False'
[0.341s] Level 5:colcon.colcon_core.verb:set package 'decision_making_pkg' build argument 'cmake_clean_cache' from command line to 'False'
[0.341s] Level 5:colcon.colcon_core.verb:set package 'decision_making_pkg' build argument 'cmake_clean_first' from command line to 'False'
[0.341s] Level 5:colcon.colcon_core.verb:set package 'decision_making_pkg' build argument 'cmake_force_configure' from command line to 'False'
[0.341s] Level 5:colcon.colcon_core.verb:set package 'decision_making_pkg' build argument 'ament_cmake_args' from command line to 'None'
[0.341s] Level 5:colcon.colcon_core.verb:set package 'decision_making_pkg' build argument 'catkin_cmake_args' from command line to 'None'
[0.341s] Level 5:colcon.colcon_core.verb:set package 'decision_making_pkg' build argument 'catkin_skip_building_tests' from command line to 'False'
[0.341s] DEBUG:colcon.colcon_core.verb:Building package 'decision_making_pkg' with the following arguments: {'ament_cmake_args': None, 'build_base': '/home/sun/ros2_ws/build/decision_making_pkg', 'catkin_cmake_args': None, 'catkin_skip_building_tests': False, 'cmake_args': None, 'cmake_clean_cache': False, 'cmake_clean_first': False, 'cmake_force_configure': False, 'cmake_target': None, 'cmake_target_skip_unavailable': False, 'install_base': '/home/sun/ros2_ws/install/decision_making_pkg', 'merge_install': False, 'path': '/home/sun/ros2_ws/src/decision_making_pkg', 'symlink_install': True, 'test_result_base': None}
[0.342s] Level 5:colcon.colcon_core.verb:set package 'interfaces_pkg' build argument 'cmake_args' from command line to 'None'
[0.342s] Level 5:colcon.colcon_core.verb:set package 'interfaces_pkg' build argument 'cmake_target' from command line to 'None'
[0.342s] Level 5:colcon.colcon_core.verb:set package 'interfaces_pkg' build argument 'cmake_target_skip_unavailable' from command line to 'False'
[0.342s] Level 5:colcon.colcon_core.verb:set package 'interfaces_pkg' build argument 'cmake_clean_cache' from command line to 'False'
[0.342s] Level 5:colcon.colcon_core.verb:set package 'interfaces_pkg' build argument 'cmake_clean_first' from command line to 'False'
[0.342s] Level 5:colcon.colcon_core.verb:set package 'interfaces_pkg' build argument 'cmake_force_configure' from command line to 'False'
[0.342s] Level 5:colcon.colcon_core.verb:set package 'interfaces_pkg' build argument 'ament_cmake_args' from command line to 'None'
[0.342s] Level 5:colcon.colcon_core.verb:set package 'interfaces_pkg' build argument 'catkin_cmake_args' from command line to 'None'
[0.342s] Level 5:colcon.colcon_core.verb:set package 'interfaces_pkg' build argument 'catkin_skip_building_tests' from command line to 'False'
[0.342s] DEBUG:colcon.colcon_core.verb:Building package 'interfaces_pkg' with the following arguments: {'ament_cmake_args': None, 'build_base': '/home/sun/ros2_ws/build/interfaces_pkg', 'catkin_cmake_args': None, 'catkin_skip_building_tests': False, 'cmake_args': None, 'cmake_clean_cache': False, 'cmake_clean_first': False, 'cmake_force_configure': False, 'cmake_target': None, 'cmake_target_skip_unavailable': False, 'install_base': '/home/sun/ros2_ws/install/interfaces_pkg', 'merge_install': False, 'path': '/home/sun/ros2_ws/src/interfaces_pkg', 'symlink_install': True, 'test_result_base': None}
[0.342s] Level 5:colcon.colcon_core.verb:set package 'lidar_perception_pkg' build argument 'cmake_args' from command line to 'None'
[0.342s] Level 5:colcon.colcon_core.verb:set package 'lidar_perception_pkg' build argument 'cmake_target' from command line to 'None'
[0.342s] Level 5:colcon.colcon_core.verb:set package 'lidar_perception_pkg' build argument 'cmake_target_skip_unavailable' from command line to 'False'
[0.342s] Level 5:colcon.colcon_core.verb:set package 'lidar_perception_pkg' build argument 'cmake_clean_cache' from command line to 'False'
[0.342s] Level 5:colcon.colcon_core.verb:set package 'lidar_perception_pkg' build argument 'cmake_clean_first' from command line to 'False'
[0.342s] Level 5:colcon.colcon_core.verb:set package 'lidar_perception_pkg' build argument 'cmake_force_configure' from command line to 'False'
[0.342s] Level 5:colcon.colcon_core.verb:set package 'lidar_perception_pkg' build argument 'ament_cmake_args' from command line to 'None'
[0.342s] Level 5:colcon.colcon_core.verb:set package 'lidar_perception_pkg' build argument 'catkin_cmake_args' from command line to 'None'
[0.342s] Level 5:colcon.colcon_core.verb:set package 'lidar_perception_pkg' build argument 'catkin_skip_building_tests' from command line to 'False'
[0.342s] DEBUG:colcon.colcon_core.verb:Building package 'lidar_perception_pkg' with the following arguments: {'ament_cmake_args': None, 'build_base': '/home/sun/ros2_ws/build/lidar_perception_pkg', 'catkin_cmake_args': None, 'catkin_skip_building_tests': False, 'cmake_args': None, 'cmake_clean_cache': False, 'cmake_clean_first': False, 'cmake_force_configure': False, 'cmake_target': None, 'cmake_target_skip_unavailable': False, 'install_base': '/home/sun/ros2_ws/install/lidar_perception_pkg', 'merge_install': False, 'path': '/home/sun/ros2_ws/src/lidar_perception_pkg', 'symlink_install': True, 'test_result_base': None}
[0.343s] Level 5:colcon.colcon_core.verb:set package 'serial_communication_pkg' build argument 'cmake_args' from command line to 'None'
[0.343s] Level 5:colcon.colcon_core.verb:set package 'serial_communication_pkg' build argument 'cmake_target' from command line to 'None'
[0.343s] Level 5:colcon.colcon_core.verb:set package 'serial_communication_pkg' build argument 'cmake_target_skip_unavailable' from command line to 'False'
[0.343s] Level 5:colcon.colcon_core.verb:set package 'serial_communication_pkg' build argument 'cmake_clean_cache' from command line to 'False'
[0.343s] Level 5:colcon.colcon_core.verb:set package 'serial_communication_pkg' build argument 'cmake_clean_first' from command line to 'False'
[0.343s] Level 5:colcon.colcon_core.verb:set package 'serial_communication_pkg' build argument 'cmake_force_configure' from command line to 'False'
[0.343s] Level 5:colcon.colcon_core.verb:set package 'serial_communication_pkg' build argument 'ament_cmake_args' from command line to 'None'
[0.343s] Level 5:colcon.colcon_core.verb:set package 'serial_communication_pkg' build argument 'catkin_cmake_args' from command line to 'None'
[0.343s] Level 5:colcon.colcon_core.verb:set package 'serial_communication_pkg' build argument 'catkin_skip_building_tests' from command line to 'False'
[0.343s] DEBUG:colcon.colcon_core.verb:Building package 'serial_communication_pkg' with the following arguments: {'ament_cmake_args': None, 'build_base': '/home/sun/ros2_ws/build/serial_communication_pkg', 'catkin_cmake_args': None, 'catkin_skip_building_tests': False, 'cmake_args': None, 'cmake_clean_cache': False, 'cmake_clean_first': False, 'cmake_force_configure': False, 'cmake_target': None, 'cmake_target_skip_unavailable': False, 'install_base': '/home/sun/ros2_ws/install/serial_communication_pkg', 'merge_install': False, 'path': '/home/sun/ros2_ws/src/serial_communication_pkg', 'symlink_install': True, 'test_result_base': None}
[0.343s] INFO:colcon.colcon_core.executor:Executing jobs using 'parallel' executor
[0.344s] DEBUG:colcon.colcon_parallel_executor.executor.parallel:run_until_complete
[0.344s] INFO:colcon.colcon_ros.task.ament_python.build:Building ROS package in '/home/sun/ros2_ws/src/camera_perception_pkg' with build type 'ament_python'
[0.344s] Level 1:colcon.colcon_core.shell:create_environment_hook('camera_perception_pkg', 'ament_prefix_path')
[0.346s] INFO:colcon.colcon_core.plugin_system:Skipping extension 'colcon_core.shell.bat': Not used on non-Windows systems
[0.346s] INFO:colcon.colcon_core.shell:Creating environment hook '/home/sun/ros2_ws/install/camera_perception_pkg/share/camera_perception_pkg/hook/ament_prefix_path.ps1'
[0.347s] INFO:colcon.colcon_core.shell:Creating environment descriptor '/home/sun/ros2_ws/install/camera_perception_pkg/share/camera_perception_pkg/hook/ament_prefix_path.dsv'
[0.347s] INFO:colcon.colcon_core.shell:Creating environment hook '/home/sun/ros2_ws/install/camera_perception_pkg/share/camera_perception_pkg/hook/ament_prefix_path.sh'
[0.348s] INFO:colcon.colcon_core.shell:Skip shell extension 'powershell' for command environment: Not usable outside of PowerShell
[0.348s] DEBUG:colcon.colcon_core.shell:Skip shell extension 'dsv' for command environment
[0.351s] INFO:colcon.colcon_ros.task.ament_python.build:Building ROS package in '/home/sun/ros2_ws/src/debug_pkg' with build type 'ament_python'
[0.351s] Level 1:colcon.colcon_core.shell:create_environment_hook('debug_pkg', 'ament_prefix_path')
[0.351s] INFO:colcon.colcon_core.shell:Creating environment hook '/home/sun/ros2_ws/install/debug_pkg/share/debug_pkg/hook/ament_prefix_path.ps1'
[0.351s] INFO:colcon.colcon_core.shell:Creating environment descriptor '/home/sun/ros2_ws/install/debug_pkg/share/debug_pkg/hook/ament_prefix_path.dsv'
[0.352s] INFO:colcon.colcon_core.shell:Creating environment hook '/home/sun/ros2_ws/install/debug_pkg/share/debug_pkg/hook/ament_prefix_path.sh'
[0.352s] INFO:colcon.colcon_core.shell:Skip shell extension 'powershell' for command environment: Not usable outside of PowerShell
[0.352s] DEBUG:colcon.colcon_core.shell:Skip shell extension 'dsv' for command environment
[0.355s] INFO:colcon.colcon_ros.task.ament_python.build:Building ROS package in '/home/sun/ros2_ws/src/decision_making_pkg' with build type 'ament_python'
[0.355s] Level 1:colcon.colcon_core.shell:create_environment_hook('decision_making_pkg', 'ament_prefix_path')
[0.355s] INFO:colcon.colcon_core.shell:Creating environment hook '/home/sun/ros2_ws/install/decision_making_pkg/share/decision_making_pkg/hook/ament_prefix_path.ps1'
[0.356s] INFO:colcon.colcon_core.shell:Creating environment descriptor '/home/sun/ros2_ws/install/decision_making_pkg/share/decision_making_pkg/hook/ament_prefix_path.dsv'
[0.356s] INFO:colcon.colcon_core.shell:Creating environment hook '/home/sun/ros2_ws/install/decision_making_pkg/share/decision_making_pkg/hook/ament_prefix_path.sh'
[0.357s] INFO:colcon.colcon_core.shell:Skip shell extension 'powershell' for command environment: Not usable outside of PowerShell
[0.357s] DEBUG:colcon.colcon_core.shell:Skip shell extension 'dsv' for command environment
[0.360s] INFO:colcon.colcon_ros.task.ament_cmake.build:Building ROS package in '/home/sun/ros2_ws/src/interfaces_pkg' with build type 'ament_cmake'
[0.361s] INFO:colcon.colcon_cmake.task.cmake.build:Building CMake package in '/home/sun/ros2_ws/src/interfaces_pkg'
[0.361s] INFO:colcon.colcon_core.shell:Skip shell extension 'powershell' for command environment: Not usable outside of PowerShell
[0.361s] DEBUG:colcon.colcon_core.shell:Skip shell extension 'dsv' for command environment
[0.364s] INFO:colcon.colcon_ros.task.ament_python.build:Building ROS package in '/home/sun/ros2_ws/src/lidar_perception_pkg' with build type 'ament_python'
[0.364s] Level 1:colcon.colcon_core.shell:create_environment_hook('lidar_perception_pkg', 'ament_prefix_path')
[0.365s] INFO:colcon.colcon_core.shell:Creating environment hook '/home/sun/ros2_ws/install/lidar_perception_pkg/share/lidar_perception_pkg/hook/ament_prefix_path.ps1'
[0.365s] INFO:colcon.colcon_core.shell:Creating environment descriptor '/home/sun/ros2_ws/install/lidar_perception_pkg/share/lidar_perception_pkg/hook/ament_prefix_path.dsv'
[0.366s] INFO:colcon.colcon_core.shell:Creating environment hook '/home/sun/ros2_ws/install/lidar_perception_pkg/share/lidar_perception_pkg/hook/ament_prefix_path.sh'
[0.366s] INFO:colcon.colcon_core.shell:Skip shell extension 'powershell' for command environment: Not usable outside of PowerShell
[0.366s] DEBUG:colcon.colcon_core.shell:Skip shell extension 'dsv' for command environment
[0.368s] INFO:colcon.colcon_ros.task.ament_python.build:Building ROS package in '/home/sun/ros2_ws/src/serial_communication_pkg' with build type 'ament_python'
[0.369s] Level 1:colcon.colcon_core.shell:create_environment_hook('serial_communication_pkg', 'ament_prefix_path')
[0.369s] INFO:colcon.colcon_core.shell:Creating environment hook '/home/sun/ros2_ws/install/serial_communication_pkg/share/serial_communication_pkg/hook/ament_prefix_path.ps1'
[0.369s] INFO:colcon.colcon_core.shell:Creating environment descriptor '/home/sun/ros2_ws/install/serial_communication_pkg/share/serial_communication_pkg/hook/ament_prefix_path.dsv'
[0.370s] INFO:colcon.colcon_core.shell:Creating environment hook '/home/sun/ros2_ws/install/serial_communication_pkg/share/serial_communication_pkg/hook/ament_prefix_path.sh'
[0.370s] INFO:colcon.colcon_core.shell:Skip shell extension 'powershell' for command environment: Not usable outside of PowerShell
[0.370s] DEBUG:colcon.colcon_core.shell:Skip shell extension 'dsv' for command environment
[0.609s] INFO:colcon.colcon_core.task.python.build:Building Python package in '/home/sun/ros2_ws/src/camera_perception_pkg'
[0.610s] INFO:colcon.colcon_core.shell:Skip shell extension 'powershell' for command environment: Not usable outside of PowerShell
[0.610s] DEBUG:colcon.colcon_core.shell:Skip shell extension 'dsv' for command environment
[0.854s] INFO:colcon.colcon_core.task.python.build:Building Python package in '/home/sun/ros2_ws/src/debug_pkg'
[0.854s] INFO:colcon.colcon_core.shell:Skip shell extension 'powershell' for command environment: Not usable outside of PowerShell
[0.855s] DEBUG:colcon.colcon_core.shell:Skip shell extension 'dsv' for command environment
[1.088s] INFO:colcon.colcon_core.task.python.build:Building Python package in '/home/sun/ros2_ws/src/decision_making_pkg'
[1.088s] INFO:colcon.colcon_core.shell:Skip shell extension 'powershell' for command environment: Not usable outside of PowerShell
[1.088s] DEBUG:colcon.colcon_core.shell:Skip shell extension 'dsv' for command environment
[1.095s] DEBUG:colcon.colcon_core.event_handler.log_command:Invoking command in '/home/sun/ros2_ws/build/interfaces_pkg': CMAKE_PREFIX_PATH=${CMAKE_PREFIX_PATH}:/home/sun/ros2_ws/install/serial_communication_pkg:/home/sun/ros2_ws/install/lidar_perception_pkg:/home/sun/ros2_ws/install/decision_making_pkg:/home/sun/ros2_ws/install/debug_pkg:/home/sun/ros2_ws/install/camera_perception_pkg:/opt/ros/humble /usr/bin/cmake --build /home/sun/ros2_ws/build/interfaces_pkg -- -j8 -l8
[1.393s] INFO:colcon.colcon_core.task.python.build:Building Python package in '/home/sun/ros2_ws/src/lidar_perception_pkg'
[1.394s] INFO:colcon.colcon_core.shell:Skip shell extension 'powershell' for command environment: Not usable outside of PowerShell
[1.394s] DEBUG:colcon.colcon_core.shell:Skip shell extension 'dsv' for command environment
[1.643s] INFO:colcon.colcon_core.task.python.build:Building Python package in '/home/sun/ros2_ws/src/serial_communication_pkg'
[1.643s] INFO:colcon.colcon_core.shell:Skip shell extension 'powershell' for command environment: Not usable outside of PowerShell
[1.643s] DEBUG:colcon.colcon_core.shell:Skip shell extension 'dsv' for command environment
[1.650s] DEBUG:colcon.colcon_core.event_handler.log_command:Invoked command in '/home/sun/ros2_ws/build/interfaces_pkg' returned '0': CMAKE_PREFIX_PATH=${CMAKE_PREFIX_PATH}:/home/sun/ros2_ws/install/serial_communication_pkg:/home/sun/ros2_ws/install/lidar_perception_pkg:/home/sun/ros2_ws/install/decision_making_pkg:/home/sun/ros2_ws/install/debug_pkg:/home/sun/ros2_ws/install/camera_perception_pkg:/opt/ros/humble /usr/bin/cmake --build /home/sun/ros2_ws/build/interfaces_pkg -- -j8 -l8
[1.658s] DEBUG:colcon.colcon_core.event_handler.log_command:Invoking command in '/home/sun/ros2_ws/build/interfaces_pkg': CMAKE_PREFIX_PATH=${CMAKE_PREFIX_PATH}:/home/sun/ros2_ws/install/serial_communication_pkg:/home/sun/ros2_ws/install/lidar_perception_pkg:/home/sun/ros2_ws/install/decision_making_pkg:/home/sun/ros2_ws/install/debug_pkg:/home/sun/ros2_ws/install/camera_perception_pkg:/opt/ros/humble /usr/bin/cmake --install /home/sun/ros2_ws/build/interfaces_pkg
[1.824s] Level 1:colcon.colcon_core.environment:create_environment_scripts_only(interfaces_pkg)
[1.828s] Level 1:colcon.colcon_core.environment:checking '/home/sun/ros2_ws/install/interfaces_pkg' for CMake module files
[1.829s] DEBUG:colcon.colcon_core.event_handler.log_command:Invoked command in '/home/sun/ros2_ws/build/interfaces_pkg' returned '0': CMAKE_PREFIX_PATH=${CMAKE_PREFIX_PATH}:/home/sun/ros2_ws/install/serial_communication_pkg:/home/sun/ros2_ws/install/lidar_perception_pkg:/home/sun/ros2_ws/install/decision_making_pkg:/home/sun/ros2_ws/install/debug_pkg:/home/sun/ros2_ws/install/camera_perception_pkg:/opt/ros/humble /usr/bin/cmake --install /home/sun/ros2_ws/build/interfaces_pkg
[1.829s] Level 1:colcon.colcon_core.environment:checking '/home/sun/ros2_ws/install/interfaces_pkg' for CMake config files
[1.832s] Level 1:colcon.colcon_core.shell:create_environment_hook('interfaces_pkg', 'cmake_prefix_path')
[1.832s] INFO:colcon.colcon_core.shell:Creating environment hook '/home/sun/ros2_ws/install/interfaces_pkg/share/interfaces_pkg/hook/cmake_prefix_path.ps1'
[1.833s] INFO:colcon.colcon_core.shell:Creating environment descriptor '/home/sun/ros2_ws/install/interfaces_pkg/share/interfaces_pkg/hook/cmake_prefix_path.dsv'
[1.834s] INFO:colcon.colcon_core.shell:Creating environment hook '/home/sun/ros2_ws/install/interfaces_pkg/share/interfaces_pkg/hook/cmake_prefix_path.sh'
[1.835s] Level 1:colcon.colcon_core.environment:checking '/home/sun/ros2_ws/install/interfaces_pkg/lib'
[1.835s] Level 1:colcon.colcon_core.shell:create_environment_hook('interfaces_pkg', 'ld_library_path_lib')
[1.835s] INFO:colcon.colcon_core.shell:Creating environment hook '/home/sun/ros2_ws/install/interfaces_pkg/share/interfaces_pkg/hook/ld_library_path_lib.ps1'
[1.836s] INFO:colcon.colcon_core.shell:Creating environment descriptor '/home/sun/ros2_ws/install/interfaces_pkg/share/interfaces_pkg/hook/ld_library_path_lib.dsv'
[1.837s] INFO:colcon.colcon_core.shell:Creating environment hook '/home/sun/ros2_ws/install/interfaces_pkg/share/interfaces_pkg/hook/ld_library_path_lib.sh'
[1.837s] Level 1:colcon.colcon_core.environment:checking '/home/sun/ros2_ws/install/interfaces_pkg/bin'
[1.837s] Level 1:colcon.colcon_core.environment:checking '/home/sun/ros2_ws/install/interfaces_pkg/lib/pkgconfig/interfaces_pkg.pc'
[1.838s] Level 1:colcon.colcon_core.environment:checking '/home/sun/ros2_ws/install/interfaces_pkg/lib/python3.10/site-packages'
[1.838s] Level 1:colcon.colcon_core.environment:checking '/home/sun/ros2_ws/install/interfaces_pkg/bin'
[1.838s] INFO:colcon.colcon_core.shell:Creating package script '/home/sun/ros2_ws/install/interfaces_pkg/share/interfaces_pkg/package.ps1'
[1.840s] INFO:colcon.colcon_core.shell:Creating package descriptor '/home/sun/ros2_ws/install/interfaces_pkg/share/interfaces_pkg/package.dsv'
[1.841s] INFO:colcon.colcon_core.shell:Creating package script '/home/sun/ros2_ws/install/interfaces_pkg/share/interfaces_pkg/package.sh'
[1.842s] INFO:colcon.colcon_core.shell:Creating package script '/home/sun/ros2_ws/install/interfaces_pkg/share/interfaces_pkg/package.bash'
[1.843s] INFO:colcon.colcon_core.shell:Creating package script '/home/sun/ros2_ws/install/interfaces_pkg/share/interfaces_pkg/package.zsh'
[1.844s] Level 1:colcon.colcon_core.environment:create_file_with_runtime_dependencies(/home/sun/ros2_ws/install/interfaces_pkg/share/colcon-core/packages/interfaces_pkg)
[1.845s] Level 1:colcon.colcon_core.environment:create_environment_scripts_only(interfaces_pkg)
[1.846s] Level 1:colcon.colcon_core.environment:checking '/home/sun/ros2_ws/install/interfaces_pkg' for CMake module files
[1.847s] Level 1:colcon.colcon_core.environment:checking '/home/sun/ros2_ws/install/interfaces_pkg' for CMake config files
[1.849s] Level 1:colcon.colcon_core.shell:create_environment_hook('interfaces_pkg', 'cmake_prefix_path')
[1.850s] INFO:colcon.colcon_core.shell:Creating environment hook '/home/sun/ros2_ws/install/interfaces_pkg/share/interfaces_pkg/hook/cmake_prefix_path.ps1'
[1.850s] INFO:colcon.colcon_core.shell:Creating environment descriptor '/home/sun/ros2_ws/install/interfaces_pkg/share/interfaces_pkg/hook/cmake_prefix_path.dsv'
[1.851s] INFO:colcon.colcon_core.shell:Creating environment hook '/home/sun/ros2_ws/install/interfaces_pkg/share/interfaces_pkg/hook/cmake_prefix_path.sh'
[1.852s] Level 1:colcon.colcon_core.environment:checking '/home/sun/ros2_ws/install/interfaces_pkg/lib'
[1.852s] Level 1:colcon.colcon_core.shell:create_environment_hook('interfaces_pkg', 'ld_library_path_lib')
[1.852s] INFO:colcon.colcon_core.shell:Creating environment hook '/home/sun/ros2_ws/install/interfaces_pkg/share/interfaces_pkg/hook/ld_library_path_lib.ps1'
[1.853s] INFO:colcon.colcon_core.shell:Creating environment descriptor '/home/sun/ros2_ws/install/interfaces_pkg/share/interfaces_pkg/hook/ld_library_path_lib.dsv'
[1.853s] INFO:colcon.colcon_core.shell:Creating environment hook '/home/sun/ros2_ws/install/interfaces_pkg/share/interfaces_pkg/hook/ld_library_path_lib.sh'
[1.854s] Level 1:colcon.colcon_core.environment:checking '/home/sun/ros2_ws/install/interfaces_pkg/bin'
[1.854s] Level 1:colcon.colcon_core.environment:checking '/home/sun/ros2_ws/install/interfaces_pkg/lib/pkgconfig/interfaces_pkg.pc'
[1.854s] Level 1:colcon.colcon_core.environment:checking '/home/sun/ros2_ws/install/interfaces_pkg/lib/python3.10/site-packages'
[1.854s] Level 1:colcon.colcon_core.environment:checking '/home/sun/ros2_ws/install/interfaces_pkg/bin'
[1.855s] INFO:colcon.colcon_core.shell:Creating package script '/home/sun/ros2_ws/install/interfaces_pkg/share/interfaces_pkg/package.ps1'
[1.856s] INFO:colcon.colcon_core.shell:Creating package descriptor '/home/sun/ros2_ws/install/interfaces_pkg/share/interfaces_pkg/package.dsv'
[1.856s] INFO:colcon.colcon_core.shell:Creating package script '/home/sun/ros2_ws/install/interfaces_pkg/share/interfaces_pkg/package.sh'
[1.857s] INFO:colcon.colcon_core.shell:Creating package script '/home/sun/ros2_ws/install/interfaces_pkg/share/interfaces_pkg/package.bash'
[1.857s] INFO:colcon.colcon_core.shell:Creating package script '/home/sun/ros2_ws/install/interfaces_pkg/share/interfaces_pkg/package.zsh'
[1.858s] Level 1:colcon.colcon_core.environment:create_file_with_runtime_dependencies(/home/sun/ros2_ws/install/interfaces_pkg/share/colcon-core/packages/interfaces_pkg)
[2.098s] DEBUG:colcon.colcon_core.event_handler.log_command:Invoking command in '/home/sun/ros2_ws/build/decision_making_pkg': PYTHONPATH=/home/sun/ros2_ws/build/decision_making_pkg/prefix_override:/usr/lib/python3/dist-packages/colcon_core/task/python/colcon_distutils_commands:/home/sun/ros2_ws/install/decision_making_pkg/lib/python3.10/site-packages:${PYTHONPATH} /usr/bin/python3 -W ignore:setup.py install is deprecated -W ignore:easy_install command is deprecated setup.py develop --editable --build-directory /home/sun/ros2_ws/build/decision_making_pkg/build --no-deps symlink_data
[2.143s] DEBUG:colcon.colcon_core.event_handler.log_command:Invoking command in '/home/sun/ros2_ws/build/debug_pkg': PYTHONPATH=/home/sun/ros2_ws/build/debug_pkg/prefix_override:/usr/lib/python3/dist-packages/colcon_core/task/python/colcon_distutils_commands:/home/sun/ros2_ws/install/debug_pkg/lib/python3.10/site-packages:${PYTHONPATH} /usr/bin/python3 -W ignore:setup.py install is deprecated -W ignore:easy_install command is deprecated setup.py develop --editable --build-directory /home/sun/ros2_ws/build/debug_pkg/build --no-deps symlink_data
[2.325s] DEBUG:colcon.colcon_core.event_handler.log_command:Invoking command in '/home/sun/ros2_ws/build/serial_communication_pkg': PYTHONPATH=/home/sun/ros2_ws/build/serial_communication_pkg/prefix_override:/usr/lib/python3/dist-packages/colcon_core/task/python/colcon_distutils_commands:/home/sun/ros2_ws/install/serial_communication_pkg/lib/python3.10/site-packages:${PYTHONPATH} /usr/bin/python3 -W ignore:setup.py install is deprecated -W ignore:easy_install command is deprecated setup.py develop --editable --build-directory /home/sun/ros2_ws/build/serial_communication_pkg/build --no-deps symlink_data
[2.330s] DEBUG:colcon.colcon_core.event_handler.log_command:Invoking command in '/home/sun/ros2_ws/build/camera_perception_pkg': PYTHONPATH=/home/sun/ros2_ws/build/camera_perception_pkg/prefix_override:/usr/lib/python3/dist-packages/colcon_core/task/python/colcon_distutils_commands:/home/sun/ros2_ws/install/camera_perception_pkg/lib/python3.10/site-packages:${PYTHONPATH} /usr/bin/python3 -W ignore:setup.py install is deprecated -W ignore:easy_install command is deprecated setup.py develop --editable --build-directory /home/sun/ros2_ws/build/camera_perception_pkg/build --no-deps symlink_data
[2.339s] DEBUG:colcon.colcon_core.event_handler.log_command:Invoking command in '/home/sun/ros2_ws/build/lidar_perception_pkg': PYTHONPATH=/home/sun/ros2_ws/build/lidar_perception_pkg/prefix_override:/usr/lib/python3/dist-packages/colcon_core/task/python/colcon_distutils_commands:/home/sun/ros2_ws/install/lidar_perception_pkg/lib/python3.10/site-packages:${PYTHONPATH} /usr/bin/python3 -W ignore:setup.py install is deprecated -W ignore:easy_install command is deprecated setup.py develop --editable --build-directory /home/sun/ros2_ws/build/lidar_perception_pkg/build --no-deps symlink_data
[2.682s] Level 1:colcon.colcon_core.shell:create_environment_hook('debug_pkg', 'pythonpath_develop')
[2.682s] INFO:colcon.colcon_core.shell:Creating environment hook '/home/sun/ros2_ws/build/debug_pkg/share/debug_pkg/hook/pythonpath_develop.ps1'
[2.683s] DEBUG:colcon.colcon_core.event_handler.log_command:Invoked command in '/home/sun/ros2_ws/build/debug_pkg' returned '0': PYTHONPATH=/home/sun/ros2_ws/build/debug_pkg/prefix_override:/usr/lib/python3/dist-packages/colcon_core/task/python/colcon_distutils_commands:/home/sun/ros2_ws/install/debug_pkg/lib/python3.10/site-packages:${PYTHONPATH} /usr/bin/python3 -W ignore:setup.py install is deprecated -W ignore:easy_install command is deprecated setup.py develop --editable --build-directory /home/sun/ros2_ws/build/debug_pkg/build --no-deps symlink_data
[2.683s] INFO:colcon.colcon_core.shell:Creating environment descriptor '/home/sun/ros2_ws/build/debug_pkg/share/debug_pkg/hook/pythonpath_develop.dsv'
[2.684s] INFO:colcon.colcon_core.shell:Creating environment hook '/home/sun/ros2_ws/build/debug_pkg/share/debug_pkg/hook/pythonpath_develop.sh'
[2.684s] Level 1:colcon.colcon_core.environment:checking '/home/sun/ros2_ws/install/debug_pkg' for CMake module files
[2.685s] Level 1:colcon.colcon_core.environment:checking '/home/sun/ros2_ws/install/debug_pkg' for CMake config files
[2.685s] Level 1:colcon.colcon_core.environment:checking '/home/sun/ros2_ws/install/debug_pkg/lib'
[2.685s] Level 1:colcon.colcon_core.environment:checking '/home/sun/ros2_ws/install/debug_pkg/bin'
[2.685s] Level 1:colcon.colcon_core.environment:checking '/home/sun/ros2_ws/install/debug_pkg/lib/pkgconfig/debug_pkg.pc'
[2.685s] Level 1:colcon.colcon_core.environment:checking '/home/sun/ros2_ws/install/debug_pkg/lib/python3.10/site-packages'
[2.685s] Level 1:colcon.colcon_core.shell:create_environment_hook('debug_pkg', 'pythonpath')
[2.686s] INFO:colcon.colcon_core.shell:Creating environment hook '/home/sun/ros2_ws/install/debug_pkg/share/debug_pkg/hook/pythonpath.ps1'
[2.686s] INFO:colcon.colcon_core.shell:Creating environment descriptor '/home/sun/ros2_ws/install/debug_pkg/share/debug_pkg/hook/pythonpath.dsv'
[2.686s] INFO:colcon.colcon_core.shell:Creating environment hook '/home/sun/ros2_ws/install/debug_pkg/share/debug_pkg/hook/pythonpath.sh'
[2.687s] Level 1:colcon.colcon_core.environment:checking '/home/sun/ros2_ws/install/debug_pkg/bin'
[2.687s] Level 1:colcon.colcon_core.environment:create_environment_scripts_only(debug_pkg)
[2.687s] INFO:colcon.colcon_core.shell:Creating package script '/home/sun/ros2_ws/install/debug_pkg/share/debug_pkg/package.ps1'
[2.688s] INFO:colcon.colcon_core.shell:Creating package descriptor '/home/sun/ros2_ws/install/debug_pkg/share/debug_pkg/package.dsv'
[2.689s] INFO:colcon.colcon_core.shell:Creating package script '/home/sun/ros2_ws/install/debug_pkg/share/debug_pkg/package.sh'
[2.689s] INFO:colcon.colcon_core.shell:Creating package script '/home/sun/ros2_ws/install/debug_pkg/share/debug_pkg/package.bash'
[2.689s] INFO:colcon.colcon_core.shell:Creating package script '/home/sun/ros2_ws/install/debug_pkg/share/debug_pkg/package.zsh'
[2.690s] Level 1:colcon.colcon_core.environment:create_file_with_runtime_dependencies(/home/sun/ros2_ws/install/debug_pkg/share/colcon-core/packages/debug_pkg)
[2.809s] Level 1:colcon.colcon_core.shell:create_environment_hook('decision_making_pkg', 'pythonpath_develop')
[2.810s] INFO:colcon.colcon_core.shell:Creating environment hook '/home/sun/ros2_ws/build/decision_making_pkg/share/decision_making_pkg/hook/pythonpath_develop.ps1'
[2.811s] DEBUG:colcon.colcon_core.event_handler.log_command:Invoked command in '/home/sun/ros2_ws/build/decision_making_pkg' returned '0': PYTHONPATH=/home/sun/ros2_ws/build/decision_making_pkg/prefix_override:/usr/lib/python3/dist-packages/colcon_core/task/python/colcon_distutils_commands:/home/sun/ros2_ws/install/decision_making_pkg/lib/python3.10/site-packages:${PYTHONPATH} /usr/bin/python3 -W ignore:setup.py install is deprecated -W ignore:easy_install command is deprecated setup.py develop --editable --build-directory /home/sun/ros2_ws/build/decision_making_pkg/build --no-deps symlink_data
[2.812s] INFO:colcon.colcon_core.shell:Creating environment descriptor '/home/sun/ros2_ws/build/decision_making_pkg/share/decision_making_pkg/hook/pythonpath_develop.dsv'
[2.813s] INFO:colcon.colcon_core.shell:Creating environment hook '/home/sun/ros2_ws/build/decision_making_pkg/share/decision_making_pkg/hook/pythonpath_develop.sh'
[2.814s] Level 1:colcon.colcon_core.environment:checking '/home/sun/ros2_ws/install/decision_making_pkg' for CMake module files
[2.815s] Level 1:colcon.colcon_core.environment:checking '/home/sun/ros2_ws/install/decision_making_pkg' for CMake config files
[2.816s] Level 1:colcon.colcon_core.environment:checking '/home/sun/ros2_ws/install/decision_making_pkg/lib'
[2.816s] Level 1:colcon.colcon_core.environment:checking '/home/sun/ros2_ws/install/decision_making_pkg/bin'
[2.816s] Level 1:colcon.colcon_core.environment:checking '/home/sun/ros2_ws/install/decision_making_pkg/lib/pkgconfig/decision_making_pkg.pc'
[2.816s] Level 1:colcon.colcon_core.environment:checking '/home/sun/ros2_ws/install/decision_making_pkg/lib/python3.10/site-packages'
[2.816s] Level 1:colcon.colcon_core.shell:create_environment_hook('decision_making_pkg', 'pythonpath')
[2.817s] INFO:colcon.colcon_core.shell:Creating environment hook '/home/sun/ros2_ws/install/decision_making_pkg/share/decision_making_pkg/hook/pythonpath.ps1'
[2.817s] INFO:colcon.colcon_core.shell:Creating environment descriptor '/home/sun/ros2_ws/install/decision_making_pkg/share/decision_making_pkg/hook/pythonpath.dsv'
[2.818s] INFO:colcon.colcon_core.shell:Creating environment hook '/home/sun/ros2_ws/install/decision_making_pkg/share/decision_making_pkg/hook/pythonpath.sh'
[2.819s] Level 1:colcon.colcon_core.environment:checking '/home/sun/ros2_ws/install/decision_making_pkg/bin'
[2.819s] Level 1:colcon.colcon_core.environment:create_environment_scripts_only(decision_making_pkg)
[2.819s] INFO:colcon.colcon_core.shell:Creating package script '/home/sun/ros2_ws/install/decision_making_pkg/share/decision_making_pkg/package.ps1'
[2.820s] INFO:colcon.colcon_core.shell:Creating package descriptor '/home/sun/ros2_ws/install/decision_making_pkg/share/decision_making_pkg/package.dsv'
[2.821s] INFO:colcon.colcon_core.shell:Creating package script '/home/sun/ros2_ws/install/decision_making_pkg/share/decision_making_pkg/package.sh'
[2.822s] INFO:colcon.colcon_core.shell:Creating package script '/home/sun/ros2_ws/install/decision_making_pkg/share/decision_making_pkg/package.bash'
[2.822s] INFO:colcon.colcon_core.shell:Creating package script '/home/sun/ros2_ws/install/decision_making_pkg/share/decision_making_pkg/package.zsh'
[2.823s] Level 1:colcon.colcon_core.environment:create_file_with_runtime_dependencies(/home/sun/ros2_ws/install/decision_making_pkg/share/colcon-core/packages/decision_making_pkg)
[2.857s] Level 1:colcon.colcon_core.shell:create_environment_hook('camera_perception_pkg', 'pythonpath_develop')
[2.858s] INFO:colcon.colcon_core.shell:Creating environment hook '/home/sun/ros2_ws/build/camera_perception_pkg/share/camera_perception_pkg/hook/pythonpath_develop.ps1'
[2.859s] DEBUG:colcon.colcon_core.event_handler.log_command:Invoked command in '/home/sun/ros2_ws/build/camera_perception_pkg' returned '0': PYTHONPATH=/home/sun/ros2_ws/build/camera_perception_pkg/prefix_override:/usr/lib/python3/dist-packages/colcon_core/task/python/colcon_distutils_commands:/home/sun/ros2_ws/install/camera_perception_pkg/lib/python3.10/site-packages:${PYTHONPATH} /usr/bin/python3 -W ignore:setup.py install is deprecated -W ignore:easy_install command is deprecated setup.py develop --editable --build-directory /home/sun/ros2_ws/build/camera_perception_pkg/build --no-deps symlink_data
[2.859s] INFO:colcon.colcon_core.shell:Creating environment descriptor '/home/sun/ros2_ws/build/camera_perception_pkg/share/camera_perception_pkg/hook/pythonpath_develop.dsv'
[2.860s] INFO:colcon.colcon_core.shell:Creating environment hook '/home/sun/ros2_ws/build/camera_perception_pkg/share/camera_perception_pkg/hook/pythonpath_develop.sh'
[2.861s] Level 1:colcon.colcon_core.environment:checking '/home/sun/ros2_ws/install/camera_perception_pkg' for CMake module files
[2.861s] Level 1:colcon.colcon_core.environment:checking '/home/sun/ros2_ws/install/camera_perception_pkg' for CMake config files
[2.862s] Level 1:colcon.colcon_core.environment:checking '/home/sun/ros2_ws/install/camera_perception_pkg/lib'
[2.862s] Level 1:colcon.colcon_core.environment:checking '/home/sun/ros2_ws/install/camera_perception_pkg/bin'
[2.862s] Level 1:colcon.colcon_core.environment:checking '/home/sun/ros2_ws/install/camera_perception_pkg/lib/pkgconfig/camera_perception_pkg.pc'
[2.862s] Level 1:colcon.colcon_core.environment:checking '/home/sun/ros2_ws/install/camera_perception_pkg/lib/python3.10/site-packages'
[2.862s] Level 1:colcon.colcon_core.shell:create_environment_hook('camera_perception_pkg', 'pythonpath')
[2.863s] INFO:colcon.colcon_core.shell:Creating environment hook '/home/sun/ros2_ws/install/camera_perception_pkg/share/camera_perception_pkg/hook/pythonpath.ps1'
[2.863s] INFO:colcon.colcon_core.shell:Creating environment descriptor '/home/sun/ros2_ws/install/camera_perception_pkg/share/camera_perception_pkg/hook/pythonpath.dsv'
[2.864s] INFO:colcon.colcon_core.shell:Creating environment hook '/home/sun/ros2_ws/install/camera_perception_pkg/share/camera_perception_pkg/hook/pythonpath.sh'
[2.864s] Level 1:colcon.colcon_core.environment:checking '/home/sun/ros2_ws/install/camera_perception_pkg/bin'
[2.864s] Level 1:colcon.colcon_core.environment:create_environment_scripts_only(camera_perception_pkg)
[2.865s] INFO:colcon.colcon_core.shell:Creating package script '/home/sun/ros2_ws/install/camera_perception_pkg/share/camera_perception_pkg/package.ps1'
[2.866s] INFO:colcon.colcon_core.shell:Creating package descriptor '/home/sun/ros2_ws/install/camera_perception_pkg/share/camera_perception_pkg/package.dsv'
[2.866s] INFO:colcon.colcon_core.shell:Creating package script '/home/sun/ros2_ws/install/camera_perception_pkg/share/camera_perception_pkg/package.sh'
[2.867s] INFO:colcon.colcon_core.shell:Creating package script '/home/sun/ros2_ws/install/camera_perception_pkg/share/camera_perception_pkg/package.bash'
[2.867s] INFO:colcon.colcon_core.shell:Creating package script '/home/sun/ros2_ws/install/camera_perception_pkg/share/camera_perception_pkg/package.zsh'
[2.867s] Level 1:colcon.colcon_core.environment:create_file_with_runtime_dependencies(/home/sun/ros2_ws/install/camera_perception_pkg/share/colcon-core/packages/camera_perception_pkg)
[3.004s] Level 1:colcon.colcon_core.shell:create_environment_hook('serial_communication_pkg', 'pythonpath_develop')
[3.004s] INFO:colcon.colcon_core.shell:Creating environment hook '/home/sun/ros2_ws/build/serial_communication_pkg/share/serial_communication_pkg/hook/pythonpath_develop.ps1'
[3.005s] DEBUG:colcon.colcon_core.event_handler.log_command:Invoked command in '/home/sun/ros2_ws/build/serial_communication_pkg' returned '0': PYTHONPATH=/home/sun/ros2_ws/build/serial_communication_pkg/prefix_override:/usr/lib/python3/dist-packages/colcon_core/task/python/colcon_distutils_commands:/home/sun/ros2_ws/install/serial_communication_pkg/lib/python3.10/site-packages:${PYTHONPATH} /usr/bin/python3 -W ignore:setup.py install is deprecated -W ignore:easy_install command is deprecated setup.py develop --editable --build-directory /home/sun/ros2_ws/build/serial_communication_pkg/build --no-deps symlink_data
[3.005s] INFO:colcon.colcon_core.shell:Creating environment descriptor '/home/sun/ros2_ws/build/serial_communication_pkg/share/serial_communication_pkg/hook/pythonpath_develop.dsv'
[3.006s] INFO:colcon.colcon_core.shell:Creating environment hook '/home/sun/ros2_ws/build/serial_communication_pkg/share/serial_communication_pkg/hook/pythonpath_develop.sh'
[3.006s] Level 1:colcon.colcon_core.environment:checking '/home/sun/ros2_ws/install/serial_communication_pkg' for CMake module files
[3.007s] Level 1:colcon.colcon_core.environment:checking '/home/sun/ros2_ws/install/serial_communication_pkg' for CMake config files
[3.007s] Level 1:colcon.colcon_core.environment:checking '/home/sun/ros2_ws/install/serial_communication_pkg/lib'
[3.007s] Level 1:colcon.colcon_core.environment:checking '/home/sun/ros2_ws/install/serial_communication_pkg/bin'
[3.007s] Level 1:colcon.colcon_core.environment:checking '/home/sun/ros2_ws/install/serial_communication_pkg/lib/pkgconfig/serial_communication_pkg.pc'
[3.007s] Level 1:colcon.colcon_core.environment:checking '/home/sun/ros2_ws/install/serial_communication_pkg/lib/python3.10/site-packages'
[3.007s] Level 1:colcon.colcon_core.shell:create_environment_hook('serial_communication_pkg', 'pythonpath')
[3.008s] INFO:colcon.colcon_core.shell:Creating environment hook '/home/sun/ros2_ws/install/serial_communication_pkg/share/serial_communication_pkg/hook/pythonpath.ps1'
[3.008s] INFO:colcon.colcon_core.shell:Creating environment descriptor '/home/sun/ros2_ws/install/serial_communication_pkg/share/serial_communication_pkg/hook/pythonpath.dsv'
[3.009s] INFO:colcon.colcon_core.shell:Creating environment hook '/home/sun/ros2_ws/install/serial_communication_pkg/share/serial_communication_pkg/hook/pythonpath.sh'
[3.009s] Level 1:colcon.colcon_core.environment:checking '/home/sun/ros2_ws/install/serial_communication_pkg/bin'
[3.009s] Level 1:colcon.colcon_core.environment:create_environment_scripts_only(serial_communication_pkg)
[3.010s] INFO:colcon.colcon_core.shell:Creating package script '/home/sun/ros2_ws/install/serial_communication_pkg/share/serial_communication_pkg/package.ps1'
[3.010s] INFO:colcon.colcon_core.shell:Creating package descriptor '/home/sun/ros2_ws/install/serial_communication_pkg/share/serial_communication_pkg/package.dsv'
[3.011s] INFO:colcon.colcon_core.shell:Creating package script '/home/sun/ros2_ws/install/serial_communication_pkg/share/serial_communication_pkg/package.sh'
[3.012s] INFO:colcon.colcon_core.shell:Creating package script '/home/sun/ros2_ws/install/serial_communication_pkg/share/serial_communication_pkg/package.bash'
[3.012s] INFO:colcon.colcon_core.shell:Creating package script '/home/sun/ros2_ws/install/serial_communication_pkg/share/serial_communication_pkg/package.zsh'
[3.012s] Level 1:colcon.colcon_core.environment:create_file_with_runtime_dependencies(/home/sun/ros2_ws/install/serial_communication_pkg/share/colcon-core/packages/serial_communication_pkg)
[3.036s] Level 1:colcon.colcon_core.shell:create_environment_hook('lidar_perception_pkg', 'pythonpath_develop')
[3.037s] INFO:colcon.colcon_core.shell:Creating environment hook '/home/sun/ros2_ws/build/lidar_perception_pkg/share/lidar_perception_pkg/hook/pythonpath_develop.ps1'
[3.037s] DEBUG:colcon.colcon_core.event_handler.log_command:Invoked command in '/home/sun/ros2_ws/build/lidar_perception_pkg' returned '0': PYTHONPATH=/home/sun/ros2_ws/build/lidar_perception_pkg/prefix_override:/usr/lib/python3/dist-packages/colcon_core/task/python/colcon_distutils_commands:/home/sun/ros2_ws/install/lidar_perception_pkg/lib/python3.10/site-packages:${PYTHONPATH} /usr/bin/python3 -W ignore:setup.py install is deprecated -W ignore:easy_install command is deprecated setup.py develop --editable --build-directory /home/sun/ros2_ws/build/lidar_perception_pkg/build --no-deps symlink_data
[3.038s] INFO:colcon.colcon_core.shell:Creating environment descriptor '/home/sun/ros2_ws/build/lidar_perception_pkg/share/lidar_perception_pkg/hook/pythonpath_develop.dsv'
[3.038s] INFO:colcon.colcon_core.shell:Creating environment hook '/home/sun/ros2_ws/build/lidar_perception_pkg/share/lidar_perception_pkg/hook/pythonpath_develop.sh'
[3.038s] Level 1:colcon.colcon_core.environment:checking '/home/sun/ros2_ws/install/lidar_perception_pkg' for CMake module files
[3.039s] Level 1:colcon.colcon_core.environment:checking '/home/sun/ros2_ws/install/lidar_perception_pkg' for CMake config files
[3.039s] Level 1:colcon.colcon_core.environment:checking '/home/sun/ros2_ws/install/lidar_perception_pkg/lib'
[3.039s] Level 1:colcon.colcon_core.environment:checking '/home/sun/ros2_ws/install/lidar_perception_pkg/bin'
[3.039s] Level 1:colcon.colcon_core.environment:checking '/home/sun/ros2_ws/install/lidar_perception_pkg/lib/pkgconfig/lidar_perception_pkg.pc'
[3.039s] Level 1:colcon.colcon_core.environment:checking '/home/sun/ros2_ws/install/lidar_perception_pkg/lib/python3.10/site-packages'
[3.039s] Level 1:colcon.colcon_core.shell:create_environment_hook('lidar_perception_pkg', 'pythonpath')
[3.040s] INFO:colcon.colcon_core.shell:Creating environment hook '/home/sun/ros2_ws/install/lidar_perception_pkg/share/lidar_perception_pkg/hook/pythonpath.ps1'
[3.040s] INFO:colcon.colcon_core.shell:Creating environment descriptor '/home/sun/ros2_ws/install/lidar_perception_pkg/share/lidar_perception_pkg/hook/pythonpath.dsv'
[3.041s] INFO:colcon.colcon_core.shell:Creating environment hook '/home/sun/ros2_ws/install/lidar_perception_pkg/share/lidar_perception_pkg/hook/pythonpath.sh'
[3.041s] Level 1:colcon.colcon_core.environment:checking '/home/sun/ros2_ws/install/lidar_perception_pkg/bin'
[3.042s] Level 1:colcon.colcon_core.environment:create_environment_scripts_only(lidar_perception_pkg)
[3.042s] INFO:colcon.colcon_core.shell:Creating package script '/home/sun/ros2_ws/install/lidar_perception_pkg/share/lidar_perception_pkg/package.ps1'
[3.043s] INFO:colcon.colcon_core.shell:Creating package descriptor '/home/sun/ros2_ws/install/lidar_perception_pkg/share/lidar_perception_pkg/package.dsv'
[3.043s] INFO:colcon.colcon_core.shell:Creating package script '/home/sun/ros2_ws/install/lidar_perception_pkg/share/lidar_perception_pkg/package.sh'
[3.043s] INFO:colcon.colcon_core.shell:Creating package script '/home/sun/ros2_ws/install/lidar_perception_pkg/share/lidar_perception_pkg/package.bash'
[3.044s] INFO:colcon.colcon_core.shell:Creating package script '/home/sun/ros2_ws/install/lidar_perception_pkg/share/lidar_perception_pkg/package.zsh'
[3.044s] Level 1:colcon.colcon_core.environment:create_file_with_runtime_dependencies(/home/sun/ros2_ws/install/lidar_perception_pkg/share/colcon-core/packages/lidar_perception_pkg)
[3.044s] DEBUG:colcon.colcon_parallel_executor.executor.parallel:closing loop
[3.044s] DEBUG:colcon.colcon_parallel_executor.executor.parallel:loop closed
[3.045s] DEBUG:colcon.colcon_parallel_executor.executor.parallel:run_until_complete finished with '0'
[3.045s] DEBUG:colcon.colcon_core.event_reactor:joining thread
[3.049s] INFO:colcon.colcon_core.plugin_system:Skipping extension 'colcon_notification.desktop_notification.terminal_notifier': Not used on non-Darwin systems
[3.049s] INFO:colcon.colcon_core.plugin_system:Skipping extension 'colcon_notification.desktop_notification.win32': Not used on non-Windows systems
[3.049s] INFO:colcon.colcon_notification.desktop_notification:Sending desktop notification using 'notify2'
[3.059s] DEBUG:colcon.colcon_core.event_reactor:joined thread
[3.059s] INFO:colcon.colcon_core.shell:Creating prefix script '/home/sun/ros2_ws/install/local_setup.ps1'
[3.060s] INFO:colcon.colcon_core.shell:Creating prefix util module '/home/sun/ros2_ws/install/_local_setup_util_ps1.py'
[3.064s] INFO:colcon.colcon_core.shell:Creating prefix chain script '/home/sun/ros2_ws/install/setup.ps1'
[3.065s] INFO:colcon.colcon_core.shell:Creating prefix script '/home/sun/ros2_ws/install/local_setup.sh'
[3.066s] INFO:colcon.colcon_core.shell:Creating prefix util module '/home/sun/ros2_ws/install/_local_setup_util_sh.py'
[3.066s] INFO:colcon.colcon_core.shell:Creating prefix chain script '/home/sun/ros2_ws/install/setup.sh'
[3.067s] INFO:colcon.colcon_core.shell:Creating prefix script '/home/sun/ros2_ws/install/local_setup.bash'
[3.068s] INFO:colcon.colcon_core.shell:Creating prefix chain script '/home/sun/ros2_ws/install/setup.bash'
[3.068s] INFO:colcon.colcon_core.shell:Creating prefix script '/home/sun/ros2_ws/install/local_setup.zsh'
[3.069s] INFO:colcon.colcon_core.shell:Creating prefix chain script '/home/sun/ros2_ws/install/setup.zsh'
