[1.648s] Invoking command in '/home/sun/ros2_ws/build/decision_making_pkg': PYTHONPATH=/home/sun/ros2_ws/build/decision_making_pkg/prefix_override:/usr/lib/python3/dist-packages/colcon_core/task/python/colcon_distutils_commands:/home/sun/ros2_ws/install/decision_making_pkg/lib/python3.10/site-packages:${PYTHONPATH} /usr/bin/python3 -W ignore:setup.py install is deprecated -W ignore:easy_install command is deprecated setup.py develop --editable --build-directory /home/sun/ros2_ws/build/decision_making_pkg/build --no-deps symlink_data
[2.106s] running develop
[2.292s] running egg_info
[2.292s] creating decision_making_pkg.egg-info
[2.292s] writing decision_making_pkg.egg-info/PKG-INFO
[2.292s] writing dependency_links to decision_making_pkg.egg-info/dependency_links.txt
[2.292s] writing entry points to decision_making_pkg.egg-info/entry_points.txt
[2.292s] writing requirements to decision_making_pkg.egg-info/requires.txt
[2.292s] writing top-level names to decision_making_pkg.egg-info/top_level.txt
[2.293s] writing manifest file 'decision_making_pkg.egg-info/SOURCES.txt'
[2.296s] reading manifest file 'decision_making_pkg.egg-info/SOURCES.txt'
[2.297s] writing manifest file 'decision_making_pkg.egg-info/SOURCES.txt'
[2.299s] running build_ext
[2.300s] Creating /home/sun/ros2_ws/install/decision_making_pkg/lib/python3.10/site-packages/decision-making-pkg.egg-link (link to .)
[2.301s] Installing motion_planner_node script to /home/sun/ros2_ws/install/decision_making_pkg/lib/decision_making_pkg
[2.301s] Installing path_planner_node script to /home/sun/ros2_ws/install/decision_making_pkg/lib/decision_making_pkg
[2.301s] 
[2.301s] Installed /home/sun/ros2_ws/build/decision_making_pkg
[2.301s] running symlink_data
[2.301s] creating /home/sun/ros2_ws/install/decision_making_pkg/share/ament_index
[2.301s] creating /home/sun/ros2_ws/install/decision_making_pkg/share/ament_index/resource_index
[2.301s] creating /home/sun/ros2_ws/install/decision_making_pkg/share/ament_index/resource_index/packages
[2.301s] symbolically linking /home/sun/ros2_ws/build/decision_making_pkg/resource/decision_making_pkg -> /home/sun/ros2_ws/install/decision_making_pkg/share/ament_index/resource_index/packages
[2.302s] symbolically linking /home/sun/ros2_ws/build/decision_making_pkg/package.xml -> /home/sun/ros2_ws/install/decision_making_pkg/share/decision_making_pkg
[2.377s] Invoked command in '/home/sun/ros2_ws/build/decision_making_pkg' returned '0': PYTHONPATH=/home/sun/ros2_ws/build/decision_making_pkg/prefix_override:/usr/lib/python3/dist-packages/colcon_core/task/python/colcon_distutils_commands:/home/sun/ros2_ws/install/decision_making_pkg/lib/python3.10/site-packages:${PYTHONPATH} /usr/bin/python3 -W ignore:setup.py install is deprecated -W ignore:easy_install command is deprecated setup.py develop --editable --build-directory /home/sun/ros2_ws/build/decision_making_pkg/build --no-deps symlink_data
