[1.873s] Invoking command in '/home/sun/ros2_ws/build/serial_communication_pkg': PYTHONPATH=/home/sun/ros2_ws/build/serial_communication_pkg/prefix_override:/usr/lib/python3/dist-packages/colcon_core/task/python/colcon_distutils_commands:/home/sun/ros2_ws/install/serial_communication_pkg/lib/python3.10/site-packages:${PYTHONPATH} /usr/bin/python3 -W ignore:setup.py install is deprecated -W ignore:easy_install command is deprecated setup.py develop --editable --build-directory /home/sun/ros2_ws/build/serial_communication_pkg/build --no-deps symlink_data
[2.355s] running develop
[2.523s] running egg_info
[2.524s] creating serial_communication_pkg.egg-info
[2.524s] writing serial_communication_pkg.egg-info/PKG-INFO
[2.524s] writing dependency_links to serial_communication_pkg.egg-info/dependency_links.txt
[2.524s] writing entry points to serial_communication_pkg.egg-info/entry_points.txt
[2.524s] writing requirements to serial_communication_pkg.egg-info/requires.txt
[2.524s] writing top-level names to serial_communication_pkg.egg-info/top_level.txt
[2.524s] writing manifest file 'serial_communication_pkg.egg-info/SOURCES.txt'
[2.527s] reading manifest file 'serial_communication_pkg.egg-info/SOURCES.txt'
[2.528s] writing manifest file 'serial_communication_pkg.egg-info/SOURCES.txt'
[2.530s] running build_ext
[2.530s] Creating /home/sun/ros2_ws/install/serial_communication_pkg/lib/python3.10/site-packages/serial-communication-pkg.egg-link (link to .)
[2.531s] Installing serial_sender_node script to /home/sun/ros2_ws/install/serial_communication_pkg/lib/serial_communication_pkg
[2.531s] 
[2.531s] Installed /home/sun/ros2_ws/build/serial_communication_pkg
[2.532s] running symlink_data
[2.532s] creating /home/sun/ros2_ws/install/serial_communication_pkg/share/ament_index
[2.532s] creating /home/sun/ros2_ws/install/serial_communication_pkg/share/ament_index/resource_index
[2.532s] creating /home/sun/ros2_ws/install/serial_communication_pkg/share/ament_index/resource_index/packages
[2.532s] symbolically linking /home/sun/ros2_ws/build/serial_communication_pkg/resource/serial_communication_pkg -> /home/sun/ros2_ws/install/serial_communication_pkg/share/ament_index/resource_index/packages
[2.532s] symbolically linking /home/sun/ros2_ws/build/serial_communication_pkg/package.xml -> /home/sun/ros2_ws/install/serial_communication_pkg/share/serial_communication_pkg
[2.595s] Invoked command in '/home/sun/ros2_ws/build/serial_communication_pkg' returned '0': PYTHONPATH=/home/sun/ros2_ws/build/serial_communication_pkg/prefix_override:/usr/lib/python3/dist-packages/colcon_core/task/python/colcon_distutils_commands:/home/sun/ros2_ws/install/serial_communication_pkg/lib/python3.10/site-packages:${PYTHONPATH} /usr/bin/python3 -W ignore:setup.py install is deprecated -W ignore:easy_install command is deprecated setup.py develop --editable --build-directory /home/sun/ros2_ws/build/serial_communication_pkg/build --no-deps symlink_data
