[1.985s] Invoking command in '/home/sun/ros2_ws/build/camera_perception_pkg': PYTHONPATH=/home/sun/ros2_ws/build/camera_perception_pkg/prefix_override:/usr/lib/python3/dist-packages/colcon_core/task/python/colcon_distutils_commands:/home/sun/ros2_ws/install/camera_perception_pkg/lib/python3.10/site-packages:${PYTHONPATH} /usr/bin/python3 -W ignore:setup.py install is deprecated -W ignore:easy_install command is deprecated setup.py develop --editable --build-directory /home/sun/ros2_ws/build/camera_perception_pkg/build --no-deps symlink_data
[2.282s] running develop
[2.460s] running egg_info
[2.460s] writing camera_perception_pkg.egg-info/PKG-INFO
[2.460s] writing dependency_links to camera_perception_pkg.egg-info/dependency_links.txt
[2.460s] writing entry points to camera_perception_pkg.egg-info/entry_points.txt
[2.461s] writing requirements to camera_perception_pkg.egg-info/requires.txt
[2.461s] writing top-level names to camera_perception_pkg.egg-info/top_level.txt
[2.463s] reading manifest file 'camera_perception_pkg.egg-info/SOURCES.txt'
[2.464s] writing manifest file 'camera_perception_pkg.egg-info/SOURCES.txt'
[2.466s] running build_ext
[2.467s] Creating /home/sun/ros2_ws/install/camera_perception_pkg/lib/python3.10/site-packages/camera-perception-pkg.egg-link (link to .)
[2.467s] Installing image_publisher_node script to /home/sun/ros2_ws/install/camera_perception_pkg/lib/camera_perception_pkg
[2.467s] Installing lane_info_extractor_node script to /home/sun/ros2_ws/install/camera_perception_pkg/lib/camera_perception_pkg
[2.467s] Installing traffic_light_detector_node script to /home/sun/ros2_ws/install/camera_perception_pkg/lib/camera_perception_pkg
[2.467s] Installing yolov8_node script to /home/sun/ros2_ws/install/camera_perception_pkg/lib/camera_perception_pkg
[2.467s] 
[2.467s] Installed /home/sun/ros2_ws/build/camera_perception_pkg
[2.468s] running symlink_data
[2.514s] Invoked command in '/home/sun/ros2_ws/build/camera_perception_pkg' returned '0': PYTHONPATH=/home/sun/ros2_ws/build/camera_perception_pkg/prefix_override:/usr/lib/python3/dist-packages/colcon_core/task/python/colcon_distutils_commands:/home/sun/ros2_ws/install/camera_perception_pkg/lib/python3.10/site-packages:${PYTHONPATH} /usr/bin/python3 -W ignore:setup.py install is deprecated -W ignore:easy_install command is deprecated setup.py develop --editable --build-directory /home/sun/ros2_ws/build/camera_perception_pkg/build --no-deps symlink_data
