[0.097s] DEBUG:colcon:Command line arguments: ['/usr/bin/colcon', 'build', '--symlink-install', '--packages-select', 'camera_perception_pkg', 'interface_pkg']
[0.097s] DEBUG:colcon:Parsed command line arguments: Namespace(log_base=None, log_level=None, verb_name='build', build_base='build', install_base='install', merge_install=False, symlink_install=True, test_result_base=None, continue_on_error=False, executor='parallel', parallel_workers=8, event_handlers=None, ignore_user_meta=False, metas=['./colcon.meta'], base_paths=['.'], packages_ignore=None, packages_ignore_regex=None, paths=None, packages_up_to=None, packages_up_to_regex=None, packages_above=None, packages_above_and_dependencies=None, packages_above_depth=None, packages_select_by_dep=None, packages_skip_by_dep=None, packages_skip_up_to=None, packages_select_build_failed=False, packages_skip_build_finished=False, packages_select_test_failures=False, packages_skip_test_passed=False, packages_select=['camera_perception_pkg', 'interface_pkg'], packages_skip=None, packages_select_regex=None, packages_skip_regex=None, packages_start=None, packages_end=None, allow_overriding=[], cmake_args=None, cmake_target=None, cmake_target_skip_unavailable=False, cmake_clean_cache=False, cmake_clean_first=False, cmake_force_configure=False, ament_cmake_args=None, catkin_cmake_args=None, catkin_skip_building_tests=False, mixin_files=None, mixin=None, verb_parser=<colcon_mixin.mixin.mixin_argument.MixinArgumentDecorator object at 0x72372b174340>, verb_extension=<colcon_core.verb.build.BuildVerb object at 0x72372b289240>, main=<bound method BuildVerb.main of <colcon_core.verb.build.BuildVerb object at 0x72372b289240>>, mixin_verb=('build',))
[0.243s] Level 1:colcon.colcon_core.package_discovery:discover_packages(colcon_meta) check parameters
[0.243s] Level 1:colcon.colcon_core.package_discovery:discover_packages(recursive) check parameters
[0.243s] Level 1:colcon.colcon_core.package_discovery:discover_packages(ignore) check parameters
[0.243s] Level 1:colcon.colcon_core.package_discovery:discover_packages(path) check parameters
[0.243s] Level 1:colcon.colcon_core.package_discovery:discover_packages(colcon_meta) discover
[0.243s] Level 1:colcon.colcon_core.package_discovery:discover_packages(recursive) discover
[0.244s] INFO:colcon.colcon_core.package_discovery:Crawling recursively for packages in '/home/sun/ros2_ws'
[0.244s] Level 1:colcon.colcon_core.package_identification:_identify(.) by extensions ['ignore', 'ignore_ament_install']
[0.244s] Level 1:colcon.colcon_core.package_identification:_identify(.) by extension 'ignore'
[0.244s] Level 1:colcon.colcon_core.package_identification:_identify(.) by extension 'ignore_ament_install'
[0.244s] Level 1:colcon.colcon_core.package_identification:_identify(.) by extensions ['colcon_pkg']
[0.244s] Level 1:colcon.colcon_core.package_identification:_identify(.) by extension 'colcon_pkg'
[0.244s] Level 1:colcon.colcon_core.package_identification:_identify(.) by extensions ['colcon_meta']
[0.244s] Level 1:colcon.colcon_core.package_identification:_identify(.) by extension 'colcon_meta'
[0.244s] Level 1:colcon.colcon_core.package_identification:_identify(.) by extensions ['ros']
[0.244s] Level 1:colcon.colcon_core.package_identification:_identify(.) by extension 'ros'
[0.262s] Level 1:colcon.colcon_core.package_identification:_identify(.) by extensions ['cmake', 'python']
[0.262s] Level 1:colcon.colcon_core.package_identification:_identify(.) by extension 'cmake'
[0.262s] Level 1:colcon.colcon_core.package_identification:_identify(.) by extension 'python'
[0.262s] Level 1:colcon.colcon_core.package_identification:_identify(.) by extensions ['python_setup_py']
[0.262s] Level 1:colcon.colcon_core.package_identification:_identify(.) by extension 'python_setup_py'
[0.262s] Level 1:colcon.colcon_core.package_identification:_identify(best) by extensions ['ignore', 'ignore_ament_install']
[0.262s] Level 1:colcon.colcon_core.package_identification:_identify(best) by extension 'ignore'
[0.262s] Level 1:colcon.colcon_core.package_identification:_identify(best) by extension 'ignore_ament_install'
[0.262s] Level 1:colcon.colcon_core.package_identification:_identify(best) by extensions ['colcon_pkg']
[0.262s] Level 1:colcon.colcon_core.package_identification:_identify(best) by extension 'colcon_pkg'
[0.263s] Level 1:colcon.colcon_core.package_identification:_identify(best) by extensions ['colcon_meta']
[0.263s] Level 1:colcon.colcon_core.package_identification:_identify(best) by extension 'colcon_meta'
[0.263s] Level 1:colcon.colcon_core.package_identification:_identify(best) by extensions ['ros']
[0.263s] Level 1:colcon.colcon_core.package_identification:_identify(best) by extension 'ros'
[0.263s] Level 1:colcon.colcon_core.package_identification:_identify(best) by extensions ['cmake', 'python']
[0.263s] Level 1:colcon.colcon_core.package_identification:_identify(best) by extension 'cmake'
[0.263s] Level 1:colcon.colcon_core.package_identification:_identify(best) by extension 'python'
[0.263s] Level 1:colcon.colcon_core.package_identification:_identify(best) by extensions ['python_setup_py']
[0.263s] Level 1:colcon.colcon_core.package_identification:_identify(best) by extension 'python_setup_py'
[0.263s] Level 1:colcon.colcon_core.package_identification:_identify(best/data) by extensions ['ignore', 'ignore_ament_install']
[0.263s] Level 1:colcon.colcon_core.package_identification:_identify(best/data) by extension 'ignore'
[0.263s] Level 1:colcon.colcon_core.package_identification:_identify(best/data) by extension 'ignore_ament_install'
[0.263s] Level 1:colcon.colcon_core.package_identification:_identify(best/data) by extensions ['colcon_pkg']
[0.263s] Level 1:colcon.colcon_core.package_identification:_identify(best/data) by extension 'colcon_pkg'
[0.263s] Level 1:colcon.colcon_core.package_identification:_identify(best/data) by extensions ['colcon_meta']
[0.263s] Level 1:colcon.colcon_core.package_identification:_identify(best/data) by extension 'colcon_meta'
[0.263s] Level 1:colcon.colcon_core.package_identification:_identify(best/data) by extensions ['ros']
[0.264s] Level 1:colcon.colcon_core.package_identification:_identify(best/data) by extension 'ros'
[0.264s] Level 1:colcon.colcon_core.package_identification:_identify(best/data) by extensions ['cmake', 'python']
[0.264s] Level 1:colcon.colcon_core.package_identification:_identify(best/data) by extension 'cmake'
[0.264s] Level 1:colcon.colcon_core.package_identification:_identify(best/data) by extension 'python'
[0.264s] Level 1:colcon.colcon_core.package_identification:_identify(best/data) by extensions ['python_setup_py']
[0.264s] Level 1:colcon.colcon_core.package_identification:_identify(best/data) by extension 'python_setup_py'
[0.264s] Level 1:colcon.colcon_core.package_identification:_identify(build) by extensions ['ignore', 'ignore_ament_install']
[0.264s] Level 1:colcon.colcon_core.package_identification:_identify(build) by extension 'ignore'
[0.264s] Level 1:colcon.colcon_core.package_identification:_identify(build) ignored
[0.264s] Level 1:colcon.colcon_core.package_identification:_identify(install) by extensions ['ignore', 'ignore_ament_install']
[0.264s] Level 1:colcon.colcon_core.package_identification:_identify(install) by extension 'ignore'
[0.264s] Level 1:colcon.colcon_core.package_identification:_identify(install) ignored
[0.264s] Level 1:colcon.colcon_core.package_identification:_identify(log) by extensions ['ignore', 'ignore_ament_install']
[0.264s] Level 1:colcon.colcon_core.package_identification:_identify(log) by extension 'ignore'
[0.264s] Level 1:colcon.colcon_core.package_identification:_identify(log) ignored
[0.265s] Level 1:colcon.colcon_core.package_identification:_identify(src) by extensions ['ignore', 'ignore_ament_install']
[0.265s] Level 1:colcon.colcon_core.package_identification:_identify(src) by extension 'ignore'
[0.265s] Level 1:colcon.colcon_core.package_identification:_identify(src) by extension 'ignore_ament_install'
[0.265s] Level 1:colcon.colcon_core.package_identification:_identify(src) by extensions ['colcon_pkg']
[0.265s] Level 1:colcon.colcon_core.package_identification:_identify(src) by extension 'colcon_pkg'
[0.265s] Level 1:colcon.colcon_core.package_identification:_identify(src) by extensions ['colcon_meta']
[0.265s] Level 1:colcon.colcon_core.package_identification:_identify(src) by extension 'colcon_meta'
[0.265s] Level 1:colcon.colcon_core.package_identification:_identify(src) by extensions ['ros']
[0.265s] Level 1:colcon.colcon_core.package_identification:_identify(src) by extension 'ros'
[0.265s] Level 1:colcon.colcon_core.package_identification:_identify(src) by extensions ['cmake', 'python']
[0.265s] Level 1:colcon.colcon_core.package_identification:_identify(src) by extension 'cmake'
[0.265s] Level 1:colcon.colcon_core.package_identification:_identify(src) by extension 'python'
[0.265s] Level 1:colcon.colcon_core.package_identification:_identify(src) by extensions ['python_setup_py']
[0.265s] Level 1:colcon.colcon_core.package_identification:_identify(src) by extension 'python_setup_py'
[0.265s] Level 1:colcon.colcon_core.package_identification:_identify(src/camera_perception_pkg) by extensions ['ignore', 'ignore_ament_install']
[0.265s] Level 1:colcon.colcon_core.package_identification:_identify(src/camera_perception_pkg) by extension 'ignore'
[0.265s] Level 1:colcon.colcon_core.package_identification:_identify(src/camera_perception_pkg) by extension 'ignore_ament_install'
[0.265s] Level 1:colcon.colcon_core.package_identification:_identify(src/camera_perception_pkg) by extensions ['colcon_pkg']
[0.265s] Level 1:colcon.colcon_core.package_identification:_identify(src/camera_perception_pkg) by extension 'colcon_pkg'
[0.265s] Level 1:colcon.colcon_core.package_identification:_identify(src/camera_perception_pkg) by extensions ['colcon_meta']
[0.265s] Level 1:colcon.colcon_core.package_identification:_identify(src/camera_perception_pkg) by extension 'colcon_meta'
[0.266s] Level 1:colcon.colcon_core.package_identification:_identify(src/camera_perception_pkg) by extensions ['ros']
[0.266s] Level 1:colcon.colcon_core.package_identification:_identify(src/camera_perception_pkg) by extension 'ros'
[0.268s] DEBUG:colcon.colcon_core.package_identification:Package 'src/camera_perception_pkg' with type 'ros.ament_python' and name 'camera_perception_pkg'
[0.268s] Level 1:colcon.colcon_core.package_identification:_identify(src/control) by extensions ['ignore', 'ignore_ament_install']
[0.268s] Level 1:colcon.colcon_core.package_identification:_identify(src/control) by extension 'ignore'
[0.268s] Level 1:colcon.colcon_core.package_identification:_identify(src/control) by extension 'ignore_ament_install'
[0.268s] Level 1:colcon.colcon_core.package_identification:_identify(src/control) by extensions ['colcon_pkg']
[0.268s] Level 1:colcon.colcon_core.package_identification:_identify(src/control) by extension 'colcon_pkg'
[0.268s] Level 1:colcon.colcon_core.package_identification:_identify(src/control) by extensions ['colcon_meta']
[0.268s] Level 1:colcon.colcon_core.package_identification:_identify(src/control) by extension 'colcon_meta'
[0.268s] Level 1:colcon.colcon_core.package_identification:_identify(src/control) by extensions ['ros']
[0.268s] Level 1:colcon.colcon_core.package_identification:_identify(src/control) by extension 'ros'
[0.268s] Level 1:colcon.colcon_core.package_identification:_identify(src/control) by extensions ['cmake', 'python']
[0.268s] Level 1:colcon.colcon_core.package_identification:_identify(src/control) by extension 'cmake'
[0.268s] Level 1:colcon.colcon_core.package_identification:_identify(src/control) by extension 'python'
[0.268s] Level 1:colcon.colcon_core.package_identification:_identify(src/control) by extensions ['python_setup_py']
[0.269s] Level 1:colcon.colcon_core.package_identification:_identify(src/control) by extension 'python_setup_py'
[0.269s] Level 1:colcon.colcon_core.package_identification:_identify(src/control/check_variable_resistor) by extensions ['ignore', 'ignore_ament_install']
[0.269s] Level 1:colcon.colcon_core.package_identification:_identify(src/control/check_variable_resistor) by extension 'ignore'
[0.269s] Level 1:colcon.colcon_core.package_identification:_identify(src/control/check_variable_resistor) by extension 'ignore_ament_install'
[0.269s] Level 1:colcon.colcon_core.package_identification:_identify(src/control/check_variable_resistor) by extensions ['colcon_pkg']
[0.269s] Level 1:colcon.colcon_core.package_identification:_identify(src/control/check_variable_resistor) by extension 'colcon_pkg'
[0.269s] Level 1:colcon.colcon_core.package_identification:_identify(src/control/check_variable_resistor) by extensions ['colcon_meta']
[0.269s] Level 1:colcon.colcon_core.package_identification:_identify(src/control/check_variable_resistor) by extension 'colcon_meta'
[0.269s] Level 1:colcon.colcon_core.package_identification:_identify(src/control/check_variable_resistor) by extensions ['ros']
[0.269s] Level 1:colcon.colcon_core.package_identification:_identify(src/control/check_variable_resistor) by extension 'ros'
[0.269s] Level 1:colcon.colcon_core.package_identification:_identify(src/control/check_variable_resistor) by extensions ['cmake', 'python']
[0.269s] Level 1:colcon.colcon_core.package_identification:_identify(src/control/check_variable_resistor) by extension 'cmake'
[0.269s] Level 1:colcon.colcon_core.package_identification:_identify(src/control/check_variable_resistor) by extension 'python'
[0.269s] Level 1:colcon.colcon_core.package_identification:_identify(src/control/check_variable_resistor) by extensions ['python_setup_py']
[0.269s] Level 1:colcon.colcon_core.package_identification:_identify(src/control/check_variable_resistor) by extension 'python_setup_py'
[0.269s] Level 1:colcon.colcon_core.package_identification:_identify(src/control/driving) by extensions ['ignore', 'ignore_ament_install']
[0.269s] Level 1:colcon.colcon_core.package_identification:_identify(src/control/driving) by extension 'ignore'
[0.269s] Level 1:colcon.colcon_core.package_identification:_identify(src/control/driving) by extension 'ignore_ament_install'
[0.269s] Level 1:colcon.colcon_core.package_identification:_identify(src/control/driving) by extensions ['colcon_pkg']
[0.269s] Level 1:colcon.colcon_core.package_identification:_identify(src/control/driving) by extension 'colcon_pkg'
[0.269s] Level 1:colcon.colcon_core.package_identification:_identify(src/control/driving) by extensions ['colcon_meta']
[0.270s] Level 1:colcon.colcon_core.package_identification:_identify(src/control/driving) by extension 'colcon_meta'
[0.270s] Level 1:colcon.colcon_core.package_identification:_identify(src/control/driving) by extensions ['ros']
[0.270s] Level 1:colcon.colcon_core.package_identification:_identify(src/control/driving) by extension 'ros'
[0.270s] Level 1:colcon.colcon_core.package_identification:_identify(src/control/driving) by extensions ['cmake', 'python']
[0.270s] Level 1:colcon.colcon_core.package_identification:_identify(src/control/driving) by extension 'cmake'
[0.270s] Level 1:colcon.colcon_core.package_identification:_identify(src/control/driving) by extension 'python'
[0.270s] Level 1:colcon.colcon_core.package_identification:_identify(src/control/driving) by extensions ['python_setup_py']
[0.270s] Level 1:colcon.colcon_core.package_identification:_identify(src/control/driving) by extension 'python_setup_py'
[0.270s] Level 1:colcon.colcon_core.package_identification:_identify(src/control/motor_test) by extensions ['ignore', 'ignore_ament_install']
[0.270s] Level 1:colcon.colcon_core.package_identification:_identify(src/control/motor_test) by extension 'ignore'
[0.270s] Level 1:colcon.colcon_core.package_identification:_identify(src/control/motor_test) by extension 'ignore_ament_install'
[0.270s] Level 1:colcon.colcon_core.package_identification:_identify(src/control/motor_test) by extensions ['colcon_pkg']
[0.270s] Level 1:colcon.colcon_core.package_identification:_identify(src/control/motor_test) by extension 'colcon_pkg'
[0.270s] Level 1:colcon.colcon_core.package_identification:_identify(src/control/motor_test) by extensions ['colcon_meta']
[0.270s] Level 1:colcon.colcon_core.package_identification:_identify(src/control/motor_test) by extension 'colcon_meta'
[0.270s] Level 1:colcon.colcon_core.package_identification:_identify(src/control/motor_test) by extensions ['ros']
[0.270s] Level 1:colcon.colcon_core.package_identification:_identify(src/control/motor_test) by extension 'ros'
[0.270s] Level 1:colcon.colcon_core.package_identification:_identify(src/control/motor_test) by extensions ['cmake', 'python']
[0.270s] Level 1:colcon.colcon_core.package_identification:_identify(src/control/motor_test) by extension 'cmake'
[0.270s] Level 1:colcon.colcon_core.package_identification:_identify(src/control/motor_test) by extension 'python'
[0.270s] Level 1:colcon.colcon_core.package_identification:_identify(src/control/motor_test) by extensions ['python_setup_py']
[0.270s] Level 1:colcon.colcon_core.package_identification:_identify(src/control/motor_test) by extension 'python_setup_py'
[0.270s] Level 1:colcon.colcon_core.package_identification:_identify(src/control/ultrasonic) by extensions ['ignore', 'ignore_ament_install']
[0.270s] Level 1:colcon.colcon_core.package_identification:_identify(src/control/ultrasonic) by extension 'ignore'
[0.271s] Level 1:colcon.colcon_core.package_identification:_identify(src/control/ultrasonic) by extension 'ignore_ament_install'
[0.271s] Level 1:colcon.colcon_core.package_identification:_identify(src/control/ultrasonic) by extensions ['colcon_pkg']
[0.271s] Level 1:colcon.colcon_core.package_identification:_identify(src/control/ultrasonic) by extension 'colcon_pkg'
[0.271s] Level 1:colcon.colcon_core.package_identification:_identify(src/control/ultrasonic) by extensions ['colcon_meta']
[0.271s] Level 1:colcon.colcon_core.package_identification:_identify(src/control/ultrasonic) by extension 'colcon_meta'
[0.271s] Level 1:colcon.colcon_core.package_identification:_identify(src/control/ultrasonic) by extensions ['ros']
[0.271s] Level 1:colcon.colcon_core.package_identification:_identify(src/control/ultrasonic) by extension 'ros'
[0.271s] Level 1:colcon.colcon_core.package_identification:_identify(src/control/ultrasonic) by extensions ['cmake', 'python']
[0.271s] Level 1:colcon.colcon_core.package_identification:_identify(src/control/ultrasonic) by extension 'cmake'
[0.271s] Level 1:colcon.colcon_core.package_identification:_identify(src/control/ultrasonic) by extension 'python'
[0.271s] Level 1:colcon.colcon_core.package_identification:_identify(src/control/ultrasonic) by extensions ['python_setup_py']
[0.271s] Level 1:colcon.colcon_core.package_identification:_identify(src/control/ultrasonic) by extension 'python_setup_py'
[0.271s] Level 1:colcon.colcon_core.package_identification:_identify(src/data_collection) by extensions ['ignore', 'ignore_ament_install']
[0.271s] Level 1:colcon.colcon_core.package_identification:_identify(src/data_collection) by extension 'ignore'
[0.271s] Level 1:colcon.colcon_core.package_identification:_identify(src/data_collection) by extension 'ignore_ament_install'
[0.271s] Level 1:colcon.colcon_core.package_identification:_identify(src/data_collection) by extensions ['colcon_pkg']
[0.271s] Level 1:colcon.colcon_core.package_identification:_identify(src/data_collection) by extension 'colcon_pkg'
[0.271s] Level 1:colcon.colcon_core.package_identification:_identify(src/data_collection) by extensions ['colcon_meta']
[0.271s] Level 1:colcon.colcon_core.package_identification:_identify(src/data_collection) by extension 'colcon_meta'
[0.271s] Level 1:colcon.colcon_core.package_identification:_identify(src/data_collection) by extensions ['ros']
[0.271s] Level 1:colcon.colcon_core.package_identification:_identify(src/data_collection) by extension 'ros'
[0.271s] Level 1:colcon.colcon_core.package_identification:_identify(src/data_collection) by extensions ['cmake', 'python']
[0.271s] Level 1:colcon.colcon_core.package_identification:_identify(src/data_collection) by extension 'cmake'
[0.271s] Level 1:colcon.colcon_core.package_identification:_identify(src/data_collection) by extension 'python'
[0.271s] Level 1:colcon.colcon_core.package_identification:_identify(src/data_collection) by extensions ['python_setup_py']
[0.271s] Level 1:colcon.colcon_core.package_identification:_identify(src/data_collection) by extension 'python_setup_py'
[0.271s] Level 1:colcon.colcon_core.package_identification:_identify(src/debug_pkg) by extensions ['ignore', 'ignore_ament_install']
[0.272s] Level 1:colcon.colcon_core.package_identification:_identify(src/debug_pkg) by extension 'ignore'
[0.272s] Level 1:colcon.colcon_core.package_identification:_identify(src/debug_pkg) by extension 'ignore_ament_install'
[0.272s] Level 1:colcon.colcon_core.package_identification:_identify(src/debug_pkg) by extensions ['colcon_pkg']
[0.272s] Level 1:colcon.colcon_core.package_identification:_identify(src/debug_pkg) by extension 'colcon_pkg'
[0.272s] Level 1:colcon.colcon_core.package_identification:_identify(src/debug_pkg) by extensions ['colcon_meta']
[0.272s] Level 1:colcon.colcon_core.package_identification:_identify(src/debug_pkg) by extension 'colcon_meta'
[0.272s] Level 1:colcon.colcon_core.package_identification:_identify(src/debug_pkg) by extensions ['ros']
[0.272s] Level 1:colcon.colcon_core.package_identification:_identify(src/debug_pkg) by extension 'ros'
[0.272s] DEBUG:colcon.colcon_core.package_identification:Package 'src/debug_pkg' with type 'ros.ament_python' and name 'debug_pkg'
[0.272s] Level 1:colcon.colcon_core.package_identification:_identify(src/decision_making_pkg) by extensions ['ignore', 'ignore_ament_install']
[0.272s] Level 1:colcon.colcon_core.package_identification:_identify(src/decision_making_pkg) by extension 'ignore'
[0.273s] Level 1:colcon.colcon_core.package_identification:_identify(src/decision_making_pkg) by extension 'ignore_ament_install'
[0.273s] Level 1:colcon.colcon_core.package_identification:_identify(src/decision_making_pkg) by extensions ['colcon_pkg']
[0.273s] Level 1:colcon.colcon_core.package_identification:_identify(src/decision_making_pkg) by extension 'colcon_pkg'
[0.273s] Level 1:colcon.colcon_core.package_identification:_identify(src/decision_making_pkg) by extensions ['colcon_meta']
[0.273s] Level 1:colcon.colcon_core.package_identification:_identify(src/decision_making_pkg) by extension 'colcon_meta'
[0.273s] Level 1:colcon.colcon_core.package_identification:_identify(src/decision_making_pkg) by extensions ['ros']
[0.273s] Level 1:colcon.colcon_core.package_identification:_identify(src/decision_making_pkg) by extension 'ros'
[0.273s] DEBUG:colcon.colcon_core.package_identification:Package 'src/decision_making_pkg' with type 'ros.ament_python' and name 'decision_making_pkg'
[0.273s] Level 1:colcon.colcon_core.package_identification:_identify(src/interfaces_pkg) by extensions ['ignore', 'ignore_ament_install']
[0.273s] Level 1:colcon.colcon_core.package_identification:_identify(src/interfaces_pkg) by extension 'ignore'
[0.274s] Level 1:colcon.colcon_core.package_identification:_identify(src/interfaces_pkg) by extension 'ignore_ament_install'
[0.274s] Level 1:colcon.colcon_core.package_identification:_identify(src/interfaces_pkg) by extensions ['colcon_pkg']
[0.274s] Level 1:colcon.colcon_core.package_identification:_identify(src/interfaces_pkg) by extension 'colcon_pkg'
[0.274s] Level 1:colcon.colcon_core.package_identification:_identify(src/interfaces_pkg) by extensions ['colcon_meta']
[0.274s] Level 1:colcon.colcon_core.package_identification:_identify(src/interfaces_pkg) by extension 'colcon_meta'
[0.274s] Level 1:colcon.colcon_core.package_identification:_identify(src/interfaces_pkg) by extensions ['ros']
[0.274s] Level 1:colcon.colcon_core.package_identification:_identify(src/interfaces_pkg) by extension 'ros'
[0.274s] DEBUG:colcon.colcon_core.package_identification:Package 'src/interfaces_pkg' with type 'ros.ament_cmake' and name 'interfaces_pkg'
[0.274s] Level 1:colcon.colcon_core.package_identification:_identify(src/lidar_perception_pkg) by extensions ['ignore', 'ignore_ament_install']
[0.274s] Level 1:colcon.colcon_core.package_identification:_identify(src/lidar_perception_pkg) by extension 'ignore'
[0.275s] Level 1:colcon.colcon_core.package_identification:_identify(src/lidar_perception_pkg) by extension 'ignore_ament_install'
[0.275s] Level 1:colcon.colcon_core.package_identification:_identify(src/lidar_perception_pkg) by extensions ['colcon_pkg']
[0.275s] Level 1:colcon.colcon_core.package_identification:_identify(src/lidar_perception_pkg) by extension 'colcon_pkg'
[0.275s] Level 1:colcon.colcon_core.package_identification:_identify(src/lidar_perception_pkg) by extensions ['colcon_meta']
[0.275s] Level 1:colcon.colcon_core.package_identification:_identify(src/lidar_perception_pkg) by extension 'colcon_meta'
[0.275s] Level 1:colcon.colcon_core.package_identification:_identify(src/lidar_perception_pkg) by extensions ['ros']
[0.275s] Level 1:colcon.colcon_core.package_identification:_identify(src/lidar_perception_pkg) by extension 'ros'
[0.275s] DEBUG:colcon.colcon_core.package_identification:Package 'src/lidar_perception_pkg' with type 'ros.ament_python' and name 'lidar_perception_pkg'
[0.275s] Level 1:colcon.colcon_core.package_identification:_identify(src/serial_communication_pkg) by extensions ['ignore', 'ignore_ament_install']
[0.275s] Level 1:colcon.colcon_core.package_identification:_identify(src/serial_communication_pkg) by extension 'ignore'
[0.275s] Level 1:colcon.colcon_core.package_identification:_identify(src/serial_communication_pkg) by extension 'ignore_ament_install'
[0.276s] Level 1:colcon.colcon_core.package_identification:_identify(src/serial_communication_pkg) by extensions ['colcon_pkg']
[0.276s] Level 1:colcon.colcon_core.package_identification:_identify(src/serial_communication_pkg) by extension 'colcon_pkg'
[0.276s] Level 1:colcon.colcon_core.package_identification:_identify(src/serial_communication_pkg) by extensions ['colcon_meta']
[0.276s] Level 1:colcon.colcon_core.package_identification:_identify(src/serial_communication_pkg) by extension 'colcon_meta'
[0.276s] Level 1:colcon.colcon_core.package_identification:_identify(src/serial_communication_pkg) by extensions ['ros']
[0.276s] Level 1:colcon.colcon_core.package_identification:_identify(src/serial_communication_pkg) by extension 'ros'
[0.276s] DEBUG:colcon.colcon_core.package_identification:Package 'src/serial_communication_pkg' with type 'ros.ament_python' and name 'serial_communication_pkg'
[0.276s] Level 1:colcon.colcon_core.package_discovery:discover_packages(recursive) using defaults
[0.276s] Level 1:colcon.colcon_core.package_discovery:discover_packages(ignore) discover
[0.276s] Level 1:colcon.colcon_core.package_discovery:discover_packages(ignore) using defaults
[0.276s] Level 1:colcon.colcon_core.package_discovery:discover_packages(path) discover
[0.276s] Level 1:colcon.colcon_core.package_discovery:discover_packages(path) using defaults
[0.276s] WARNING:colcon.colcon_core.package_selection:ignoring unknown package 'interface_pkg' in --packages-select
[0.294s] INFO:colcon.colcon_core.package_selection:Skipping not selected package 'debug_pkg' in 'src/debug_pkg'
[0.294s] INFO:colcon.colcon_core.package_selection:Skipping not selected package 'decision_making_pkg' in 'src/decision_making_pkg'
[0.294s] INFO:colcon.colcon_core.package_selection:Skipping not selected package 'interfaces_pkg' in 'src/interfaces_pkg'
[0.294s] INFO:colcon.colcon_core.package_selection:Skipping not selected package 'lidar_perception_pkg' in 'src/lidar_perception_pkg'
[0.294s] INFO:colcon.colcon_core.package_selection:Skipping not selected package 'serial_communication_pkg' in 'src/serial_communication_pkg'
[0.295s] Level 1:colcon.colcon_core.package_discovery:discover_packages(prefix_path) check parameters
[0.295s] Level 1:colcon.colcon_core.package_discovery:discover_packages(prefix_path) discover
[0.296s] DEBUG:colcon.colcon_installed_package_information.package_discovery:Found 6 installed packages in /home/sun/ros2_ws/install
[0.297s] DEBUG:colcon.colcon_installed_package_information.package_discovery:Found 271 installed packages in /opt/ros/humble
[0.299s] Level 1:colcon.colcon_core.package_discovery:discover_packages(prefix_path) using defaults
[0.336s] Level 5:colcon.colcon_core.verb:set package 'camera_perception_pkg' build argument 'cmake_args' from command line to 'None'
[0.336s] Level 5:colcon.colcon_core.verb:set package 'camera_perception_pkg' build argument 'cmake_target' from command line to 'None'
[0.336s] Level 5:colcon.colcon_core.verb:set package 'camera_perception_pkg' build argument 'cmake_target_skip_unavailable' from command line to 'False'
[0.336s] Level 5:colcon.colcon_core.verb:set package 'camera_perception_pkg' build argument 'cmake_clean_cache' from command line to 'False'
[0.336s] Level 5:colcon.colcon_core.verb:set package 'camera_perception_pkg' build argument 'cmake_clean_first' from command line to 'False'
[0.336s] Level 5:colcon.colcon_core.verb:set package 'camera_perception_pkg' build argument 'cmake_force_configure' from command line to 'False'
[0.336s] Level 5:colcon.colcon_core.verb:set package 'camera_perception_pkg' build argument 'ament_cmake_args' from command line to 'None'
[0.336s] Level 5:colcon.colcon_core.verb:set package 'camera_perception_pkg' build argument 'catkin_cmake_args' from command line to 'None'
[0.336s] Level 5:colcon.colcon_core.verb:set package 'camera_perception_pkg' build argument 'catkin_skip_building_tests' from command line to 'False'
[0.336s] DEBUG:colcon.colcon_core.verb:Building package 'camera_perception_pkg' with the following arguments: {'ament_cmake_args': None, 'build_base': '/home/sun/ros2_ws/build/camera_perception_pkg', 'catkin_cmake_args': None, 'catkin_skip_building_tests': False, 'cmake_args': None, 'cmake_clean_cache': False, 'cmake_clean_first': False, 'cmake_force_configure': False, 'cmake_target': None, 'cmake_target_skip_unavailable': False, 'install_base': '/home/sun/ros2_ws/install/camera_perception_pkg', 'merge_install': False, 'path': '/home/sun/ros2_ws/src/camera_perception_pkg', 'symlink_install': True, 'test_result_base': None}
[0.336s] INFO:colcon.colcon_core.executor:Executing jobs using 'parallel' executor
[0.337s] DEBUG:colcon.colcon_parallel_executor.executor.parallel:run_until_complete
[0.338s] INFO:colcon.colcon_ros.task.ament_python.build:Building ROS package in '/home/sun/ros2_ws/src/camera_perception_pkg' with build type 'ament_python'
[0.338s] Level 1:colcon.colcon_core.shell:create_environment_hook('camera_perception_pkg', 'ament_prefix_path')
[0.339s] INFO:colcon.colcon_core.plugin_system:Skipping extension 'colcon_core.shell.bat': Not used on non-Windows systems
[0.340s] INFO:colcon.colcon_core.shell:Creating environment hook '/home/sun/ros2_ws/install/camera_perception_pkg/share/camera_perception_pkg/hook/ament_prefix_path.ps1'
[0.340s] INFO:colcon.colcon_core.shell:Creating environment descriptor '/home/sun/ros2_ws/install/camera_perception_pkg/share/camera_perception_pkg/hook/ament_prefix_path.dsv'
[0.341s] INFO:colcon.colcon_core.shell:Creating environment hook '/home/sun/ros2_ws/install/camera_perception_pkg/share/camera_perception_pkg/hook/ament_prefix_path.sh'
[0.341s] INFO:colcon.colcon_core.shell:Skip shell extension 'powershell' for command environment: Not usable outside of PowerShell
[0.341s] DEBUG:colcon.colcon_core.shell:Skip shell extension 'dsv' for command environment
[0.584s] INFO:colcon.colcon_core.task.python.build:Building Python package in '/home/sun/ros2_ws/src/camera_perception_pkg'
[0.585s] INFO:colcon.colcon_core.shell:Skip shell extension 'powershell' for command environment: Not usable outside of PowerShell
[0.585s] DEBUG:colcon.colcon_core.shell:Skip shell extension 'dsv' for command environment
[0.896s] DEBUG:colcon.colcon_core.event_handler.log_command:Invoking command in '/home/sun/ros2_ws/build/camera_perception_pkg': PYTHONPATH=/home/sun/ros2_ws/build/camera_perception_pkg/prefix_override:/usr/lib/python3/dist-packages/colcon_core/task/python/colcon_distutils_commands:/home/sun/ros2_ws/install/camera_perception_pkg/lib/python3.10/site-packages:${PYTHONPATH} /usr/bin/python3 -W ignore:setup.py install is deprecated -W ignore:easy_install command is deprecated setup.py develop --editable --build-directory /home/sun/ros2_ws/build/camera_perception_pkg/build --no-deps symlink_data
[1.304s] Level 1:colcon.colcon_core.shell:create_environment_hook('camera_perception_pkg', 'pythonpath_develop')
[1.304s] INFO:colcon.colcon_core.shell:Creating environment hook '/home/sun/ros2_ws/build/camera_perception_pkg/share/camera_perception_pkg/hook/pythonpath_develop.ps1'
[1.304s] DEBUG:colcon.colcon_core.event_handler.log_command:Invoked command in '/home/sun/ros2_ws/build/camera_perception_pkg' returned '0': PYTHONPATH=/home/sun/ros2_ws/build/camera_perception_pkg/prefix_override:/usr/lib/python3/dist-packages/colcon_core/task/python/colcon_distutils_commands:/home/sun/ros2_ws/install/camera_perception_pkg/lib/python3.10/site-packages:${PYTHONPATH} /usr/bin/python3 -W ignore:setup.py install is deprecated -W ignore:easy_install command is deprecated setup.py develop --editable --build-directory /home/sun/ros2_ws/build/camera_perception_pkg/build --no-deps symlink_data
[1.305s] INFO:colcon.colcon_core.shell:Creating environment descriptor '/home/sun/ros2_ws/build/camera_perception_pkg/share/camera_perception_pkg/hook/pythonpath_develop.dsv'
[1.305s] INFO:colcon.colcon_core.shell:Creating environment hook '/home/sun/ros2_ws/build/camera_perception_pkg/share/camera_perception_pkg/hook/pythonpath_develop.sh'
[1.308s] Level 1:colcon.colcon_core.environment:checking '/home/sun/ros2_ws/install/camera_perception_pkg' for CMake module files
[1.308s] Level 1:colcon.colcon_core.environment:checking '/home/sun/ros2_ws/install/camera_perception_pkg' for CMake config files
[1.309s] Level 1:colcon.colcon_core.environment:checking '/home/sun/ros2_ws/install/camera_perception_pkg/lib'
[1.309s] Level 1:colcon.colcon_core.environment:checking '/home/sun/ros2_ws/install/camera_perception_pkg/bin'
[1.309s] Level 1:colcon.colcon_core.environment:checking '/home/sun/ros2_ws/install/camera_perception_pkg/lib/pkgconfig/camera_perception_pkg.pc'
[1.309s] Level 1:colcon.colcon_core.environment:checking '/home/sun/ros2_ws/install/camera_perception_pkg/lib/python3.10/site-packages'
[1.309s] Level 1:colcon.colcon_core.shell:create_environment_hook('camera_perception_pkg', 'pythonpath')
[1.309s] INFO:colcon.colcon_core.shell:Creating environment hook '/home/sun/ros2_ws/install/camera_perception_pkg/share/camera_perception_pkg/hook/pythonpath.ps1'
[1.310s] INFO:colcon.colcon_core.shell:Creating environment descriptor '/home/sun/ros2_ws/install/camera_perception_pkg/share/camera_perception_pkg/hook/pythonpath.dsv'
[1.310s] INFO:colcon.colcon_core.shell:Creating environment hook '/home/sun/ros2_ws/install/camera_perception_pkg/share/camera_perception_pkg/hook/pythonpath.sh'
[1.310s] Level 1:colcon.colcon_core.environment:checking '/home/sun/ros2_ws/install/camera_perception_pkg/bin'
[1.311s] Level 1:colcon.colcon_core.environment:create_environment_scripts_only(camera_perception_pkg)
[1.311s] INFO:colcon.colcon_core.shell:Creating package script '/home/sun/ros2_ws/install/camera_perception_pkg/share/camera_perception_pkg/package.ps1'
[1.312s] INFO:colcon.colcon_core.shell:Creating package descriptor '/home/sun/ros2_ws/install/camera_perception_pkg/share/camera_perception_pkg/package.dsv'
[1.312s] INFO:colcon.colcon_core.shell:Creating package script '/home/sun/ros2_ws/install/camera_perception_pkg/share/camera_perception_pkg/package.sh'
[1.313s] INFO:colcon.colcon_core.shell:Creating package script '/home/sun/ros2_ws/install/camera_perception_pkg/share/camera_perception_pkg/package.bash'
[1.314s] INFO:colcon.colcon_core.shell:Creating package script '/home/sun/ros2_ws/install/camera_perception_pkg/share/camera_perception_pkg/package.zsh'
[1.314s] Level 1:colcon.colcon_core.environment:create_file_with_runtime_dependencies(/home/sun/ros2_ws/install/camera_perception_pkg/share/colcon-core/packages/camera_perception_pkg)
[1.315s] DEBUG:colcon.colcon_parallel_executor.executor.parallel:closing loop
[1.315s] DEBUG:colcon.colcon_parallel_executor.executor.parallel:loop closed
[1.315s] DEBUG:colcon.colcon_parallel_executor.executor.parallel:run_until_complete finished with '0'
[1.315s] DEBUG:colcon.colcon_core.event_reactor:joining thread
[1.319s] INFO:colcon.colcon_core.plugin_system:Skipping extension 'colcon_notification.desktop_notification.terminal_notifier': Not used on non-Darwin systems
[1.320s] INFO:colcon.colcon_core.plugin_system:Skipping extension 'colcon_notification.desktop_notification.win32': Not used on non-Windows systems
[1.320s] INFO:colcon.colcon_notification.desktop_notification:Sending desktop notification using 'notify2'
[1.332s] DEBUG:colcon.colcon_core.event_reactor:joined thread
[1.333s] INFO:colcon.colcon_core.shell:Creating prefix script '/home/sun/ros2_ws/install/local_setup.ps1'
[1.334s] INFO:colcon.colcon_core.shell:Creating prefix util module '/home/sun/ros2_ws/install/_local_setup_util_ps1.py'
[1.336s] INFO:colcon.colcon_core.shell:Creating prefix chain script '/home/sun/ros2_ws/install/setup.ps1'
[1.337s] INFO:colcon.colcon_core.shell:Creating prefix script '/home/sun/ros2_ws/install/local_setup.sh'
[1.338s] INFO:colcon.colcon_core.shell:Creating prefix util module '/home/sun/ros2_ws/install/_local_setup_util_sh.py'
[1.338s] INFO:colcon.colcon_core.shell:Creating prefix chain script '/home/sun/ros2_ws/install/setup.sh'
[1.340s] INFO:colcon.colcon_core.shell:Creating prefix script '/home/sun/ros2_ws/install/local_setup.bash'
[1.340s] INFO:colcon.colcon_core.shell:Creating prefix chain script '/home/sun/ros2_ws/install/setup.bash'
[1.341s] INFO:colcon.colcon_core.shell:Creating prefix script '/home/sun/ros2_ws/install/local_setup.zsh'
[1.342s] INFO:colcon.colcon_core.shell:Creating prefix chain script '/home/sun/ros2_ws/install/setup.zsh'
