[1.748s] Invoking command in '/home/sun/ros2_ws/build/debug_pkg': PYTHONPATH=/home/sun/ros2_ws/build/debug_pkg/prefix_override:/usr/lib/python3/dist-packages/colcon_core/task/python/colcon_distutils_commands:/home/sun/ros2_ws/install/debug_pkg/lib/python3.10/site-packages:${PYTHONPATH} /usr/bin/python3 -W ignore:setup.py install is deprecated -W ignore:easy_install command is deprecated setup.py develop --editable --build-directory /home/sun/ros2_ws/build/debug_pkg/build --no-deps symlink_data
[2.072s] running develop
[2.262s] running egg_info
[2.263s] creating debug_pkg.egg-info
[2.263s] writing debug_pkg.egg-info/PKG-INFO
[2.263s] writing dependency_links to debug_pkg.egg-info/dependency_links.txt
[2.263s] writing entry points to debug_pkg.egg-info/entry_points.txt
[2.263s] writing requirements to debug_pkg.egg-info/requires.txt
[2.263s] writing top-level names to debug_pkg.egg-info/top_level.txt
[2.263s] writing manifest file 'debug_pkg.egg-info/SOURCES.txt'
[2.267s] reading manifest file 'debug_pkg.egg-info/SOURCES.txt'
[2.268s] writing manifest file 'debug_pkg.egg-info/SOURCES.txt'
[2.270s] running build_ext
[2.270s] Creating /home/sun/ros2_ws/install/debug_pkg/lib/python3.10/site-packages/debug-pkg.egg-link (link to .)
[2.271s] Installing path_visualizer_node script to /home/sun/ros2_ws/install/debug_pkg/lib/debug_pkg
[2.271s] Installing yolov8_visualizer_node script to /home/sun/ros2_ws/install/debug_pkg/lib/debug_pkg
[2.271s] 
[2.271s] Installed /home/sun/ros2_ws/build/debug_pkg
[2.271s] running symlink_data
[2.272s] creating /home/sun/ros2_ws/install/debug_pkg/share/ament_index
[2.272s] creating /home/sun/ros2_ws/install/debug_pkg/share/ament_index/resource_index
[2.272s] creating /home/sun/ros2_ws/install/debug_pkg/share/ament_index/resource_index/packages
[2.272s] symbolically linking /home/sun/ros2_ws/build/debug_pkg/resource/debug_pkg -> /home/sun/ros2_ws/install/debug_pkg/share/ament_index/resource_index/packages
[2.272s] symbolically linking /home/sun/ros2_ws/build/debug_pkg/package.xml -> /home/sun/ros2_ws/install/debug_pkg/share/debug_pkg
[2.351s] Invoked command in '/home/sun/ros2_ws/build/debug_pkg' returned '0': PYTHONPATH=/home/sun/ros2_ws/build/debug_pkg/prefix_override:/usr/lib/python3/dist-packages/colcon_core/task/python/colcon_distutils_commands:/home/sun/ros2_ws/install/debug_pkg/lib/python3.10/site-packages:${PYTHONPATH} /usr/bin/python3 -W ignore:setup.py install is deprecated -W ignore:easy_install command is deprecated setup.py develop --editable --build-directory /home/sun/ros2_ws/build/debug_pkg/build --no-deps symlink_data
