[1.872s] Invoking command in '/home/sun/ros2_ws/build/lidar_perception_pkg': PYTHONPATH=/home/sun/ros2_ws/build/lidar_perception_pkg/prefix_override:/usr/lib/python3/dist-packages/colcon_core/task/python/colcon_distutils_commands:/home/sun/ros2_ws/install/lidar_perception_pkg/lib/python3.10/site-packages:${PYTHONPATH} /usr/bin/python3 -W ignore:setup.py install is deprecated -W ignore:easy_install command is deprecated setup.py develop --editable --build-directory /home/sun/ros2_ws/build/lidar_perception_pkg/build --no-deps symlink_data
[2.356s] running develop
[2.524s] running egg_info
[2.524s] creating lidar_perception_pkg.egg-info
[2.525s] writing lidar_perception_pkg.egg-info/PKG-INFO
[2.525s] writing dependency_links to lidar_perception_pkg.egg-info/dependency_links.txt
[2.525s] writing entry points to lidar_perception_pkg.egg-info/entry_points.txt
[2.525s] writing requirements to lidar_perception_pkg.egg-info/requires.txt
[2.525s] writing top-level names to lidar_perception_pkg.egg-info/top_level.txt
[2.525s] writing manifest file 'lidar_perception_pkg.egg-info/SOURCES.txt'
[2.527s] reading manifest file 'lidar_perception_pkg.egg-info/SOURCES.txt'
[2.528s] writing manifest file 'lidar_perception_pkg.egg-info/SOURCES.txt'
[2.529s] running build_ext
[2.529s] Creating /home/sun/ros2_ws/install/lidar_perception_pkg/lib/python3.10/site-packages/lidar-perception-pkg.egg-link (link to .)
[2.530s] Installing lidar_obstacle_detector_node script to /home/sun/ros2_ws/install/lidar_perception_pkg/lib/lidar_perception_pkg
[2.530s] Installing lidar_processor_node script to /home/sun/ros2_ws/install/lidar_perception_pkg/lib/lidar_perception_pkg
[2.530s] Installing lidar_publisher_node script to /home/sun/ros2_ws/install/lidar_perception_pkg/lib/lidar_perception_pkg
[2.530s] 
[2.530s] Installed /home/sun/ros2_ws/build/lidar_perception_pkg
[2.531s] running symlink_data
[2.531s] creating /home/sun/ros2_ws/install/lidar_perception_pkg/share/ament_index
[2.531s] creating /home/sun/ros2_ws/install/lidar_perception_pkg/share/ament_index/resource_index
[2.531s] creating /home/sun/ros2_ws/install/lidar_perception_pkg/share/ament_index/resource_index/packages
[2.531s] symbolically linking /home/sun/ros2_ws/build/lidar_perception_pkg/resource/lidar_perception_pkg -> /home/sun/ros2_ws/install/lidar_perception_pkg/share/ament_index/resource_index/packages
[2.531s] symbolically linking /home/sun/ros2_ws/build/lidar_perception_pkg/package.xml -> /home/sun/ros2_ws/install/lidar_perception_pkg/share/lidar_perception_pkg
[2.589s] Invoked command in '/home/sun/ros2_ws/build/lidar_perception_pkg' returned '0': PYTHONPATH=/home/sun/ros2_ws/build/lidar_perception_pkg/prefix_override:/usr/lib/python3/dist-packages/colcon_core/task/python/colcon_distutils_commands:/home/sun/ros2_ws/install/lidar_perception_pkg/lib/python3.10/site-packages:${PYTHONPATH} /usr/bin/python3 -W ignore:setup.py install is deprecated -W ignore:easy_install command is deprecated setup.py develop --editable --build-directory /home/sun/ros2_ws/build/lidar_perception_pkg/build --no-deps symlink_data
