[0.733s] Invoking command in '/home/sun/ros2_ws/build/interfaces_pkg': CMAKE_PREFIX_PATH=${CMAKE_PREFIX_PATH}:/home/sun/ros2_ws/install/serial_communication_pkg:/home/sun/ros2_ws/install/lidar_perception_pkg:/home/sun/ros2_ws/install/decision_making_pkg:/home/sun/ros2_ws/install/debug_pkg:/home/sun/ros2_ws/install/camera_perception_pkg:/opt/ros/humble /usr/bin/cmake --build /home/sun/ros2_ws/build/interfaces_pkg -- -j8 -l8
[1.285s] [35m[1mConsolidate compiler generated dependencies of target interfaces_pkg__rosidl_generator_c[0m
[1.286s] [  0%] Built target interfaces_pkg__cpp
[1.286s] [  0%] Built target ament_cmake_python_symlink_interfaces_pkg
[1.286s] [ 12%] Built target interfaces_pkg__rosidl_generator_c
[1.286s] [35m[1mConsolidate compiler generated dependencies of target interfaces_pkg__rosidl_typesupport_fastrtps_cpp[0m
[1.286s] [35m[1mConsolidate compiler generated dependencies of target interfaces_pkg__rosidl_typesupport_cpp[0m
[1.286s] [35m[1mConsolidate compiler generated dependencies of target interfaces_pkg__rosidl_typesupport_introspection_cpp[0m
[1.286s] [35m[1mConsolidate compiler generated dependencies of target interfaces_pkg__rosidl_typesupport_introspection_c[0m
[1.287s] [35m[1mConsolidate compiler generated dependencies of target interfaces_pkg__rosidl_typesupport_fastrtps_c[0m
[1.287s] [35m[1mConsolidate compiler generated dependencies of target interfaces_pkg__rosidl_typesupport_c[0m
[1.287s] [ 24%] Built target interfaces_pkg__rosidl_typesupport_introspection_cpp
[1.287s] [ 36%] Built target interfaces_pkg__rosidl_typesupport_fastrtps_cpp
[1.287s] [ 48%] Built target interfaces_pkg__rosidl_typesupport_introspection_c
[1.287s] [ 60%] Built target interfaces_pkg__rosidl_typesupport_cpp
[1.287s] [ 72%] Built target interfaces_pkg__rosidl_typesupport_fastrtps_c
[1.288s] [ 84%] Built target interfaces_pkg__rosidl_typesupport_c
[1.288s] [ 84%] Built target interfaces_pkg
[1.288s] [ 85%] Built target interfaces_pkg__py
[1.288s] [35m[1mConsolidate compiler generated dependencies of target interfaces_pkg__rosidl_generator_py[0m
[1.288s] [ 96%] Built target interfaces_pkg__rosidl_generator_py
[1.288s] [35m[1mConsolidate compiler generated dependencies of target interfaces_pkg__rosidl_typesupport_fastrtps_c__pyext[0m
[1.288s] [35m[1mConsolidate compiler generated dependencies of target interfaces_pkg__rosidl_typesupport_c__pyext[0m
[1.288s] [35m[1mConsolidate compiler generated dependencies of target interfaces_pkg__rosidl_typesupport_introspection_c__pyext[0m
[1.288s] [ 97%] Built target interfaces_pkg__rosidl_typesupport_fastrtps_c__pyext
[1.288s] [ 98%] Built target interfaces_pkg__rosidl_typesupport_c__pyext
[1.288s] [100%] Built target interfaces_pkg__rosidl_typesupport_introspection_c__pyext
[1.288s] running egg_info
[1.288s] writing interfaces_pkg.egg-info/PKG-INFO
[1.289s] writing dependency_links to interfaces_pkg.egg-info/dependency_links.txt
[1.289s] writing top-level names to interfaces_pkg.egg-info/top_level.txt
[1.289s] reading manifest file 'interfaces_pkg.egg-info/SOURCES.txt'
[1.289s] writing manifest file 'interfaces_pkg.egg-info/SOURCES.txt'
[1.289s] [100%] Built target ament_cmake_python_build_interfaces_pkg_egg
[1.289s] Invoked command in '/home/sun/ros2_ws/build/interfaces_pkg' returned '0': CMAKE_PREFIX_PATH=${CMAKE_PREFIX_PATH}:/home/sun/ros2_ws/install/serial_communication_pkg:/home/sun/ros2_ws/install/lidar_perception_pkg:/home/sun/ros2_ws/install/decision_making_pkg:/home/sun/ros2_ws/install/debug_pkg:/home/sun/ros2_ws/install/camera_perception_pkg:/opt/ros/humble /usr/bin/cmake --build /home/sun/ros2_ws/build/interfaces_pkg -- -j8 -l8
[1.297s] Invoking command in '/home/sun/ros2_ws/build/interfaces_pkg': CMAKE_PREFIX_PATH=${CMAKE_PREFIX_PATH}:/home/sun/ros2_ws/install/serial_communication_pkg:/home/sun/ros2_ws/install/lidar_perception_pkg:/home/sun/ros2_ws/install/decision_making_pkg:/home/sun/ros2_ws/install/debug_pkg:/home/sun/ros2_ws/install/camera_perception_pkg:/opt/ros/humble /usr/bin/cmake --install /home/sun/ros2_ws/build/interfaces_pkg
[1.309s] -- Install configuration: ""
[1.309s] -- Execute custom install script
[1.309s] -- Up-to-date symlink: /home/sun/ros2_ws/install/interfaces_pkg/share/ament_index/resource_index/rosidl_interfaces/interfaces_pkg
[1.309s] -- Up-to-date symlink: /home/sun/ros2_ws/install/interfaces_pkg/include/interfaces_pkg/interfaces_pkg/msg/bounding_box2_d.h
[1.310s] -- Up-to-date symlink: /home/sun/ros2_ws/install/interfaces_pkg/include/interfaces_pkg/interfaces_pkg/msg/bounding_box3_d.h
[1.310s] -- Up-to-date symlink: /home/sun/ros2_ws/install/interfaces_pkg/include/interfaces_pkg/interfaces_pkg/msg/detail/bounding_box2_d__functions.h
[1.310s] -- Up-to-date symlink: /home/sun/ros2_ws/install/interfaces_pkg/include/interfaces_pkg/interfaces_pkg/msg/detail/bounding_box2_d__struct.h
[1.310s] -- Up-to-date symlink: /home/sun/ros2_ws/install/interfaces_pkg/include/interfaces_pkg/interfaces_pkg/msg/detail/bounding_box2_d__type_support.h
[1.310s] -- Up-to-date symlink: /home/sun/ros2_ws/install/interfaces_pkg/include/interfaces_pkg/interfaces_pkg/msg/detail/bounding_box3_d__functions.h
[1.310s] -- Up-to-date symlink: /home/sun/ros2_ws/install/interfaces_pkg/include/interfaces_pkg/interfaces_pkg/msg/detail/bounding_box3_d__struct.h
[1.310s] -- Up-to-date symlink: /home/sun/ros2_ws/install/interfaces_pkg/include/interfaces_pkg/interfaces_pkg/msg/detail/bounding_box3_d__type_support.h
[1.311s] -- Up-to-date symlink: /home/sun/ros2_ws/install/interfaces_pkg/include/interfaces_pkg/interfaces_pkg/msg/detail/detection__functions.h
[1.311s] -- Up-to-date symlink: /home/sun/ros2_ws/install/interfaces_pkg/include/interfaces_pkg/interfaces_pkg/msg/detail/detection__struct.h
[1.311s] -- Up-to-date symlink: /home/sun/ros2_ws/install/interfaces_pkg/include/interfaces_pkg/interfaces_pkg/msg/detail/detection__type_support.h
[1.311s] -- Up-to-date symlink: /home/sun/ros2_ws/install/interfaces_pkg/include/interfaces_pkg/interfaces_pkg/msg/detail/detection_array__functions.h
[1.311s] -- Up-to-date symlink: /home/sun/ros2_ws/install/interfaces_pkg/include/interfaces_pkg/interfaces_pkg/msg/detail/detection_array__struct.h
[1.311s] -- Up-to-date symlink: /home/sun/ros2_ws/install/interfaces_pkg/include/interfaces_pkg/interfaces_pkg/msg/detail/detection_array__type_support.h
[1.311s] -- Up-to-date symlink: /home/sun/ros2_ws/install/interfaces_pkg/include/interfaces_pkg/interfaces_pkg/msg/detail/key_point2_d__functions.h
[1.311s] -- Up-to-date symlink: /home/sun/ros2_ws/install/interfaces_pkg/include/interfaces_pkg/interfaces_pkg/msg/detail/key_point2_d__struct.h
[1.312s] -- Up-to-date symlink: /home/sun/ros2_ws/install/interfaces_pkg/include/interfaces_pkg/interfaces_pkg/msg/detail/key_point2_d__type_support.h
[1.312s] -- Up-to-date symlink: /home/sun/ros2_ws/install/interfaces_pkg/include/interfaces_pkg/interfaces_pkg/msg/detail/key_point2_d_array__functions.h
[1.312s] -- Up-to-date symlink: /home/sun/ros2_ws/install/interfaces_pkg/include/interfaces_pkg/interfaces_pkg/msg/detail/key_point2_d_array__struct.h
[1.312s] -- Up-to-date symlink: /home/sun/ros2_ws/install/interfaces_pkg/include/interfaces_pkg/interfaces_pkg/msg/detail/key_point2_d_array__type_support.h
[1.312s] -- Up-to-date symlink: /home/sun/ros2_ws/install/interfaces_pkg/include/interfaces_pkg/interfaces_pkg/msg/detail/key_point3_d__functions.h
[1.312s] -- Up-to-date symlink: /home/sun/ros2_ws/install/interfaces_pkg/include/interfaces_pkg/interfaces_pkg/msg/detail/key_point3_d__struct.h
[1.312s] -- Up-to-date symlink: /home/sun/ros2_ws/install/interfaces_pkg/include/interfaces_pkg/interfaces_pkg/msg/detail/key_point3_d__type_support.h
[1.312s] -- Up-to-date symlink: /home/sun/ros2_ws/install/interfaces_pkg/include/interfaces_pkg/interfaces_pkg/msg/detail/key_point3_d_array__functions.h
[1.313s] -- Up-to-date symlink: /home/sun/ros2_ws/install/interfaces_pkg/include/interfaces_pkg/interfaces_pkg/msg/detail/key_point3_d_array__struct.h
[1.313s] -- Up-to-date symlink: /home/sun/ros2_ws/install/interfaces_pkg/include/interfaces_pkg/interfaces_pkg/msg/detail/key_point3_d_array__type_support.h
[1.313s] -- Up-to-date symlink: /home/sun/ros2_ws/install/interfaces_pkg/include/interfaces_pkg/interfaces_pkg/msg/detail/lane_info__functions.h
[1.313s] -- Up-to-date symlink: /home/sun/ros2_ws/install/interfaces_pkg/include/interfaces_pkg/interfaces_pkg/msg/detail/lane_info__struct.h
[1.313s] -- Up-to-date symlink: /home/sun/ros2_ws/install/interfaces_pkg/include/interfaces_pkg/interfaces_pkg/msg/detail/lane_info__type_support.h
[1.313s] -- Up-to-date symlink: /home/sun/ros2_ws/install/interfaces_pkg/include/interfaces_pkg/interfaces_pkg/msg/detail/mask__functions.h
[1.313s] -- Up-to-date symlink: /home/sun/ros2_ws/install/interfaces_pkg/include/interfaces_pkg/interfaces_pkg/msg/detail/mask__struct.h
[1.314s] -- Up-to-date symlink: /home/sun/ros2_ws/install/interfaces_pkg/include/interfaces_pkg/interfaces_pkg/msg/detail/mask__type_support.h
[1.314s] -- Up-to-date symlink: /home/sun/ros2_ws/install/interfaces_pkg/include/interfaces_pkg/interfaces_pkg/msg/detail/motion_command__functions.h
[1.314s] -- Up-to-date symlink: /home/sun/ros2_ws/install/interfaces_pkg/include/interfaces_pkg/interfaces_pkg/msg/detail/motion_command__struct.h
[1.314s] -- Up-to-date symlink: /home/sun/ros2_ws/install/interfaces_pkg/include/interfaces_pkg/interfaces_pkg/msg/detail/motion_command__type_support.h
[1.314s] -- Up-to-date symlink: /home/sun/ros2_ws/install/interfaces_pkg/include/interfaces_pkg/interfaces_pkg/msg/detail/path_planning_result__functions.h
[1.314s] -- Up-to-date symlink: /home/sun/ros2_ws/install/interfaces_pkg/include/interfaces_pkg/interfaces_pkg/msg/detail/path_planning_result__struct.h
[1.314s] -- Up-to-date symlink: /home/sun/ros2_ws/install/interfaces_pkg/include/interfaces_pkg/interfaces_pkg/msg/detail/path_planning_result__type_support.h
[1.314s] -- Up-to-date symlink: /home/sun/ros2_ws/install/interfaces_pkg/include/interfaces_pkg/interfaces_pkg/msg/detail/point2_d__functions.h
[1.315s] -- Up-to-date symlink: /home/sun/ros2_ws/install/interfaces_pkg/include/interfaces_pkg/interfaces_pkg/msg/detail/point2_d__struct.h
[1.315s] -- Up-to-date symlink: /home/sun/ros2_ws/install/interfaces_pkg/include/interfaces_pkg/interfaces_pkg/msg/detail/point2_d__type_support.h
[1.315s] -- Up-to-date symlink: /home/sun/ros2_ws/install/interfaces_pkg/include/interfaces_pkg/interfaces_pkg/msg/detail/pose2_d__functions.h
[1.315s] -- Up-to-date symlink: /home/sun/ros2_ws/install/interfaces_pkg/include/interfaces_pkg/interfaces_pkg/msg/detail/pose2_d__struct.h
[1.315s] -- Up-to-date symlink: /home/sun/ros2_ws/install/interfaces_pkg/include/interfaces_pkg/interfaces_pkg/msg/detail/pose2_d__type_support.h
[1.316s] -- Up-to-date symlink: /home/sun/ros2_ws/install/interfaces_pkg/include/interfaces_pkg/interfaces_pkg/msg/detail/target_point__functions.h
[1.317s] -- Up-to-date symlink: /home/sun/ros2_ws/install/interfaces_pkg/include/interfaces_pkg/interfaces_pkg/msg/detail/target_point__struct.h
[1.317s] -- Up-to-date symlink: /home/sun/ros2_ws/install/interfaces_pkg/include/interfaces_pkg/interfaces_pkg/msg/detail/target_point__type_support.h
[1.318s] -- Up-to-date symlink: /home/sun/ros2_ws/install/interfaces_pkg/include/interfaces_pkg/interfaces_pkg/msg/detail/vector2__functions.h
[1.318s] -- Up-to-date symlink: /home/sun/ros2_ws/install/interfaces_pkg/include/interfaces_pkg/interfaces_pkg/msg/detail/vector2__struct.h
[1.318s] -- Up-to-date symlink: /home/sun/ros2_ws/install/interfaces_pkg/include/interfaces_pkg/interfaces_pkg/msg/detail/vector2__type_support.h
[1.318s] -- Up-to-date symlink: /home/sun/ros2_ws/install/interfaces_pkg/include/interfaces_pkg/interfaces_pkg/msg/detection.h
[1.318s] -- Up-to-date symlink: /home/sun/ros2_ws/install/interfaces_pkg/include/interfaces_pkg/interfaces_pkg/msg/detection_array.h
[1.318s] -- Up-to-date symlink: /home/sun/ros2_ws/install/interfaces_pkg/include/interfaces_pkg/interfaces_pkg/msg/key_point2_d.h
[1.318s] -- Up-to-date symlink: /home/sun/ros2_ws/install/interfaces_pkg/include/interfaces_pkg/interfaces_pkg/msg/key_point2_d_array.h
[1.319s] -- Up-to-date symlink: /home/sun/ros2_ws/install/interfaces_pkg/include/interfaces_pkg/interfaces_pkg/msg/key_point3_d.h
[1.319s] -- Up-to-date symlink: /home/sun/ros2_ws/install/interfaces_pkg/include/interfaces_pkg/interfaces_pkg/msg/key_point3_d_array.h
[1.319s] -- Up-to-date symlink: /home/sun/ros2_ws/install/interfaces_pkg/include/interfaces_pkg/interfaces_pkg/msg/lane_info.h
[1.319s] -- Up-to-date symlink: /home/sun/ros2_ws/install/interfaces_pkg/include/interfaces_pkg/interfaces_pkg/msg/mask.h
[1.319s] -- Up-to-date symlink: /home/sun/ros2_ws/install/interfaces_pkg/include/interfaces_pkg/interfaces_pkg/msg/motion_command.h
[1.319s] -- Up-to-date symlink: /home/sun/ros2_ws/install/interfaces_pkg/include/interfaces_pkg/interfaces_pkg/msg/path_planning_result.h
[1.320s] -- Up-to-date symlink: /home/sun/ros2_ws/install/interfaces_pkg/include/interfaces_pkg/interfaces_pkg/msg/point2_d.h
[1.320s] -- Up-to-date symlink: /home/sun/ros2_ws/install/interfaces_pkg/include/interfaces_pkg/interfaces_pkg/msg/pose2_d.h
[1.320s] -- Up-to-date symlink: /home/sun/ros2_ws/install/interfaces_pkg/include/interfaces_pkg/interfaces_pkg/msg/rosidl_generator_c__visibility_control.h
[1.320s] -- Up-to-date symlink: /home/sun/ros2_ws/install/interfaces_pkg/include/interfaces_pkg/interfaces_pkg/msg/target_point.h
[1.320s] -- Up-to-date symlink: /home/sun/ros2_ws/install/interfaces_pkg/include/interfaces_pkg/interfaces_pkg/msg/vector2.h
[1.321s] -- Up-to-date symlink: /home/sun/ros2_ws/install/interfaces_pkg/share/interfaces_pkg/environment/library_path.sh
[1.321s] -- Up-to-date symlink: /home/sun/ros2_ws/install/interfaces_pkg/share/interfaces_pkg/environment/library_path.dsv
[1.322s] -- Up-to-date symlink: /home/sun/ros2_ws/install/interfaces_pkg/include/interfaces_pkg/interfaces_pkg/msg/detail/bounding_box2_d__rosidl_typesupport_fastrtps_c.h
[1.323s] -- Up-to-date symlink: /home/sun/ros2_ws/install/interfaces_pkg/include/interfaces_pkg/interfaces_pkg/msg/detail/bounding_box3_d__rosidl_typesupport_fastrtps_c.h
[1.323s] -- Up-to-date symlink: /home/sun/ros2_ws/install/interfaces_pkg/include/interfaces_pkg/interfaces_pkg/msg/detail/detection__rosidl_typesupport_fastrtps_c.h
[1.323s] -- Up-to-date symlink: /home/sun/ros2_ws/install/interfaces_pkg/include/interfaces_pkg/interfaces_pkg/msg/detail/detection_array__rosidl_typesupport_fastrtps_c.h
[1.323s] -- Up-to-date symlink: /home/sun/ros2_ws/install/interfaces_pkg/include/interfaces_pkg/interfaces_pkg/msg/detail/key_point2_d__rosidl_typesupport_fastrtps_c.h
[1.323s] -- Up-to-date symlink: /home/sun/ros2_ws/install/interfaces_pkg/include/interfaces_pkg/interfaces_pkg/msg/detail/key_point2_d_array__rosidl_typesupport_fastrtps_c.h
[1.323s] -- Up-to-date symlink: /home/sun/ros2_ws/install/interfaces_pkg/include/interfaces_pkg/interfaces_pkg/msg/detail/key_point3_d__rosidl_typesupport_fastrtps_c.h
[1.324s] -- Up-to-date symlink: /home/sun/ros2_ws/install/interfaces_pkg/include/interfaces_pkg/interfaces_pkg/msg/detail/key_point3_d_array__rosidl_typesupport_fastrtps_c.h
[1.324s] -- Up-to-date symlink: /home/sun/ros2_ws/install/interfaces_pkg/include/interfaces_pkg/interfaces_pkg/msg/detail/lane_info__rosidl_typesupport_fastrtps_c.h
[1.324s] -- Up-to-date symlink: /home/sun/ros2_ws/install/interfaces_pkg/include/interfaces_pkg/interfaces_pkg/msg/detail/mask__rosidl_typesupport_fastrtps_c.h
[1.324s] -- Up-to-date symlink: /home/sun/ros2_ws/install/interfaces_pkg/include/interfaces_pkg/interfaces_pkg/msg/detail/motion_command__rosidl_typesupport_fastrtps_c.h
[1.324s] -- Up-to-date symlink: /home/sun/ros2_ws/install/interfaces_pkg/include/interfaces_pkg/interfaces_pkg/msg/detail/path_planning_result__rosidl_typesupport_fastrtps_c.h
[1.324s] -- Up-to-date symlink: /home/sun/ros2_ws/install/interfaces_pkg/include/interfaces_pkg/interfaces_pkg/msg/detail/point2_d__rosidl_typesupport_fastrtps_c.h
[1.324s] -- Up-to-date symlink: /home/sun/ros2_ws/install/interfaces_pkg/include/interfaces_pkg/interfaces_pkg/msg/detail/pose2_d__rosidl_typesupport_fastrtps_c.h
[1.324s] -- Up-to-date symlink: /home/sun/ros2_ws/install/interfaces_pkg/include/interfaces_pkg/interfaces_pkg/msg/detail/target_point__rosidl_typesupport_fastrtps_c.h
[1.325s] -- Up-to-date symlink: /home/sun/ros2_ws/install/interfaces_pkg/include/interfaces_pkg/interfaces_pkg/msg/detail/vector2__rosidl_typesupport_fastrtps_c.h
[1.325s] -- Up-to-date symlink: /home/sun/ros2_ws/install/interfaces_pkg/include/interfaces_pkg/interfaces_pkg/msg/rosidl_typesupport_fastrtps_c__visibility_control.h
[1.326s] -- Up-to-date symlink: /home/sun/ros2_ws/install/interfaces_pkg/include/interfaces_pkg/interfaces_pkg/msg/detail/bounding_box2_d__rosidl_typesupport_introspection_c.h
[1.326s] -- Up-to-date symlink: /home/sun/ros2_ws/install/interfaces_pkg/include/interfaces_pkg/interfaces_pkg/msg/detail/bounding_box3_d__rosidl_typesupport_introspection_c.h
[1.326s] -- Up-to-date symlink: /home/sun/ros2_ws/install/interfaces_pkg/include/interfaces_pkg/interfaces_pkg/msg/detail/detection__rosidl_typesupport_introspection_c.h
[1.327s] -- Up-to-date symlink: /home/sun/ros2_ws/install/interfaces_pkg/include/interfaces_pkg/interfaces_pkg/msg/detail/detection_array__rosidl_typesupport_introspection_c.h
[1.327s] -- Up-to-date symlink: /home/sun/ros2_ws/install/interfaces_pkg/include/interfaces_pkg/interfaces_pkg/msg/detail/key_point2_d__rosidl_typesupport_introspection_c.h
[1.327s] -- Up-to-date symlink: /home/sun/ros2_ws/install/interfaces_pkg/include/interfaces_pkg/interfaces_pkg/msg/detail/key_point2_d_array__rosidl_typesupport_introspection_c.h
[1.327s] -- Up-to-date symlink: /home/sun/ros2_ws/install/interfaces_pkg/include/interfaces_pkg/interfaces_pkg/msg/detail/key_point3_d__rosidl_typesupport_introspection_c.h
[1.327s] -- Up-to-date symlink: /home/sun/ros2_ws/install/interfaces_pkg/include/interfaces_pkg/interfaces_pkg/msg/detail/key_point3_d_array__rosidl_typesupport_introspection_c.h
[1.327s] -- Up-to-date symlink: /home/sun/ros2_ws/install/interfaces_pkg/include/interfaces_pkg/interfaces_pkg/msg/detail/lane_info__rosidl_typesupport_introspection_c.h
[1.327s] -- Up-to-date symlink: /home/sun/ros2_ws/install/interfaces_pkg/include/interfaces_pkg/interfaces_pkg/msg/detail/mask__rosidl_typesupport_introspection_c.h
[1.327s] -- Up-to-date symlink: /home/sun/ros2_ws/install/interfaces_pkg/include/interfaces_pkg/interfaces_pkg/msg/detail/motion_command__rosidl_typesupport_introspection_c.h
[1.328s] -- Up-to-date symlink: /home/sun/ros2_ws/install/interfaces_pkg/include/interfaces_pkg/interfaces_pkg/msg/detail/path_planning_result__rosidl_typesupport_introspection_c.h
[1.328s] -- Up-to-date symlink: /home/sun/ros2_ws/install/interfaces_pkg/include/interfaces_pkg/interfaces_pkg/msg/detail/point2_d__rosidl_typesupport_introspection_c.h
[1.328s] -- Up-to-date symlink: /home/sun/ros2_ws/install/interfaces_pkg/include/interfaces_pkg/interfaces_pkg/msg/detail/pose2_d__rosidl_typesupport_introspection_c.h
[1.328s] -- Up-to-date symlink: /home/sun/ros2_ws/install/interfaces_pkg/include/interfaces_pkg/interfaces_pkg/msg/detail/target_point__rosidl_typesupport_introspection_c.h
[1.328s] -- Up-to-date symlink: /home/sun/ros2_ws/install/interfaces_pkg/include/interfaces_pkg/interfaces_pkg/msg/detail/vector2__rosidl_typesupport_introspection_c.h
[1.328s] -- Up-to-date symlink: /home/sun/ros2_ws/install/interfaces_pkg/include/interfaces_pkg/interfaces_pkg/msg/rosidl_typesupport_introspection_c__visibility_control.h
[1.330s] -- Up-to-date symlink: /home/sun/ros2_ws/install/interfaces_pkg/include/interfaces_pkg/interfaces_pkg/msg/bounding_box2_d.hpp
[1.330s] -- Up-to-date symlink: /home/sun/ros2_ws/install/interfaces_pkg/include/interfaces_pkg/interfaces_pkg/msg/bounding_box3_d.hpp
[1.331s] -- Up-to-date symlink: /home/sun/ros2_ws/install/interfaces_pkg/include/interfaces_pkg/interfaces_pkg/msg/detail/bounding_box2_d__builder.hpp
[1.331s] -- Up-to-date symlink: /home/sun/ros2_ws/install/interfaces_pkg/include/interfaces_pkg/interfaces_pkg/msg/detail/bounding_box2_d__struct.hpp
[1.331s] -- Up-to-date symlink: /home/sun/ros2_ws/install/interfaces_pkg/include/interfaces_pkg/interfaces_pkg/msg/detail/bounding_box2_d__traits.hpp
[1.331s] -- Up-to-date symlink: /home/sun/ros2_ws/install/interfaces_pkg/include/interfaces_pkg/interfaces_pkg/msg/detail/bounding_box2_d__type_support.hpp
[1.331s] -- Up-to-date symlink: /home/sun/ros2_ws/install/interfaces_pkg/include/interfaces_pkg/interfaces_pkg/msg/detail/bounding_box3_d__builder.hpp
[1.331s] -- Up-to-date symlink: /home/sun/ros2_ws/install/interfaces_pkg/include/interfaces_pkg/interfaces_pkg/msg/detail/bounding_box3_d__struct.hpp
[1.331s] -- Up-to-date symlink: /home/sun/ros2_ws/install/interfaces_pkg/include/interfaces_pkg/interfaces_pkg/msg/detail/bounding_box3_d__traits.hpp
[1.332s] -- Up-to-date symlink: /home/sun/ros2_ws/install/interfaces_pkg/include/interfaces_pkg/interfaces_pkg/msg/detail/bounding_box3_d__type_support.hpp
[1.332s] -- Up-to-date symlink: /home/sun/ros2_ws/install/interfaces_pkg/include/interfaces_pkg/interfaces_pkg/msg/detail/detection__builder.hpp
[1.332s] -- Up-to-date symlink: /home/sun/ros2_ws/install/interfaces_pkg/include/interfaces_pkg/interfaces_pkg/msg/detail/detection__struct.hpp
[1.332s] -- Up-to-date symlink: /home/sun/ros2_ws/install/interfaces_pkg/include/interfaces_pkg/interfaces_pkg/msg/detail/detection__traits.hpp
[1.332s] -- Up-to-date symlink: /home/sun/ros2_ws/install/interfaces_pkg/include/interfaces_pkg/interfaces_pkg/msg/detail/detection__type_support.hpp
[1.332s] -- Up-to-date symlink: /home/sun/ros2_ws/install/interfaces_pkg/include/interfaces_pkg/interfaces_pkg/msg/detail/detection_array__builder.hpp
[1.332s] -- Up-to-date symlink: /home/sun/ros2_ws/install/interfaces_pkg/include/interfaces_pkg/interfaces_pkg/msg/detail/detection_array__struct.hpp
[1.333s] -- Up-to-date symlink: /home/sun/ros2_ws/install/interfaces_pkg/include/interfaces_pkg/interfaces_pkg/msg/detail/detection_array__traits.hpp
[1.333s] -- Up-to-date symlink: /home/sun/ros2_ws/install/interfaces_pkg/include/interfaces_pkg/interfaces_pkg/msg/detail/detection_array__type_support.hpp
[1.333s] -- Up-to-date symlink: /home/sun/ros2_ws/install/interfaces_pkg/include/interfaces_pkg/interfaces_pkg/msg/detail/key_point2_d__builder.hpp
[1.333s] -- Up-to-date symlink: /home/sun/ros2_ws/install/interfaces_pkg/include/interfaces_pkg/interfaces_pkg/msg/detail/key_point2_d__struct.hpp
[1.333s] -- Up-to-date symlink: /home/sun/ros2_ws/install/interfaces_pkg/include/interfaces_pkg/interfaces_pkg/msg/detail/key_point2_d__traits.hpp
[1.333s] -- Up-to-date symlink: /home/sun/ros2_ws/install/interfaces_pkg/include/interfaces_pkg/interfaces_pkg/msg/detail/key_point2_d__type_support.hpp
[1.333s] -- Up-to-date symlink: /home/sun/ros2_ws/install/interfaces_pkg/include/interfaces_pkg/interfaces_pkg/msg/detail/key_point2_d_array__builder.hpp
[1.334s] -- Up-to-date symlink: /home/sun/ros2_ws/install/interfaces_pkg/include/interfaces_pkg/interfaces_pkg/msg/detail/key_point2_d_array__struct.hpp
[1.334s] -- Up-to-date symlink: /home/sun/ros2_ws/install/interfaces_pkg/include/interfaces_pkg/interfaces_pkg/msg/detail/key_point2_d_array__traits.hpp
[1.334s] -- Up-to-date symlink: /home/sun/ros2_ws/install/interfaces_pkg/include/interfaces_pkg/interfaces_pkg/msg/detail/key_point2_d_array__type_support.hpp
[1.334s] -- Up-to-date symlink: /home/sun/ros2_ws/install/interfaces_pkg/include/interfaces_pkg/interfaces_pkg/msg/detail/key_point3_d__builder.hpp
[1.334s] -- Up-to-date symlink: /home/sun/ros2_ws/install/interfaces_pkg/include/interfaces_pkg/interfaces_pkg/msg/detail/key_point3_d__struct.hpp
[1.334s] -- Up-to-date symlink: /home/sun/ros2_ws/install/interfaces_pkg/include/interfaces_pkg/interfaces_pkg/msg/detail/key_point3_d__traits.hpp
[1.335s] -- Up-to-date symlink: /home/sun/ros2_ws/install/interfaces_pkg/include/interfaces_pkg/interfaces_pkg/msg/detail/key_point3_d__type_support.hpp
[1.335s] -- Up-to-date symlink: /home/sun/ros2_ws/install/interfaces_pkg/include/interfaces_pkg/interfaces_pkg/msg/detail/key_point3_d_array__builder.hpp
[1.335s] -- Up-to-date symlink: /home/sun/ros2_ws/install/interfaces_pkg/include/interfaces_pkg/interfaces_pkg/msg/detail/key_point3_d_array__struct.hpp
[1.335s] -- Up-to-date symlink: /home/sun/ros2_ws/install/interfaces_pkg/include/interfaces_pkg/interfaces_pkg/msg/detail/key_point3_d_array__traits.hpp
[1.335s] -- Up-to-date symlink: /home/sun/ros2_ws/install/interfaces_pkg/include/interfaces_pkg/interfaces_pkg/msg/detail/key_point3_d_array__type_support.hpp
[1.335s] -- Up-to-date symlink: /home/sun/ros2_ws/install/interfaces_pkg/include/interfaces_pkg/interfaces_pkg/msg/detail/lane_info__builder.hpp
[1.335s] -- Up-to-date symlink: /home/sun/ros2_ws/install/interfaces_pkg/include/interfaces_pkg/interfaces_pkg/msg/detail/lane_info__struct.hpp
[1.336s] -- Up-to-date symlink: /home/sun/ros2_ws/install/interfaces_pkg/include/interfaces_pkg/interfaces_pkg/msg/detail/lane_info__traits.hpp
[1.336s] -- Up-to-date symlink: /home/sun/ros2_ws/install/interfaces_pkg/include/interfaces_pkg/interfaces_pkg/msg/detail/lane_info__type_support.hpp
[1.336s] -- Up-to-date symlink: /home/sun/ros2_ws/install/interfaces_pkg/include/interfaces_pkg/interfaces_pkg/msg/detail/mask__builder.hpp
[1.336s] -- Up-to-date symlink: /home/sun/ros2_ws/install/interfaces_pkg/include/interfaces_pkg/interfaces_pkg/msg/detail/mask__struct.hpp
[1.336s] -- Up-to-date symlink: /home/sun/ros2_ws/install/interfaces_pkg/include/interfaces_pkg/interfaces_pkg/msg/detail/mask__traits.hpp
[1.336s] -- Up-to-date symlink: /home/sun/ros2_ws/install/interfaces_pkg/include/interfaces_pkg/interfaces_pkg/msg/detail/mask__type_support.hpp
[1.336s] -- Up-to-date symlink: /home/sun/ros2_ws/install/interfaces_pkg/include/interfaces_pkg/interfaces_pkg/msg/detail/motion_command__builder.hpp
[1.337s] -- Up-to-date symlink: /home/sun/ros2_ws/install/interfaces_pkg/include/interfaces_pkg/interfaces_pkg/msg/detail/motion_command__struct.hpp
[1.337s] -- Up-to-date symlink: /home/sun/ros2_ws/install/interfaces_pkg/include/interfaces_pkg/interfaces_pkg/msg/detail/motion_command__traits.hpp
[1.337s] -- Up-to-date symlink: /home/sun/ros2_ws/install/interfaces_pkg/include/interfaces_pkg/interfaces_pkg/msg/detail/motion_command__type_support.hpp
[1.337s] -- Up-to-date symlink: /home/sun/ros2_ws/install/interfaces_pkg/include/interfaces_pkg/interfaces_pkg/msg/detail/path_planning_result__builder.hpp
[1.337s] -- Up-to-date symlink: /home/sun/ros2_ws/install/interfaces_pkg/include/interfaces_pkg/interfaces_pkg/msg/detail/path_planning_result__struct.hpp
[1.337s] -- Up-to-date symlink: /home/sun/ros2_ws/install/interfaces_pkg/include/interfaces_pkg/interfaces_pkg/msg/detail/path_planning_result__traits.hpp
[1.338s] -- Up-to-date symlink: /home/sun/ros2_ws/install/interfaces_pkg/include/interfaces_pkg/interfaces_pkg/msg/detail/path_planning_result__type_support.hpp
[1.338s] -- Up-to-date symlink: /home/sun/ros2_ws/install/interfaces_pkg/include/interfaces_pkg/interfaces_pkg/msg/detail/point2_d__builder.hpp
[1.338s] -- Up-to-date symlink: /home/sun/ros2_ws/install/interfaces_pkg/include/interfaces_pkg/interfaces_pkg/msg/detail/point2_d__struct.hpp
[1.338s] -- Up-to-date symlink: /home/sun/ros2_ws/install/interfaces_pkg/include/interfaces_pkg/interfaces_pkg/msg/detail/point2_d__traits.hpp
[1.338s] -- Up-to-date symlink: /home/sun/ros2_ws/install/interfaces_pkg/include/interfaces_pkg/interfaces_pkg/msg/detail/point2_d__type_support.hpp
[1.338s] -- Up-to-date symlink: /home/sun/ros2_ws/install/interfaces_pkg/include/interfaces_pkg/interfaces_pkg/msg/detail/pose2_d__builder.hpp
[1.338s] -- Up-to-date symlink: /home/sun/ros2_ws/install/interfaces_pkg/include/interfaces_pkg/interfaces_pkg/msg/detail/pose2_d__struct.hpp
[1.339s] -- Up-to-date symlink: /home/sun/ros2_ws/install/interfaces_pkg/include/interfaces_pkg/interfaces_pkg/msg/detail/pose2_d__traits.hpp
[1.339s] -- Up-to-date symlink: /home/sun/ros2_ws/install/interfaces_pkg/include/interfaces_pkg/interfaces_pkg/msg/detail/pose2_d__type_support.hpp
[1.339s] -- Up-to-date symlink: /home/sun/ros2_ws/install/interfaces_pkg/include/interfaces_pkg/interfaces_pkg/msg/detail/target_point__builder.hpp
[1.339s] -- Up-to-date symlink: /home/sun/ros2_ws/install/interfaces_pkg/include/interfaces_pkg/interfaces_pkg/msg/detail/target_point__struct.hpp
[1.339s] -- Up-to-date symlink: /home/sun/ros2_ws/install/interfaces_pkg/include/interfaces_pkg/interfaces_pkg/msg/detail/target_point__traits.hpp
[1.339s] -- Up-to-date symlink: /home/sun/ros2_ws/install/interfaces_pkg/include/interfaces_pkg/interfaces_pkg/msg/detail/target_point__type_support.hpp
[1.340s] -- Up-to-date symlink: /home/sun/ros2_ws/install/interfaces_pkg/include/interfaces_pkg/interfaces_pkg/msg/detail/vector2__builder.hpp
[1.340s] -- Up-to-date symlink: /home/sun/ros2_ws/install/interfaces_pkg/include/interfaces_pkg/interfaces_pkg/msg/detail/vector2__struct.hpp
[1.340s] -- Up-to-date symlink: /home/sun/ros2_ws/install/interfaces_pkg/include/interfaces_pkg/interfaces_pkg/msg/detail/vector2__traits.hpp
[1.340s] -- Up-to-date symlink: /home/sun/ros2_ws/install/interfaces_pkg/include/interfaces_pkg/interfaces_pkg/msg/detail/vector2__type_support.hpp
[1.340s] -- Up-to-date symlink: /home/sun/ros2_ws/install/interfaces_pkg/include/interfaces_pkg/interfaces_pkg/msg/detection.hpp
[1.340s] -- Up-to-date symlink: /home/sun/ros2_ws/install/interfaces_pkg/include/interfaces_pkg/interfaces_pkg/msg/detection_array.hpp
[1.340s] -- Up-to-date symlink: /home/sun/ros2_ws/install/interfaces_pkg/include/interfaces_pkg/interfaces_pkg/msg/key_point2_d.hpp
[1.341s] -- Up-to-date symlink: /home/sun/ros2_ws/install/interfaces_pkg/include/interfaces_pkg/interfaces_pkg/msg/key_point2_d_array.hpp
[1.341s] -- Up-to-date symlink: /home/sun/ros2_ws/install/interfaces_pkg/include/interfaces_pkg/interfaces_pkg/msg/key_point3_d.hpp
[1.341s] -- Up-to-date symlink: /home/sun/ros2_ws/install/interfaces_pkg/include/interfaces_pkg/interfaces_pkg/msg/key_point3_d_array.hpp
[1.341s] -- Up-to-date symlink: /home/sun/ros2_ws/install/interfaces_pkg/include/interfaces_pkg/interfaces_pkg/msg/lane_info.hpp
[1.341s] -- Up-to-date symlink: /home/sun/ros2_ws/install/interfaces_pkg/include/interfaces_pkg/interfaces_pkg/msg/mask.hpp
[1.341s] -- Up-to-date symlink: /home/sun/ros2_ws/install/interfaces_pkg/include/interfaces_pkg/interfaces_pkg/msg/motion_command.hpp
[1.341s] -- Up-to-date symlink: /home/sun/ros2_ws/install/interfaces_pkg/include/interfaces_pkg/interfaces_pkg/msg/path_planning_result.hpp
[1.342s] -- Up-to-date symlink: /home/sun/ros2_ws/install/interfaces_pkg/include/interfaces_pkg/interfaces_pkg/msg/point2_d.hpp
[1.342s] -- Up-to-date symlink: /home/sun/ros2_ws/install/interfaces_pkg/include/interfaces_pkg/interfaces_pkg/msg/pose2_d.hpp
[1.342s] -- Up-to-date symlink: /home/sun/ros2_ws/install/interfaces_pkg/include/interfaces_pkg/interfaces_pkg/msg/rosidl_generator_cpp__visibility_control.hpp
[1.342s] -- Up-to-date symlink: /home/sun/ros2_ws/install/interfaces_pkg/include/interfaces_pkg/interfaces_pkg/msg/target_point.hpp
[1.342s] -- Up-to-date symlink: /home/sun/ros2_ws/install/interfaces_pkg/include/interfaces_pkg/interfaces_pkg/msg/vector2.hpp
[1.344s] -- Up-to-date symlink: /home/sun/ros2_ws/install/interfaces_pkg/include/interfaces_pkg/interfaces_pkg/msg/detail/bounding_box2_d__rosidl_typesupport_fastrtps_cpp.hpp
[1.344s] -- Up-to-date symlink: /home/sun/ros2_ws/install/interfaces_pkg/include/interfaces_pkg/interfaces_pkg/msg/detail/bounding_box3_d__rosidl_typesupport_fastrtps_cpp.hpp
[1.344s] -- Up-to-date symlink: /home/sun/ros2_ws/install/interfaces_pkg/include/interfaces_pkg/interfaces_pkg/msg/detail/detection__rosidl_typesupport_fastrtps_cpp.hpp
[1.344s] -- Up-to-date symlink: /home/sun/ros2_ws/install/interfaces_pkg/include/interfaces_pkg/interfaces_pkg/msg/detail/detection_array__rosidl_typesupport_fastrtps_cpp.hpp
[1.344s] -- Up-to-date symlink: /home/sun/ros2_ws/install/interfaces_pkg/include/interfaces_pkg/interfaces_pkg/msg/detail/key_point2_d__rosidl_typesupport_fastrtps_cpp.hpp
[1.344s] -- Up-to-date symlink: /home/sun/ros2_ws/install/interfaces_pkg/include/interfaces_pkg/interfaces_pkg/msg/detail/key_point2_d_array__rosidl_typesupport_fastrtps_cpp.hpp
[1.345s] -- Up-to-date symlink: /home/sun/ros2_ws/install/interfaces_pkg/include/interfaces_pkg/interfaces_pkg/msg/detail/key_point3_d__rosidl_typesupport_fastrtps_cpp.hpp
[1.345s] -- Up-to-date symlink: /home/sun/ros2_ws/install/interfaces_pkg/include/interfaces_pkg/interfaces_pkg/msg/detail/key_point3_d_array__rosidl_typesupport_fastrtps_cpp.hpp
[1.345s] -- Up-to-date symlink: /home/sun/ros2_ws/install/interfaces_pkg/include/interfaces_pkg/interfaces_pkg/msg/detail/lane_info__rosidl_typesupport_fastrtps_cpp.hpp
[1.345s] -- Up-to-date symlink: /home/sun/ros2_ws/install/interfaces_pkg/include/interfaces_pkg/interfaces_pkg/msg/detail/mask__rosidl_typesupport_fastrtps_cpp.hpp
[1.345s] -- Up-to-date symlink: /home/sun/ros2_ws/install/interfaces_pkg/include/interfaces_pkg/interfaces_pkg/msg/detail/motion_command__rosidl_typesupport_fastrtps_cpp.hpp
[1.345s] -- Up-to-date symlink: /home/sun/ros2_ws/install/interfaces_pkg/include/interfaces_pkg/interfaces_pkg/msg/detail/path_planning_result__rosidl_typesupport_fastrtps_cpp.hpp
[1.345s] -- Up-to-date symlink: /home/sun/ros2_ws/install/interfaces_pkg/include/interfaces_pkg/interfaces_pkg/msg/detail/point2_d__rosidl_typesupport_fastrtps_cpp.hpp
[1.346s] -- Up-to-date symlink: /home/sun/ros2_ws/install/interfaces_pkg/include/interfaces_pkg/interfaces_pkg/msg/detail/pose2_d__rosidl_typesupport_fastrtps_cpp.hpp
[1.346s] -- Up-to-date symlink: /home/sun/ros2_ws/install/interfaces_pkg/include/interfaces_pkg/interfaces_pkg/msg/detail/target_point__rosidl_typesupport_fastrtps_cpp.hpp
[1.346s] -- Up-to-date symlink: /home/sun/ros2_ws/install/interfaces_pkg/include/interfaces_pkg/interfaces_pkg/msg/detail/vector2__rosidl_typesupport_fastrtps_cpp.hpp
[1.346s] -- Up-to-date symlink: /home/sun/ros2_ws/install/interfaces_pkg/include/interfaces_pkg/interfaces_pkg/msg/rosidl_typesupport_fastrtps_cpp__visibility_control.h
[1.347s] -- Up-to-date symlink: /home/sun/ros2_ws/install/interfaces_pkg/include/interfaces_pkg/interfaces_pkg/msg/detail/bounding_box2_d__rosidl_typesupport_introspection_cpp.hpp
[1.347s] -- Up-to-date symlink: /home/sun/ros2_ws/install/interfaces_pkg/include/interfaces_pkg/interfaces_pkg/msg/detail/bounding_box3_d__rosidl_typesupport_introspection_cpp.hpp
[1.347s] -- Up-to-date symlink: /home/sun/ros2_ws/install/interfaces_pkg/include/interfaces_pkg/interfaces_pkg/msg/detail/detection__rosidl_typesupport_introspection_cpp.hpp
[1.347s] -- Up-to-date symlink: /home/sun/ros2_ws/install/interfaces_pkg/include/interfaces_pkg/interfaces_pkg/msg/detail/detection_array__rosidl_typesupport_introspection_cpp.hpp
[1.348s] -- Up-to-date symlink: /home/sun/ros2_ws/install/interfaces_pkg/include/interfaces_pkg/interfaces_pkg/msg/detail/key_point2_d__rosidl_typesupport_introspection_cpp.hpp
[1.348s] -- Up-to-date symlink: /home/sun/ros2_ws/install/interfaces_pkg/include/interfaces_pkg/interfaces_pkg/msg/detail/key_point2_d_array__rosidl_typesupport_introspection_cpp.hpp
[1.348s] -- Up-to-date symlink: /home/sun/ros2_ws/install/interfaces_pkg/include/interfaces_pkg/interfaces_pkg/msg/detail/key_point3_d__rosidl_typesupport_introspection_cpp.hpp
[1.348s] -- Up-to-date symlink: /home/sun/ros2_ws/install/interfaces_pkg/include/interfaces_pkg/interfaces_pkg/msg/detail/key_point3_d_array__rosidl_typesupport_introspection_cpp.hpp
[1.348s] -- Up-to-date symlink: /home/sun/ros2_ws/install/interfaces_pkg/include/interfaces_pkg/interfaces_pkg/msg/detail/lane_info__rosidl_typesupport_introspection_cpp.hpp
[1.348s] -- Up-to-date symlink: /home/sun/ros2_ws/install/interfaces_pkg/include/interfaces_pkg/interfaces_pkg/msg/detail/mask__rosidl_typesupport_introspection_cpp.hpp
[1.348s] -- Up-to-date symlink: /home/sun/ros2_ws/install/interfaces_pkg/include/interfaces_pkg/interfaces_pkg/msg/detail/motion_command__rosidl_typesupport_introspection_cpp.hpp
[1.349s] -- Up-to-date symlink: /home/sun/ros2_ws/install/interfaces_pkg/include/interfaces_pkg/interfaces_pkg/msg/detail/path_planning_result__rosidl_typesupport_introspection_cpp.hpp
[1.349s] -- Up-to-date symlink: /home/sun/ros2_ws/install/interfaces_pkg/include/interfaces_pkg/interfaces_pkg/msg/detail/point2_d__rosidl_typesupport_introspection_cpp.hpp
[1.349s] -- Up-to-date symlink: /home/sun/ros2_ws/install/interfaces_pkg/include/interfaces_pkg/interfaces_pkg/msg/detail/pose2_d__rosidl_typesupport_introspection_cpp.hpp
[1.349s] -- Up-to-date symlink: /home/sun/ros2_ws/install/interfaces_pkg/include/interfaces_pkg/interfaces_pkg/msg/detail/target_point__rosidl_typesupport_introspection_cpp.hpp
[1.349s] -- Up-to-date symlink: /home/sun/ros2_ws/install/interfaces_pkg/include/interfaces_pkg/interfaces_pkg/msg/detail/vector2__rosidl_typesupport_introspection_cpp.hpp
[1.350s] -- Up-to-date symlink: /home/sun/ros2_ws/install/interfaces_pkg/share/interfaces_pkg/environment/pythonpath.sh
[1.350s] -- Up-to-date symlink: /home/sun/ros2_ws/install/interfaces_pkg/share/interfaces_pkg/environment/pythonpath.dsv
[1.350s] -- Up-to-date symlink: /home/sun/ros2_ws/install/interfaces_pkg/local/lib/python3.10/dist-packages/interfaces_pkg-0.0.0-py3.10.egg-info/PKG-INFO
[1.350s] -- Up-to-date symlink: /home/sun/ros2_ws/install/interfaces_pkg/local/lib/python3.10/dist-packages/interfaces_pkg-0.0.0-py3.10.egg-info/SOURCES.txt
[1.351s] -- Up-to-date symlink: /home/sun/ros2_ws/install/interfaces_pkg/local/lib/python3.10/dist-packages/interfaces_pkg-0.0.0-py3.10.egg-info/dependency_links.txt
[1.351s] -- Up-to-date symlink: /home/sun/ros2_ws/install/interfaces_pkg/local/lib/python3.10/dist-packages/interfaces_pkg-0.0.0-py3.10.egg-info/top_level.txt
[1.352s] -- Up-to-date symlink: /home/sun/ros2_ws/install/interfaces_pkg/local/lib/python3.10/dist-packages/interfaces_pkg/__init__.py
[1.352s] -- Up-to-date symlink: /home/sun/ros2_ws/install/interfaces_pkg/local/lib/python3.10/dist-packages/interfaces_pkg/_interfaces_pkg_s.ep.rosidl_typesupport_c.c
[1.353s] -- Up-to-date symlink: /home/sun/ros2_ws/install/interfaces_pkg/local/lib/python3.10/dist-packages/interfaces_pkg/_interfaces_pkg_s.ep.rosidl_typesupport_fastrtps_c.c
[1.353s] -- Up-to-date symlink: /home/sun/ros2_ws/install/interfaces_pkg/local/lib/python3.10/dist-packages/interfaces_pkg/_interfaces_pkg_s.ep.rosidl_typesupport_introspection_c.c
[1.353s] -- Up-to-date symlink: /home/sun/ros2_ws/install/interfaces_pkg/local/lib/python3.10/dist-packages/interfaces_pkg/interfaces_pkg_s__rosidl_typesupport_c.cpython-310-x86_64-linux-gnu.so
[1.353s] -- Up-to-date symlink: /home/sun/ros2_ws/install/interfaces_pkg/local/lib/python3.10/dist-packages/interfaces_pkg/interfaces_pkg_s__rosidl_typesupport_fastrtps_c.cpython-310-x86_64-linux-gnu.so
[1.353s] -- Up-to-date symlink: /home/sun/ros2_ws/install/interfaces_pkg/local/lib/python3.10/dist-packages/interfaces_pkg/interfaces_pkg_s__rosidl_typesupport_introspection_c.cpython-310-x86_64-linux-gnu.so
[1.353s] -- Up-to-date symlink: /home/sun/ros2_ws/install/interfaces_pkg/local/lib/python3.10/dist-packages/interfaces_pkg/libinterfaces_pkg__rosidl_generator_py.so
[1.353s] -- Up-to-date symlink: /home/sun/ros2_ws/install/interfaces_pkg/local/lib/python3.10/dist-packages/interfaces_pkg/msg/__init__.py
[1.354s] -- Up-to-date symlink: /home/sun/ros2_ws/install/interfaces_pkg/local/lib/python3.10/dist-packages/interfaces_pkg/msg/_bounding_box2_d.py
[1.354s] -- Up-to-date symlink: /home/sun/ros2_ws/install/interfaces_pkg/local/lib/python3.10/dist-packages/interfaces_pkg/msg/_bounding_box2_d_s.c
[1.354s] -- Up-to-date symlink: /home/sun/ros2_ws/install/interfaces_pkg/local/lib/python3.10/dist-packages/interfaces_pkg/msg/_bounding_box3_d.py
[1.354s] -- Up-to-date symlink: /home/sun/ros2_ws/install/interfaces_pkg/local/lib/python3.10/dist-packages/interfaces_pkg/msg/_bounding_box3_d_s.c
[1.354s] -- Up-to-date symlink: /home/sun/ros2_ws/install/interfaces_pkg/local/lib/python3.10/dist-packages/interfaces_pkg/msg/_detection.py
[1.354s] -- Up-to-date symlink: /home/sun/ros2_ws/install/interfaces_pkg/local/lib/python3.10/dist-packages/interfaces_pkg/msg/_detection_array.py
[1.354s] -- Up-to-date symlink: /home/sun/ros2_ws/install/interfaces_pkg/local/lib/python3.10/dist-packages/interfaces_pkg/msg/_detection_array_s.c
[1.355s] -- Up-to-date symlink: /home/sun/ros2_ws/install/interfaces_pkg/local/lib/python3.10/dist-packages/interfaces_pkg/msg/_detection_s.c
[1.355s] -- Up-to-date symlink: /home/sun/ros2_ws/install/interfaces_pkg/local/lib/python3.10/dist-packages/interfaces_pkg/msg/_key_point2_d.py
[1.355s] -- Up-to-date symlink: /home/sun/ros2_ws/install/interfaces_pkg/local/lib/python3.10/dist-packages/interfaces_pkg/msg/_key_point2_d_array.py
[1.355s] -- Up-to-date symlink: /home/sun/ros2_ws/install/interfaces_pkg/local/lib/python3.10/dist-packages/interfaces_pkg/msg/_key_point2_d_array_s.c
[1.355s] -- Up-to-date symlink: /home/sun/ros2_ws/install/interfaces_pkg/local/lib/python3.10/dist-packages/interfaces_pkg/msg/_key_point2_d_s.c
[1.355s] -- Up-to-date symlink: /home/sun/ros2_ws/install/interfaces_pkg/local/lib/python3.10/dist-packages/interfaces_pkg/msg/_key_point3_d.py
[1.355s] -- Up-to-date symlink: /home/sun/ros2_ws/install/interfaces_pkg/local/lib/python3.10/dist-packages/interfaces_pkg/msg/_key_point3_d_array.py
[1.356s] -- Up-to-date symlink: /home/sun/ros2_ws/install/interfaces_pkg/local/lib/python3.10/dist-packages/interfaces_pkg/msg/_key_point3_d_array_s.c
[1.356s] -- Up-to-date symlink: /home/sun/ros2_ws/install/interfaces_pkg/local/lib/python3.10/dist-packages/interfaces_pkg/msg/_key_point3_d_s.c
[1.356s] -- Up-to-date symlink: /home/sun/ros2_ws/install/interfaces_pkg/local/lib/python3.10/dist-packages/interfaces_pkg/msg/_lane_info.py
[1.356s] -- Up-to-date symlink: /home/sun/ros2_ws/install/interfaces_pkg/local/lib/python3.10/dist-packages/interfaces_pkg/msg/_lane_info_s.c
[1.356s] -- Up-to-date symlink: /home/sun/ros2_ws/install/interfaces_pkg/local/lib/python3.10/dist-packages/interfaces_pkg/msg/_mask.py
[1.356s] -- Up-to-date symlink: /home/sun/ros2_ws/install/interfaces_pkg/local/lib/python3.10/dist-packages/interfaces_pkg/msg/_mask_s.c
[1.356s] -- Up-to-date symlink: /home/sun/ros2_ws/install/interfaces_pkg/local/lib/python3.10/dist-packages/interfaces_pkg/msg/_motion_command.py
[1.357s] -- Up-to-date symlink: /home/sun/ros2_ws/install/interfaces_pkg/local/lib/python3.10/dist-packages/interfaces_pkg/msg/_motion_command_s.c
[1.357s] -- Up-to-date symlink: /home/sun/ros2_ws/install/interfaces_pkg/local/lib/python3.10/dist-packages/interfaces_pkg/msg/_path_planning_result.py
[1.357s] -- Up-to-date symlink: /home/sun/ros2_ws/install/interfaces_pkg/local/lib/python3.10/dist-packages/interfaces_pkg/msg/_path_planning_result_s.c
[1.357s] -- Up-to-date symlink: /home/sun/ros2_ws/install/interfaces_pkg/local/lib/python3.10/dist-packages/interfaces_pkg/msg/_point2_d.py
[1.357s] -- Up-to-date symlink: /home/sun/ros2_ws/install/interfaces_pkg/local/lib/python3.10/dist-packages/interfaces_pkg/msg/_point2_d_s.c
[1.357s] -- Up-to-date symlink: /home/sun/ros2_ws/install/interfaces_pkg/local/lib/python3.10/dist-packages/interfaces_pkg/msg/_pose2_d.py
[1.357s] -- Up-to-date symlink: /home/sun/ros2_ws/install/interfaces_pkg/local/lib/python3.10/dist-packages/interfaces_pkg/msg/_pose2_d_s.c
[1.358s] -- Up-to-date symlink: /home/sun/ros2_ws/install/interfaces_pkg/local/lib/python3.10/dist-packages/interfaces_pkg/msg/_target_point.py
[1.358s] -- Up-to-date symlink: /home/sun/ros2_ws/install/interfaces_pkg/local/lib/python3.10/dist-packages/interfaces_pkg/msg/_target_point_s.c
[1.358s] -- Up-to-date symlink: /home/sun/ros2_ws/install/interfaces_pkg/local/lib/python3.10/dist-packages/interfaces_pkg/msg/_vector2.py
[1.358s] -- Up-to-date symlink: /home/sun/ros2_ws/install/interfaces_pkg/local/lib/python3.10/dist-packages/interfaces_pkg/msg/_vector2_s.c
[1.359s] -- Up-to-date symlink: /home/sun/ros2_ws/install/interfaces_pkg/local/lib/python3.10/dist-packages/interfaces_pkg/interfaces_pkg_s__rosidl_typesupport_fastrtps_c.cpython-310-x86_64-linux-gnu.so
[1.360s] -- Up-to-date symlink: /home/sun/ros2_ws/install/interfaces_pkg/local/lib/python3.10/dist-packages/interfaces_pkg/interfaces_pkg_s__rosidl_typesupport_introspection_c.cpython-310-x86_64-linux-gnu.so
[1.360s] -- Up-to-date symlink: /home/sun/ros2_ws/install/interfaces_pkg/local/lib/python3.10/dist-packages/interfaces_pkg/interfaces_pkg_s__rosidl_typesupport_c.cpython-310-x86_64-linux-gnu.so
[1.360s] -- Up-to-date symlink: /home/sun/ros2_ws/install/interfaces_pkg/share/interfaces_pkg/msg/Point2D.idl
[1.360s] -- Up-to-date symlink: /home/sun/ros2_ws/install/interfaces_pkg/share/interfaces_pkg/msg/Vector2.idl
[1.360s] -- Up-to-date symlink: /home/sun/ros2_ws/install/interfaces_pkg/share/interfaces_pkg/msg/Pose2D.idl
[1.360s] -- Up-to-date symlink: /home/sun/ros2_ws/install/interfaces_pkg/share/interfaces_pkg/msg/BoundingBox2D.idl
[1.361s] -- Up-to-date symlink: /home/sun/ros2_ws/install/interfaces_pkg/share/interfaces_pkg/msg/BoundingBox3D.idl
[1.361s] -- Up-to-date symlink: /home/sun/ros2_ws/install/interfaces_pkg/share/interfaces_pkg/msg/Mask.idl
[1.361s] -- Up-to-date symlink: /home/sun/ros2_ws/install/interfaces_pkg/share/interfaces_pkg/msg/KeyPoint2D.idl
[1.361s] -- Up-to-date symlink: /home/sun/ros2_ws/install/interfaces_pkg/share/interfaces_pkg/msg/KeyPoint2DArray.idl
[1.361s] -- Up-to-date symlink: /home/sun/ros2_ws/install/interfaces_pkg/share/interfaces_pkg/msg/KeyPoint3D.idl
[1.362s] -- Up-to-date symlink: /home/sun/ros2_ws/install/interfaces_pkg/share/interfaces_pkg/msg/KeyPoint3DArray.idl
[1.362s] -- Up-to-date symlink: /home/sun/ros2_ws/install/interfaces_pkg/share/interfaces_pkg/msg/Detection.idl
[1.362s] -- Up-to-date symlink: /home/sun/ros2_ws/install/interfaces_pkg/share/interfaces_pkg/msg/DetectionArray.idl
[1.362s] -- Up-to-date symlink: /home/sun/ros2_ws/install/interfaces_pkg/share/interfaces_pkg/msg/LaneInfo.idl
[1.363s] -- Up-to-date symlink: /home/sun/ros2_ws/install/interfaces_pkg/share/interfaces_pkg/msg/MotionCommand.idl
[1.363s] -- Up-to-date symlink: /home/sun/ros2_ws/install/interfaces_pkg/share/interfaces_pkg/msg/TargetPoint.idl
[1.363s] -- Up-to-date symlink: /home/sun/ros2_ws/install/interfaces_pkg/share/interfaces_pkg/msg/PathPlanningResult.idl
[1.363s] -- Up-to-date symlink: /home/sun/ros2_ws/install/interfaces_pkg/share/interfaces_pkg/msg/Point2D.msg
[1.364s] -- Up-to-date symlink: /home/sun/ros2_ws/install/interfaces_pkg/share/interfaces_pkg/msg/Vector2.msg
[1.364s] -- Up-to-date symlink: /home/sun/ros2_ws/install/interfaces_pkg/share/interfaces_pkg/msg/Pose2D.msg
[1.364s] -- Up-to-date symlink: /home/sun/ros2_ws/install/interfaces_pkg/share/interfaces_pkg/msg/BoundingBox2D.msg
[1.364s] -- Up-to-date symlink: /home/sun/ros2_ws/install/interfaces_pkg/share/interfaces_pkg/msg/BoundingBox3D.msg
[1.365s] -- Up-to-date symlink: /home/sun/ros2_ws/install/interfaces_pkg/share/interfaces_pkg/msg/Mask.msg
[1.365s] -- Up-to-date symlink: /home/sun/ros2_ws/install/interfaces_pkg/share/interfaces_pkg/msg/KeyPoint2D.msg
[1.365s] -- Up-to-date symlink: /home/sun/ros2_ws/install/interfaces_pkg/share/interfaces_pkg/msg/KeyPoint2DArray.msg
[1.365s] -- Up-to-date symlink: /home/sun/ros2_ws/install/interfaces_pkg/share/interfaces_pkg/msg/KeyPoint3D.msg
[1.365s] -- Up-to-date symlink: /home/sun/ros2_ws/install/interfaces_pkg/share/interfaces_pkg/msg/KeyPoint3DArray.msg
[1.366s] -- Up-to-date symlink: /home/sun/ros2_ws/install/interfaces_pkg/share/interfaces_pkg/msg/Detection.msg
[1.366s] -- Up-to-date symlink: /home/sun/ros2_ws/install/interfaces_pkg/share/interfaces_pkg/msg/DetectionArray.msg
[1.366s] -- Up-to-date symlink: /home/sun/ros2_ws/install/interfaces_pkg/share/interfaces_pkg/msg/LaneInfo.msg
[1.366s] -- Up-to-date symlink: /home/sun/ros2_ws/install/interfaces_pkg/share/interfaces_pkg/msg/MotionCommand.msg
[1.366s] -- Up-to-date symlink: /home/sun/ros2_ws/install/interfaces_pkg/share/interfaces_pkg/msg/TargetPoint.msg
[1.367s] -- Up-to-date symlink: /home/sun/ros2_ws/install/interfaces_pkg/share/interfaces_pkg/msg/PathPlanningResult.msg
[1.367s] -- Up-to-date symlink: /home/sun/ros2_ws/install/interfaces_pkg/share/ament_index/resource_index/package_run_dependencies/interfaces_pkg
[1.367s] -- Up-to-date symlink: /home/sun/ros2_ws/install/interfaces_pkg/share/ament_index/resource_index/parent_prefix_path/interfaces_pkg
[1.367s] -- Up-to-date symlink: /home/sun/ros2_ws/install/interfaces_pkg/share/interfaces_pkg/environment/ament_prefix_path.sh
[1.368s] -- Up-to-date symlink: /home/sun/ros2_ws/install/interfaces_pkg/share/interfaces_pkg/environment/ament_prefix_path.dsv
[1.368s] -- Up-to-date symlink: /home/sun/ros2_ws/install/interfaces_pkg/share/interfaces_pkg/environment/path.sh
[1.368s] -- Up-to-date symlink: /home/sun/ros2_ws/install/interfaces_pkg/share/interfaces_pkg/environment/path.dsv
[1.368s] -- Up-to-date symlink: /home/sun/ros2_ws/install/interfaces_pkg/share/interfaces_pkg/local_setup.bash
[1.368s] -- Up-to-date symlink: /home/sun/ros2_ws/install/interfaces_pkg/share/interfaces_pkg/local_setup.sh
[1.369s] -- Up-to-date symlink: /home/sun/ros2_ws/install/interfaces_pkg/share/interfaces_pkg/local_setup.zsh
[1.369s] -- Up-to-date symlink: /home/sun/ros2_ws/install/interfaces_pkg/share/interfaces_pkg/local_setup.dsv
[1.369s] -- Symlinking: /home/sun/ros2_ws/install/interfaces_pkg/share/interfaces_pkg/package.dsv
[1.384s] -- Up-to-date symlink: /home/sun/ros2_ws/install/interfaces_pkg/share/ament_index/resource_index/packages/interfaces_pkg
[1.384s] -- Up-to-date symlink: /home/sun/ros2_ws/install/interfaces_pkg/share/interfaces_pkg/cmake/rosidl_cmake-extras.cmake
[1.385s] -- Up-to-date symlink: /home/sun/ros2_ws/install/interfaces_pkg/share/interfaces_pkg/cmake/ament_cmake_export_dependencies-extras.cmake
[1.385s] -- Up-to-date symlink: /home/sun/ros2_ws/install/interfaces_pkg/share/interfaces_pkg/cmake/ament_cmake_export_include_directories-extras.cmake
[1.385s] -- Up-to-date symlink: /home/sun/ros2_ws/install/interfaces_pkg/share/interfaces_pkg/cmake/ament_cmake_export_libraries-extras.cmake
[1.385s] -- Up-to-date symlink: /home/sun/ros2_ws/install/interfaces_pkg/share/interfaces_pkg/cmake/ament_cmake_export_targets-extras.cmake
[1.386s] -- Up-to-date symlink: /home/sun/ros2_ws/install/interfaces_pkg/share/interfaces_pkg/cmake/rosidl_cmake_export_typesupport_targets-extras.cmake
[1.386s] -- Up-to-date symlink: /home/sun/ros2_ws/install/interfaces_pkg/share/interfaces_pkg/cmake/rosidl_cmake_export_typesupport_libraries-extras.cmake
[1.386s] -- Up-to-date symlink: /home/sun/ros2_ws/install/interfaces_pkg/share/interfaces_pkg/cmake/interfaces_pkgConfig.cmake
[1.386s] -- Up-to-date symlink: /home/sun/ros2_ws/install/interfaces_pkg/share/interfaces_pkg/cmake/interfaces_pkgConfig-version.cmake
[1.386s] -- Up-to-date symlink: /home/sun/ros2_ws/install/interfaces_pkg/share/interfaces_pkg/package.xml
[1.387s] -- Up-to-date: /home/sun/ros2_ws/install/interfaces_pkg/lib/libinterfaces_pkg__rosidl_generator_c.so
[1.388s] -- Up-to-date: /home/sun/ros2_ws/install/interfaces_pkg/lib/libinterfaces_pkg__rosidl_typesupport_fastrtps_c.so
[1.388s] -- Up-to-date: /home/sun/ros2_ws/install/interfaces_pkg/lib/libinterfaces_pkg__rosidl_typesupport_introspection_c.so
[1.388s] -- Up-to-date: /home/sun/ros2_ws/install/interfaces_pkg/lib/libinterfaces_pkg__rosidl_typesupport_c.so
[1.388s] -- Up-to-date: /home/sun/ros2_ws/install/interfaces_pkg/lib/libinterfaces_pkg__rosidl_typesupport_fastrtps_cpp.so
[1.389s] -- Up-to-date: /home/sun/ros2_ws/install/interfaces_pkg/lib/libinterfaces_pkg__rosidl_typesupport_introspection_cpp.so
[1.389s] -- Up-to-date: /home/sun/ros2_ws/install/interfaces_pkg/lib/libinterfaces_pkg__rosidl_typesupport_cpp.so
[1.451s] Listing '/home/sun/ros2_ws/install/interfaces_pkg/local/lib/python3.10/dist-packages/interfaces_pkg'...
[1.451s] Listing '/home/sun/ros2_ws/install/interfaces_pkg/local/lib/python3.10/dist-packages/interfaces_pkg/msg'...
[1.458s] -- Up-to-date: /home/sun/ros2_ws/install/interfaces_pkg/lib/libinterfaces_pkg__rosidl_generator_py.so
[1.459s] -- Up-to-date: /home/sun/ros2_ws/install/interfaces_pkg/share/interfaces_pkg/cmake/export_interfaces_pkg__rosidl_generator_cExport.cmake
[1.459s] -- Up-to-date: /home/sun/ros2_ws/install/interfaces_pkg/share/interfaces_pkg/cmake/export_interfaces_pkg__rosidl_generator_cExport-noconfig.cmake
[1.459s] -- Up-to-date: /home/sun/ros2_ws/install/interfaces_pkg/share/interfaces_pkg/cmake/export_interfaces_pkg__rosidl_typesupport_fastrtps_cExport.cmake
[1.460s] -- Up-to-date: /home/sun/ros2_ws/install/interfaces_pkg/share/interfaces_pkg/cmake/export_interfaces_pkg__rosidl_typesupport_fastrtps_cExport-noconfig.cmake
[1.460s] -- Up-to-date: /home/sun/ros2_ws/install/interfaces_pkg/share/interfaces_pkg/cmake/interfaces_pkg__rosidl_typesupport_introspection_cExport.cmake
[1.460s] -- Up-to-date: /home/sun/ros2_ws/install/interfaces_pkg/share/interfaces_pkg/cmake/interfaces_pkg__rosidl_typesupport_introspection_cExport-noconfig.cmake
[1.460s] -- Up-to-date: /home/sun/ros2_ws/install/interfaces_pkg/share/interfaces_pkg/cmake/interfaces_pkg__rosidl_typesupport_cExport.cmake
[1.460s] -- Up-to-date: /home/sun/ros2_ws/install/interfaces_pkg/share/interfaces_pkg/cmake/interfaces_pkg__rosidl_typesupport_cExport-noconfig.cmake
[1.460s] -- Up-to-date: /home/sun/ros2_ws/install/interfaces_pkg/share/interfaces_pkg/cmake/export_interfaces_pkg__rosidl_generator_cppExport.cmake
[1.460s] -- Up-to-date: /home/sun/ros2_ws/install/interfaces_pkg/share/interfaces_pkg/cmake/export_interfaces_pkg__rosidl_typesupport_fastrtps_cppExport.cmake
[1.460s] -- Up-to-date: /home/sun/ros2_ws/install/interfaces_pkg/share/interfaces_pkg/cmake/export_interfaces_pkg__rosidl_typesupport_fastrtps_cppExport-noconfig.cmake
[1.461s] -- Up-to-date: /home/sun/ros2_ws/install/interfaces_pkg/share/interfaces_pkg/cmake/interfaces_pkg__rosidl_typesupport_introspection_cppExport.cmake
[1.461s] -- Up-to-date: /home/sun/ros2_ws/install/interfaces_pkg/share/interfaces_pkg/cmake/interfaces_pkg__rosidl_typesupport_introspection_cppExport-noconfig.cmake
[1.461s] -- Up-to-date: /home/sun/ros2_ws/install/interfaces_pkg/share/interfaces_pkg/cmake/interfaces_pkg__rosidl_typesupport_cppExport.cmake
[1.461s] -- Up-to-date: /home/sun/ros2_ws/install/interfaces_pkg/share/interfaces_pkg/cmake/interfaces_pkg__rosidl_typesupport_cppExport-noconfig.cmake
[1.461s] -- Up-to-date: /home/sun/ros2_ws/install/interfaces_pkg/share/interfaces_pkg/cmake/export_interfaces_pkg__rosidl_generator_pyExport.cmake
[1.461s] -- Up-to-date: /home/sun/ros2_ws/install/interfaces_pkg/share/interfaces_pkg/cmake/export_interfaces_pkg__rosidl_generator_pyExport-noconfig.cmake
[1.467s] Invoked command in '/home/sun/ros2_ws/build/interfaces_pkg' returned '0': CMAKE_PREFIX_PATH=${CMAKE_PREFIX_PATH}:/home/sun/ros2_ws/install/serial_communication_pkg:/home/sun/ros2_ws/install/lidar_perception_pkg:/home/sun/ros2_ws/install/decision_making_pkg:/home/sun/ros2_ws/install/debug_pkg:/home/sun/ros2_ws/install/camera_perception_pkg:/opt/ros/humble /usr/bin/cmake --install /home/sun/ros2_ws/build/interfaces_pkg
